2020/03/08 08:41:36.701 [D] [server.go:2802]  |            ::1|[97;42m 200 [0m| 1.322596666s|   match|[97;46m POST    [0m /v1/user/login   r:/v1/user/login
2020/03/08 08:41:36.795 [D] [server.go:2802]  |            ::1|[97;42m 200 [0m|     26.558µs| nomatch|[90;47m OPTIONS [0m /v1/token/validate
2020/03/08 08:41:36.797 [D] [server.go:2802]  |            ::1|[97;42m 200 [0m|    556.662µs|   match|[97;44m GET     [0m /v1/token/validate   r:/v1/token/validate
2020/03/08 08:45:00.380 [D] [server.go:2802]  |            ::1|[97;42m 200 [0m|      27.85µs| nomatch|[90;47m OPTIONS [0m /v1/token/validate
2020/03/08 08:45:00.383 [D] [server.go:2802]  |            ::1|[97;42m 200 [0m|    554.846µs|   match|[97;44m GET     [0m /v1/token/validate   r:/v1/token/validate
2020/03/08 08:45:35.619 [D] [server.go:2802]  |            ::1|[97;42m 200 [0m|     29.228µs| nomatch|[90;47m OPTIONS [0m /v1/token/validate
2020/03/08 08:45:35.621 [D] [server.go:2802]  |            ::1|[97;42m 200 [0m|    575.865µs|   match|[97;44m GET     [0m /v1/token/validate   r:/v1/token/validate
2020/03/08 08:46:02.535 [D] [server.go:2802]  |            ::1|[97;42m 200 [0m|     23.114µs| nomatch|[90;47m OPTIONS [0m /v1/token/validate
2020/03/08 08:46:02.537 [D] [server.go:2802]  |            ::1|[97;42m 200 [0m|     506.66µs|   match|[97;44m GET     [0m /v1/token/validate   r:/v1/token/validate
2020/03/08 08:46:11.112 [D] [server.go:2802]  |            ::1|[97;42m 200 [0m|     19.194µs| nomatch|[90;47m OPTIONS [0m /v1/token/validate
2020/03/08 08:46:11.115 [D] [server.go:2802]  |            ::1|[97;42m 200 [0m|    714.126µs|   match|[97;44m GET     [0m /v1/token/validate   r:/v1/token/validate
2020/03/08 08:46:32.845 [D] [server.go:2802]  |            ::1|[97;42m 200 [0m|     18.198µs| nomatch|[90;47m OPTIONS [0m /v1/token/validate
2020/03/08 08:46:32.848 [D] [server.go:2802]  |            ::1|[97;42m 200 [0m|    631.302µs|   match|[97;44m GET     [0m /v1/token/validate   r:/v1/token/validate
2020/03/09 16:26:44.305 [I] [asm_amd64.s:1357]  http server Running on http://:9905
2020/03/09 16:35:29.080 [D] [server.go:2802]  |            ::1|[97;42m 200 [0m| 2.234622935s|   match|[97;46m POST    [0m /v1/user/login   r:/v1/user/login
2020/03/09 16:35:29.893 [D] [server.go:2802]  |            ::1|[97;42m 200 [0m|     19.991µs| nomatch|[90;47m OPTIONS [0m /v1/token/validate
2020/03/09 16:35:29.896 [D] [server.go:2802]  |            ::1|[97;42m 200 [0m|    863.153µs|   match|[97;44m GET     [0m /v1/token/validate   r:/v1/token/validate
2020/03/09 16:35:30.397 [D] [server.go:2802]  |            ::1|[97;42m 200 [0m| 495.808635ms|   match|[97;44m GET     [0m /files/uploads/images/20200307172527-endy.apina@my-gpi.io-landing.png
2020/03/09 16:35:33.756 [D] [server.go:2802]  |            ::1|[97;42m 200 [0m|    648.757µs|   match|[97;44m GET     [0m /v1/token/validate   r:/v1/token/validate
2020/03/09 16:35:34.616 [D] [server.go:2802]  |            ::1|[97;42m 200 [0m|    519.633µs|   match|[97;44m GET     [0m /v1/token/validate   r:/v1/token/validate
2020/03/09 16:35:52.435 [D] [server.go:2802]  |            ::1|[97;42m 200 [0m|     14.436µs| nomatch|[90;47m OPTIONS [0m /v1/token/validate
2020/03/09 16:35:52.438 [D] [server.go:2802]  |            ::1|[97;42m 200 [0m|    655.805µs|   match|[97;44m GET     [0m /v1/token/validate   r:/v1/token/validate
2020/03/09 17:08:55.858 [D] [server.go:2802]  |            ::1|[97;42m 200 [0m|     27.965µs| nomatch|[90;47m OPTIONS [0m /v1/token/validate
2020/03/09 17:08:55.860 [D] [server.go:2802]  |            ::1|[97;42m 200 [0m|    695.962µs|   match|[97;44m GET     [0m /v1/token/validate   r:/v1/token/validate
2020/03/09 17:08:58.054 [D] [server.go:2802]  |            ::1|[97;42m 200 [0m|    553.525µs|   match|[97;44m GET     [0m /v1/token/validate   r:/v1/token/validate
2020/03/09 17:10:22.308 [D] [server.go:2802]  |            ::1|[97;42m 200 [0m|     36.333µs| nomatch|[90;47m OPTIONS [0m /v1/token/validate
2020/03/09 17:10:22.311 [D] [server.go:2802]  |            ::1|[97;42m 200 [0m|    760.903µs|   match|[97;44m GET     [0m /v1/token/validate   r:/v1/token/validate
2020/03/09 17:10:41.746 [D] [server.go:2802]  |            ::1|[97;42m 200 [0m|     20.005µs| nomatch|[90;47m OPTIONS [0m /v1/token/validate
2020/03/09 17:10:41.749 [D] [server.go:2802]  |            ::1|[97;42m 200 [0m|    690.017µs|   match|[97;44m GET     [0m /v1/token/validate   r:/v1/token/validate
2020/03/09 17:10:47.410 [D] [server.go:2802]  |            ::1|[97;42m 200 [0m|     16.046µs| nomatch|[90;47m OPTIONS [0m /v1/token/validate
2020/03/09 17:10:47.413 [D] [server.go:2802]  |            ::1|[97;42m 200 [0m|     783.32µs|   match|[97;44m GET     [0m /v1/token/validate   r:/v1/token/validate
2020/03/11 10:13:08.112 [I] [asm_amd64.s:1357]  http server Running on http://:9905
2020/03/11 10:14:58.514 [D] [server.go:2802]  |            ::1|[97;42m 200 [0m| 1.645255615s|   match|[97;46m POST    [0m /v1/user/login   r:/v1/user/login
2020/03/11 10:15:00.216 [D] [server.go:2802]  |            ::1|[97;42m 200 [0m|     29.641µs| nomatch|[90;47m OPTIONS [0m /v1/token/validate
2020/03/11 10:15:00.218 [D] [server.go:2802]  |            ::1|[97;42m 200 [0m|    779.103µs|   match|[97;44m GET     [0m /v1/token/validate   r:/v1/token/validate
2020/03/11 10:15:02.292 [D] [server.go:2802]  |            ::1|[97;42m 200 [0m|    568.029µs|   match|[97;44m GET     [0m /v1/token/validate   r:/v1/token/validate
2020/03/11 10:15:37.432 [D] [server.go:2802]  |            ::1|[97;42m 200 [0m| 1.021461791s|   match|[97;46m POST    [0m /v1/user/login   r:/v1/user/login
2020/03/11 10:15:37.533 [D] [server.go:2802]  |            ::1|[97;42m 200 [0m|     18.689µs| nomatch|[90;47m OPTIONS [0m /v1/token/validate
2020/03/11 10:15:37.536 [D] [server.go:2802]  |            ::1|[97;42m 200 [0m|   1.155356ms|   match|[97;44m GET     [0m /v1/token/validate   r:/v1/token/validate
2020/03/11 10:15:39.682 [D] [server.go:2802]  |            ::1|[97;42m 200 [0m|    587.781µs|   match|[97;44m GET     [0m /v1/token/validate   r:/v1/token/validate
2020/03/11 10:21:55.369 [D] [server.go:2802]  |            ::1|[97;42m 200 [0m|  1.01778642s|   match|[97;46m POST    [0m /v1/user/login   r:/v1/user/login
2020/03/11 10:21:55.453 [D] [server.go:2802]  |            ::1|[97;42m 200 [0m|      16.03µs| nomatch|[90;47m OPTIONS [0m /v1/token/validate
2020/03/11 10:21:55.457 [D] [server.go:2802]  |            ::1|[97;42m 200 [0m|    793.508µs|   match|[97;44m GET     [0m /v1/token/validate   r:/v1/token/validate
2020/03/11 10:21:56.919 [D] [server.go:2802]  |            ::1|[97;42m 200 [0m|    597.203µs|   match|[97;44m GET     [0m /v1/token/validate   r:/v1/token/validate
2020/03/11 10:21:57.422 [D] [server.go:2802]  |            ::1|[97;42m 200 [0m|    814.057µs|   match|[97;44m GET     [0m /v1/token/validate   r:/v1/token/validate
2020/03/11 10:21:58.333 [D] [server.go:2802]  |            ::1|[97;42m 200 [0m|    686.593µs|   match|[97;44m GET     [0m /v1/token/validate   r:/v1/token/validate
2020/03/11 10:22:21.077 [D] [server.go:2802]  |            ::1|[97;42m 200 [0m|      15.84µs| nomatch|[90;47m OPTIONS [0m /v1/token/validate
2020/03/11 10:22:21.080 [D] [server.go:2802]  |            ::1|[97;42m 200 [0m|    578.125µs|   match|[97;44m GET     [0m /v1/token/validate   r:/v1/token/validate
2020/03/11 10:22:29.304 [D] [server.go:2802]  |            ::1|[97;42m 200 [0m|     15.881µs| nomatch|[90;47m OPTIONS [0m /v1/token/validate
2020/03/11 10:22:29.306 [D] [server.go:2802]  |            ::1|[97;42m 200 [0m|    668.136µs|   match|[97;44m GET     [0m /v1/token/validate   r:/v1/token/validate
2020/03/11 10:22:46.124 [D] [server.go:2802]  |            ::1|[97;42m 200 [0m| 2.081646287s|   match|[97;46m POST    [0m /v1/user/login   r:/v1/user/login
2020/03/11 10:22:46.231 [D] [server.go:2802]  |            ::1|[97;42m 200 [0m|     17.513µs| nomatch|[90;47m OPTIONS [0m /v1/token/validate
2020/03/11 10:22:46.233 [D] [server.go:2802]  |            ::1|[97;42m 200 [0m|    695.923µs|   match|[97;44m GET     [0m /v1/token/validate   r:/v1/token/validate
2020/03/11 10:22:47.644 [D] [server.go:2802]  |            ::1|[97;42m 200 [0m|     596.97µs|   match|[97;44m GET     [0m /v1/token/validate   r:/v1/token/validate
2020/03/17 23:35:32.338 [I] [asm_amd64.s:1357]  http server Running on http://:9905
2020/03/17 23:35:45.637 [D] [server.go:2802]  |            ::1|[97;42m 200 [0m| 5.047536545s|   match|[97;46m POST    [0m /v1/user/login   r:/v1/user/login
2020/03/17 23:36:15.451 [D] [server.go:2802]  |            ::1|[97;42m 200 [0m| 1.730874018s|   match|[97;46m POST    [0m /v1/user/login   r:/v1/user/login
2020/03/17 23:36:17.151 [D] [server.go:2802]  |            ::1|[97;42m 200 [0m|     84.084µs| nomatch|[90;47m OPTIONS [0m /v1/token/validate
2020/03/17 23:36:17.162 [D] [server.go:2802]  |            ::1|[97;42m 200 [0m|    4.81979ms|   match|[97;44m GET     [0m /v1/token/validate   r:/v1/token/validate
2020/03/17 23:36:17.650 [D] [server.go:2802]  |            ::1|[97;42m 200 [0m| 470.767923ms|   match|[97;44m GET     [0m /files/uploads/images/20200307172527-endy.apina@my-gpi.io-landing.png
2020/03/17 23:36:33.817 [D] [server.go:2802]  |            ::1|[97;42m 200 [0m|     14.744µs| nomatch|[90;47m OPTIONS [0m /v1/token/validate
2020/03/17 23:36:33.820 [D] [server.go:2802]  |            ::1|[97;42m 200 [0m|    730.157µs|   match|[97;44m GET     [0m /v1/token/validate   r:/v1/token/validate
2020/03/17 23:37:22.692 [D] [server.go:2802]  |            ::1|[97;42m 200 [0m| 1.397307722s|   match|[97;46m POST    [0m /v1/user/login   r:/v1/user/login
2020/03/17 23:37:22.781 [D] [server.go:2802]  |            ::1|[97;42m 200 [0m|     20.943µs| nomatch|[90;47m OPTIONS [0m /v1/token/validate
2020/03/17 23:37:22.783 [D] [server.go:2802]  |            ::1|[97;42m 200 [0m|    612.418µs|   match|[97;44m GET     [0m /v1/token/validate   r:/v1/token/validate
2020/03/17 23:37:30.993 [D] [server.go:2802]  |            ::1|[97;42m 200 [0m|     18.211µs| nomatch|[90;47m OPTIONS [0m /v1/token/validate
2020/03/17 23:37:30.996 [D] [server.go:2802]  |            ::1|[97;42m 200 [0m|    725.671µs|   match|[97;44m GET     [0m /v1/token/validate   r:/v1/token/validate
2020/03/17 23:37:55.829 [D] [server.go:2802]  |            ::1|[97;42m 200 [0m|     15.411µs| nomatch|[90;47m OPTIONS [0m /v1/token/validate
2020/03/17 23:37:55.832 [D] [server.go:2802]  |            ::1|[97;42m 200 [0m|    695.134µs|   match|[97;44m GET     [0m /v1/token/validate   r:/v1/token/validate
2020/03/17 23:37:57.907 [D] [server.go:2802]  |            ::1|[97;42m 200 [0m|    527.419µs|   match|[97;44m GET     [0m /v1/token/validate   r:/v1/token/validate
2020/03/17 23:44:59.328 [D] [server.go:2802]  |            ::1|[97;42m 200 [0m|     47.319µs| nomatch|[90;47m OPTIONS [0m /v1/token/validate
2020/03/17 23:44:59.517 [D] [server.go:2802]  |            ::1|[97;42m 200 [0m| 147.197875ms|   match|[97;44m GET     [0m /v1/token/validate   r:/v1/token/validate
2020/03/17 23:46:50.513 [D] [server.go:2802]  |            ::1|[97;42m 200 [0m|      18.21µs| nomatch|[90;47m OPTIONS [0m /v1/token/validate
2020/03/17 23:46:50.516 [D] [server.go:2802]  |            ::1|[97;42m 200 [0m|    654.765µs|   match|[97;44m GET     [0m /v1/token/validate   r:/v1/token/validate
2020/03/17 23:47:24.483 [D] [server.go:2802]  |            ::1|[97;42m 200 [0m|     27.177µs| nomatch|[90;47m OPTIONS [0m /v1/token/validate
2020/03/17 23:47:24.486 [D] [server.go:2802]  |            ::1|[97;42m 200 [0m|    664.275µs|   match|[97;44m GET     [0m /v1/token/validate   r:/v1/token/validate
2020/03/17 23:49:55.638 [D] [server.go:2802]  |            ::1|[97;42m 200 [0m|     15.492µs| nomatch|[90;47m OPTIONS [0m /v1/token/validate
2020/03/17 23:49:55.640 [D] [server.go:2802]  |            ::1|[97;42m 200 [0m|    795.837µs|   match|[97;44m GET     [0m /v1/token/validate   r:/v1/token/validate
2020/03/17 23:50:34.299 [D] [server.go:2802]  |            ::1|[97;42m 200 [0m|     14.214µs| nomatch|[90;47m OPTIONS [0m /v1/token/validate
2020/03/17 23:50:34.301 [D] [server.go:2802]  |            ::1|[97;42m 200 [0m|    764.997µs|   match|[97;44m GET     [0m /v1/token/validate   r:/v1/token/validate
2020/03/17 23:51:47.037 [D] [server.go:2802]  |            ::1|[97;42m 200 [0m|     18.177µs| nomatch|[90;47m OPTIONS [0m /v1/token/validate
2020/03/17 23:51:47.039 [D] [server.go:2802]  |            ::1|[97;42m 200 [0m|    743.381µs|   match|[97;44m GET     [0m /v1/token/validate   r:/v1/token/validate
2020/03/17 23:58:17.644 [D] [server.go:2802]  |            ::1|[97;42m 200 [0m|     35.723µs| nomatch|[90;47m OPTIONS [0m /v1/token/validate
2020/03/17 23:58:17.647 [D] [server.go:2802]  |            ::1|[97;42m 200 [0m|    676.275µs|   match|[97;44m GET     [0m /v1/token/validate   r:/v1/token/validate
2020/03/17 23:58:52.232 [D] [server.go:2802]  |            ::1|[97;42m 200 [0m|     16.839µs| nomatch|[90;47m OPTIONS [0m /v1/token/validate
2020/03/17 23:58:52.234 [D] [server.go:2802]  |            ::1|[97;42m 200 [0m|    552.842µs|   match|[97;44m GET     [0m /v1/token/validate   r:/v1/token/validate
2020/03/17 23:59:19.030 [D] [server.go:2802]  |            ::1|[97;42m 200 [0m|     17.937µs| nomatch|[90;47m OPTIONS [0m /v1/token/validate
2020/03/17 23:59:19.032 [D] [server.go:2802]  |            ::1|[97;42m 200 [0m|    574.138µs|   match|[97;44m GET     [0m /v1/token/validate   r:/v1/token/validate
2020/03/17 23:59:31.233 [D] [server.go:2802]  |            ::1|[97;42m 200 [0m|     13.923µs| nomatch|[90;47m OPTIONS [0m /v1/token/validate
2020/03/17 23:59:31.235 [D] [server.go:2802]  |            ::1|[97;42m 200 [0m|    748.611µs|   match|[97;44m GET     [0m /v1/token/validate   r:/v1/token/validate
