2020/01/10 13:13:48.259 [I] [asm_amd64.s:1357]  http server Running on http://:9909
2020/01/10 13:13:48.260 [I] [asm_amd64.s:1357]  https server Running on https://:9905
2020/01/10 13:13:48.261 [C] [asm_amd64.s:1357]  ListenAndServeTLS:  open /etc/letsencrypt/live/my-gpitools.com/cert.pem: no such file or directory
2020/01/10 13:14:46.994 [I] [asm_amd64.s:1357]  http server Running on http://:9905
2020/01/10 15:17:15.718 [I] [asm_amd64.s:1357]  http server Running on http://:9905
2020/01/10 15:17:58.941 [D] [server.go:2802]  |            ::1|[97;42m 200 [0m| 2.087990239s|   match|[97;46m POST    [0m /v1/user/login   r:/v1/user/login
2020/01/10 15:17:59.186 [D] [server.go:2802]  |            ::1|[97;42m 200 [0m|     41.357µs| nomatch|[90;47m OPTIONS [0m /v1/token/validate
2020/01/10 15:17:59.191 [D] [server.go:2802]  |            ::1|[97;42m 200 [0m|   1.811989ms|   match|[97;44m GET     [0m /v1/token/validate   r:/v1/token/validate
2020/01/10 15:18:02.707 [D] [server.go:2802]  |            ::1|[97;42m 200 [0m|   1.165486ms|   match|[97;44m GET     [0m /v1/token/validate   r:/v1/token/validate
2020/01/10 15:20:10.072 [D] [server.go:2802]  |            ::1|[97;42m 200 [0m|    218.255µs|   match|[97;46m POST    [0m /v1/user/login   r:/v1/user/login
2020/01/10 15:20:13.202 [D] [server.go:2802]  |            ::1|[97;42m 200 [0m|     14.412µs| nomatch|[90;47m OPTIONS [0m /v1/admin/hro/
2020/01/10 15:20:13.204 [D] [server.go:2802]  |            ::1|[97;42m 200 [0m|     20.485µs| nomatch|[90;47m OPTIONS [0m /v1/admin/teamlead/
2020/01/10 15:20:13.209 [D] [server.go:2802]  |            ::1|[97;42m 200 [0m|     22.062µs| nomatch|[90;47m OPTIONS [0m /v1/admin/frontdesk/
2020/01/10 15:20:13.214 [D] [server.go:2802]  |            ::1|[97;42m 200 [0m|     44.306µs| nomatch|[90;47m OPTIONS [0m /v1/admin/vmsadmin/
2020/01/10 15:20:13.307 [D] [server.go:2802]  |            ::1|[97;42m 200 [0m|   1.258046ms|   match|[97;44m GET     [0m /v1/admin/hro/   r:/v1/admin/hro/
2020/01/10 15:20:13.318 [D] [server.go:2802]  |            ::1|[97;42m 200 [0m|   6.900204ms|   match|[97;44m GET     [0m /v1/admin/teamlead/   r:/v1/admin/teamlead/
2020/01/10 15:20:13.318 [D] [server.go:2802]  |            ::1|[97;42m 200 [0m|   5.817272ms|   match|[97;44m GET     [0m /v1/admin/frontdesk/   r:/v1/admin/frontdesk/
2020/01/10 15:20:13.319 [D] [server.go:2802]  |            ::1|[97;42m 200 [0m|   2.519143ms|   match|[97;44m GET     [0m /v1/admin/vmsadmin/   r:/v1/admin/vmsadmin/
2020/01/10 15:20:25.082 [D] [server.go:2802]  |            ::1|[97;42m 200 [0m|    155.319µs| nomatch|[90;47m OPTIONS [0m /v1/admin/teamlead/8
2020/01/10 15:20:25.479 [D] [server.go:2802]  |            ::1|[97;42m 200 [0m| 381.278733ms|   match|[97;41m DELETE  [0m /v1/admin/teamlead/8   r:/v1/admin/teamlead/:id
2020/01/10 15:20:27.988 [D] [server.go:2802]  |            ::1|[97;42m 200 [0m|     15.615µs| nomatch|[90;47m OPTIONS [0m /v1/admin/hro/
2020/01/10 15:20:27.989 [D] [server.go:2802]  |            ::1|[97;42m 200 [0m|     21.594µs| nomatch|[90;47m OPTIONS [0m /v1/admin/teamlead/
2020/01/10 15:20:27.995 [D] [server.go:2802]  |            ::1|[97;42m 200 [0m|     25.588µs| nomatch|[90;47m OPTIONS [0m /v1/admin/frontdesk/
2020/01/10 15:20:27.998 [D] [server.go:2802]  |            ::1|[97;42m 200 [0m|     20.824µs| nomatch|[90;47m OPTIONS [0m /v1/admin/vmsadmin/
2020/01/10 15:20:28.051 [D] [server.go:2802]  |            ::1|[97;42m 200 [0m|    976.436µs|   match|[97;44m GET     [0m /v1/admin/hro/   r:/v1/admin/hro/
2020/01/10 15:20:28.059 [D] [server.go:2802]  |            ::1|[97;42m 200 [0m|    1.89566ms|   match|[97;44m GET     [0m /v1/admin/teamlead/   r:/v1/admin/teamlead/
2020/01/10 15:20:28.061 [D] [server.go:2802]  |            ::1|[97;42m 200 [0m|   3.637635ms|   match|[97;44m GET     [0m /v1/admin/frontdesk/   r:/v1/admin/frontdesk/
2020/01/10 15:20:28.064 [D] [server.go:2802]  |            ::1|[97;42m 200 [0m|   6.210939ms|   match|[97;44m GET     [0m /v1/admin/vmsadmin/   r:/v1/admin/vmsadmin/
2020/01/10 15:20:43.438 [D] [server.go:2802]  |            ::1|[97;42m 200 [0m| 1.611605896s|   match|[97;46m POST    [0m /v1/user/login   r:/v1/user/login
2020/01/10 15:20:43.635 [D] [server.go:2802]  |            ::1|[97;42m 200 [0m|     15.501µs| nomatch|[90;47m OPTIONS [0m /v1/token/validate
2020/01/10 15:20:43.640 [D] [server.go:2802]  |            ::1|[97;42m 200 [0m|   2.266192ms|   match|[97;44m GET     [0m /v1/token/validate   r:/v1/token/validate
2020/01/10 15:20:46.363 [D] [server.go:2802]  |            ::1|[97;42m 200 [0m|   1.470839ms|   match|[97;44m GET     [0m /v1/token/validate   r:/v1/token/validate
2020/01/10 15:20:48.686 [D] [server.go:2802]  |            ::1|[97;42m 200 [0m|     49.228µs| nomatch|[90;47m OPTIONS [0m /v1/token/validate
2020/01/10 15:20:48.690 [D] [server.go:2802]  |            ::1|[97;42m 200 [0m|    836.342µs|   match|[97;44m GET     [0m /v1/token/validate   r:/v1/token/validate
2020/01/10 15:20:50.197 [D] [server.go:2802]  |            ::1|[97;42m 200 [0m|    632.765µs|   match|[97;44m GET     [0m /v1/token/validate   r:/v1/token/validate
2020/01/10 15:20:51.427 [D] [server.go:2802]  |            ::1|[97;42m 200 [0m|   1.578287ms|   match|[97;44m GET     [0m /v1/token/validate   r:/v1/token/validate
2020/01/10 15:24:14.698 [D] [server.go:2802]  |            ::1|[97;42m 200 [0m|     16.184µs| nomatch|[90;47m OPTIONS [0m /v1/token/validate
2020/01/10 15:24:14.701 [D] [server.go:2802]  |            ::1|[97;42m 200 [0m|    782.091µs|   match|[97;44m GET     [0m /v1/token/validate   r:/v1/token/validate
2020/01/10 15:24:52.090 [D] [server.go:2802]  |            ::1|[97;42m 200 [0m|     37.746µs| nomatch|[90;47m OPTIONS [0m /v1/token/validate
2020/01/10 15:24:52.095 [D] [server.go:2802]  |            ::1|[97;42m 200 [0m|    861.828µs|   match|[97;44m GET     [0m /v1/token/validate   r:/v1/token/validate
2020/01/10 15:24:54.660 [D] [server.go:2802]  |            ::1|[97;42m 200 [0m|    544.569µs|   match|[97;44m GET     [0m /v1/token/validate   r:/v1/token/validate
2020/01/10 15:25:03.861 [D] [server.go:2802]  |            ::1|[97;42m 200 [0m|    284.959µs| nomatch|[90;47m OPTIONS [0m /v1/token/validate
2020/01/10 15:25:03.866 [D] [server.go:2802]  |            ::1|[97;42m 200 [0m|    720.974µs|   match|[97;44m GET     [0m /v1/token/validate   r:/v1/token/validate
2020/01/10 15:25:05.917 [D] [server.go:2802]  |            ::1|[97;42m 200 [0m|    801.158µs|   match|[97;44m GET     [0m /v1/token/validate   r:/v1/token/validate
2020/01/10 15:25:10.175 [D] [server.go:2802]  |            ::1|[97;42m 200 [0m|     40.831µs| nomatch|[90;47m OPTIONS [0m /v1/token/validate
2020/01/10 15:25:10.179 [D] [server.go:2802]  |            ::1|[97;42m 200 [0m|    894.952µs|   match|[97;44m GET     [0m /v1/token/validate   r:/v1/token/validate
2020/01/10 15:25:13.838 [D] [server.go:2802]  |            ::1|[97;42m 200 [0m|    534.909µs|   match|[97;44m GET     [0m /v1/token/validate   r:/v1/token/validate
2020/01/10 15:25:16.935 [D] [server.go:2802]  |            ::1|[97;42m 200 [0m|     19.887µs| nomatch|[90;47m OPTIONS [0m /v1/token/validate
2020/01/10 15:25:16.938 [D] [server.go:2802]  |            ::1|[97;42m 200 [0m|    814.054µs|   match|[97;44m GET     [0m /v1/token/validate   r:/v1/token/validate
2020/01/10 15:25:18.539 [D] [server.go:2802]  |            ::1|[97;42m 200 [0m|    979.415µs|   match|[97;44m GET     [0m /v1/token/validate   r:/v1/token/validate
2020/01/10 15:28:09.360 [D] [server.go:2802]  |            ::1|[97;42m 200 [0m|    157.024µs|   match|[97;46m POST    [0m /v1/user/login   r:/v1/user/login
2020/01/10 15:28:13.045 [D] [server.go:2802]  |            ::1|[97;42m 200 [0m|     21.507µs| nomatch|[90;47m OPTIONS [0m /v1/admin/hro/
2020/01/10 15:28:13.048 [D] [server.go:2802]  |            ::1|[97;42m 200 [0m|     34.432µs| nomatch|[90;47m OPTIONS [0m /v1/admin/teamlead/
2020/01/10 15:28:13.203 [D] [server.go:2802]  |            ::1|[97;42m 200 [0m|     47.134µs| nomatch|[90;47m OPTIONS [0m /v1/admin/frontdesk/
2020/01/10 15:28:13.387 [D] [server.go:2802]  |            ::1|[97;42m 200 [0m|     48.536µs| nomatch|[90;47m OPTIONS [0m /v1/admin/vmsadmin/
2020/01/10 15:28:14.110 [D] [server.go:2802]  |            ::1|[97;42m 200 [0m|   1.329117ms|   match|[97;44m GET     [0m /v1/admin/hro/   r:/v1/admin/hro/
2020/01/10 15:28:14.119 [D] [server.go:2802]  |            ::1|[97;42m 200 [0m|    468.707µs|   match|[97;44m GET     [0m /v1/admin/teamlead/   r:/v1/admin/teamlead/
2020/01/10 15:28:14.119 [D] [server.go:2802]  |            ::1|[97;42m 200 [0m|   1.187348ms|   match|[97;44m GET     [0m /v1/admin/frontdesk/   r:/v1/admin/frontdesk/
2020/01/10 15:28:14.120 [D] [server.go:2802]  |            ::1|[97;42m 200 [0m|   1.190904ms|   match|[97;44m GET     [0m /v1/admin/vmsadmin/   r:/v1/admin/vmsadmin/
2020/01/10 15:37:40.240 [D] [server.go:2802]  |            ::1|[97;42m 200 [0m| 995.280657ms|   match|[97;46m POST    [0m /v1/user/login   r:/v1/user/login
2020/01/10 15:38:17.674 [D] [server.go:2802]  |            ::1|[97;42m 200 [0m| 1.292697451s|   match|[97;46m POST    [0m /v1/user/login   r:/v1/user/login
2020/01/10 15:38:18.187 [D] [server.go:2802]  |            ::1|[97;42m 200 [0m|     41.234µs| nomatch|[90;47m OPTIONS [0m /v1/token/validate
2020/01/10 15:38:18.194 [D] [server.go:2802]  |            ::1|[97;42m 200 [0m|   1.361397ms|   match|[97;44m GET     [0m /v1/token/validate   r:/v1/token/validate
2020/01/10 15:38:21.127 [D] [server.go:2802]  |            ::1|[97;42m 200 [0m|    582.588µs|   match|[97;44m GET     [0m /v1/token/validate   r:/v1/token/validate
2020/01/10 15:38:27.379 [D] [server.go:2802]  |            ::1|[97;42m 200 [0m|     18.776µs| nomatch|[90;47m OPTIONS [0m /v1/token/validate
2020/01/10 15:38:27.382 [D] [server.go:2802]  |            ::1|[97;42m 200 [0m|     875.98µs|   match|[97;44m GET     [0m /v1/token/validate   r:/v1/token/validate
2020/01/10 15:38:44.367 [D] [server.go:2802]  |            ::1|[97;42m 200 [0m| 1.420876425s|   match|[97;46m POST    [0m /v1/user/login   r:/v1/user/login
2020/01/10 15:38:44.671 [D] [server.go:2802]  |            ::1|[97;42m 200 [0m|     19.534µs| nomatch|[90;47m OPTIONS [0m /v1/token/validate
2020/01/10 15:38:44.678 [D] [server.go:2802]  |            ::1|[97;42m 200 [0m|   2.250385ms|   match|[97;44m GET     [0m /v1/token/validate   r:/v1/token/validate
2020/01/10 15:38:47.018 [D] [server.go:2802]  |            ::1|[97;42m 200 [0m|    721.472µs|   match|[97;44m GET     [0m /v1/token/validate   r:/v1/token/validate
2020/01/10 15:39:18.777 [D] [server.go:2802]  |            ::1|[97;42m 200 [0m|    146.272µs|   match|[97;46m POST    [0m /v1/user/login   r:/v1/user/login
2020/01/10 15:39:22.029 [D] [server.go:2802]  |            ::1|[97;42m 200 [0m|      48.69µs| nomatch|[90;47m OPTIONS [0m /v1/admin/hro/
2020/01/10 15:39:22.032 [D] [server.go:2802]  |            ::1|[97;42m 200 [0m|     25.635µs| nomatch|[90;47m OPTIONS [0m /v1/admin/teamlead/
2020/01/10 15:39:22.036 [D] [server.go:2802]  |            ::1|[97;42m 200 [0m|     23.703µs| nomatch|[90;47m OPTIONS [0m /v1/admin/frontdesk/
2020/01/10 15:39:22.039 [D] [server.go:2802]  |            ::1|[97;42m 200 [0m|     25.295µs| nomatch|[90;47m OPTIONS [0m /v1/admin/vmsadmin/
2020/01/10 15:39:22.126 [D] [server.go:2802]  |            ::1|[97;42m 200 [0m|   1.402389ms|   match|[97;44m GET     [0m /v1/admin/hro/   r:/v1/admin/hro/
2020/01/10 15:39:22.131 [D] [server.go:2802]  |            ::1|[97;42m 200 [0m|   1.207092ms|   match|[97;44m GET     [0m /v1/admin/teamlead/   r:/v1/admin/teamlead/
2020/01/10 15:39:22.131 [D] [server.go:2802]  |            ::1|[97;42m 200 [0m|   1.469811ms|   match|[97;44m GET     [0m /v1/admin/frontdesk/   r:/v1/admin/frontdesk/
2020/01/10 15:39:22.132 [D] [server.go:2802]  |            ::1|[97;42m 200 [0m|   2.025033ms|   match|[97;44m GET     [0m /v1/admin/vmsadmin/   r:/v1/admin/vmsadmin/
2020/01/10 15:39:36.706 [D] [server.go:2802]  |            ::1|[97;42m 200 [0m|     49.137µs| nomatch|[90;47m OPTIONS [0m /v1/admin/hro/8
2020/01/10 15:39:37.435 [D] [server.go:2802]  |            ::1|[97;42m 200 [0m| 699.012478ms|   match|[97;46m POST    [0m /v1/admin/hro/8   r:/v1/admin/hro/:id
2020/01/10 15:39:40.052 [D] [server.go:2802]  |            ::1|[97;42m 200 [0m|       21.8µs| nomatch|[90;47m OPTIONS [0m /v1/admin/hro/
2020/01/10 15:39:40.053 [D] [server.go:2802]  |            ::1|[97;42m 200 [0m|     25.988µs| nomatch|[90;47m OPTIONS [0m /v1/admin/teamlead/
2020/01/10 15:39:40.059 [D] [server.go:2802]  |            ::1|[97;42m 200 [0m|     26.514µs| nomatch|[90;47m OPTIONS [0m /v1/admin/frontdesk/
2020/01/10 15:39:40.064 [D] [server.go:2802]  |            ::1|[97;42m 200 [0m|     30.252µs| nomatch|[90;47m OPTIONS [0m /v1/admin/vmsadmin/
2020/01/10 15:39:40.148 [D] [server.go:2802]  |            ::1|[97;42m 200 [0m|   3.552666ms|   match|[97;44m GET     [0m /v1/admin/hro/   r:/v1/admin/hro/
2020/01/10 15:39:40.153 [D] [server.go:2802]  |            ::1|[97;42m 200 [0m|   2.119742ms|   match|[97;44m GET     [0m /v1/admin/teamlead/   r:/v1/admin/teamlead/
2020/01/10 15:39:40.162 [D] [server.go:2802]  |            ::1|[97;42m 200 [0m|   8.511828ms|   match|[97;44m GET     [0m /v1/admin/vmsadmin/   r:/v1/admin/vmsadmin/
2020/01/10 15:39:40.167 [D] [server.go:2802]  |            ::1|[97;42m 200 [0m|  13.446107ms|   match|[97;44m GET     [0m /v1/admin/frontdesk/   r:/v1/admin/frontdesk/
2020/01/10 15:39:58.565 [D] [server.go:2802]  |            ::1|[97;42m 200 [0m| 2.205005568s|   match|[97;46m POST    [0m /v1/user/login   r:/v1/user/login
2020/01/10 15:39:58.898 [D] [server.go:2802]  |            ::1|[97;42m 200 [0m|     31.009µs| nomatch|[90;47m OPTIONS [0m /v1/token/validate
2020/01/10 15:39:58.902 [D] [server.go:2802]  |            ::1|[97;42m 200 [0m|    791.249µs|   match|[97;44m GET     [0m /v1/token/validate   r:/v1/token/validate
2020/01/10 15:40:01.983 [D] [server.go:2802]  |            ::1|[97;42m 200 [0m|     700.56µs|   match|[97;44m GET     [0m /v1/token/validate   r:/v1/token/validate
2020/01/10 15:40:06.884 [D] [server.go:2802]  |            ::1|[97;42m 200 [0m|     19.014µs| nomatch|[90;47m OPTIONS [0m /v1/token/validate
2020/01/10 15:40:06.888 [D] [server.go:2802]  |            ::1|[97;42m 200 [0m|    750.133µs|   match|[97;44m GET     [0m /v1/token/validate   r:/v1/token/validate
2020/01/10 15:40:09.225 [D] [server.go:2802]  |            ::1|[97;42m 200 [0m|    711.368µs|   match|[97;44m GET     [0m /v1/token/validate   r:/v1/token/validate
2020/01/10 15:40:10.073 [D] [server.go:2802]  |            ::1|[97;42m 200 [0m|     15.503µs| nomatch|[90;47m OPTIONS [0m /v1/admin/teamlead/
2020/01/10 15:40:10.116 [D] [server.go:2802]  |            ::1|[97;42m 200 [0m|   3.960644ms|   match|[97;44m GET     [0m /v1/admin/teamlead/   r:/v1/admin/teamlead/
2020/01/10 15:40:17.007 [D] [server.go:2802]  |            ::1|[97;42m 200 [0m|     20.494µs| nomatch|[90;47m OPTIONS [0m /v1/token/validate
2020/01/10 15:40:17.010 [D] [server.go:2802]  |            ::1|[97;42m 200 [0m|    915.658µs|   match|[97;44m GET     [0m /v1/token/validate   r:/v1/token/validate
2020/01/10 15:40:31.950 [D] [server.go:2802]  |            ::1|[97;42m 200 [0m|     15.053µs| nomatch|[90;47m OPTIONS [0m /v1/token/validate
2020/01/10 15:40:31.953 [D] [server.go:2802]  |            ::1|[97;42m 200 [0m|    906.627µs|   match|[97;44m GET     [0m /v1/token/validate   r:/v1/token/validate
2020/01/10 15:40:35.641 [D] [server.go:2802]  |            ::1|[97;42m 200 [0m|    676.188µs|   match|[97;44m GET     [0m /v1/token/validate   r:/v1/token/validate
2020/01/10 15:41:14.467 [D] [server.go:2802]  |      127.0.0.1|[97;42m 200 [0m|   1.298339ms|   match|[97;46m POST    [0m /v1/validate/user/role   r:/v1/validate/user/role
2020/01/10 15:41:17.273 [D] [server.go:2802]  |            ::1|[97;42m 200 [0m|     37.932µs| nomatch|[90;47m OPTIONS [0m /v1/token/validate
2020/01/10 15:41:17.277 [D] [server.go:2802]  |            ::1|[97;42m 200 [0m|    958.917µs|   match|[97;44m GET     [0m /v1/token/validate   r:/v1/token/validate
2020/01/10 15:41:27.958 [D] [server.go:2802]  |            ::1|[97;42m 200 [0m|     18.883µs| nomatch|[90;47m OPTIONS [0m /v1/token/validate
2020/01/10 15:41:27.961 [D] [server.go:2802]  |            ::1|[97;42m 200 [0m|    808.411µs|   match|[97;44m GET     [0m /v1/token/validate   r:/v1/token/validate
2020/01/10 15:42:25.969 [D] [server.go:2802]  |      127.0.0.1|[97;42m 200 [0m|   1.973005ms|   match|[97;46m POST    [0m /v1/validate/user/role   r:/v1/validate/user/role
2020/01/10 15:42:28.963 [D] [server.go:2802]  |            ::1|[97;42m 200 [0m|     47.939µs| nomatch|[90;47m OPTIONS [0m /v1/token/validate
2020/01/10 15:42:28.968 [D] [server.go:2802]  |            ::1|[97;42m 200 [0m|    922.997µs|   match|[97;44m GET     [0m /v1/token/validate   r:/v1/token/validate
2020/01/10 15:42:40.391 [D] [server.go:2802]  |            ::1|[97;42m 200 [0m|     61.612µs| nomatch|[90;47m OPTIONS [0m /v1/user
2020/01/10 15:42:40.433 [D] [server.go:2802]  |            ::1|[97;42m 200 [0m|   1.588682ms|   match|[97;44m GET     [0m /v1/user   r:/v1/user/
2020/01/10 15:43:00.491 [D] [server.go:2802]  |            ::1|[97;42m 200 [0m|     29.507µs| nomatch|[90;47m OPTIONS [0m /v1/token/validate
2020/01/10 15:43:00.495 [D] [server.go:2802]  |            ::1|[97;42m 200 [0m|    650.747µs|   match|[97;44m GET     [0m /v1/token/validate   r:/v1/token/validate
2020/01/10 15:48:02.775 [D] [server.go:2802]  |            ::1|[97;42m 200 [0m| 1.041121841s|   match|[97;46m POST    [0m /v1/user/login   r:/v1/user/login
2020/01/10 15:48:03.079 [D] [server.go:2802]  |            ::1|[97;42m 200 [0m|     42.415µs| nomatch|[90;47m OPTIONS [0m /v1/token/validate
2020/01/10 15:48:03.085 [D] [server.go:2802]  |            ::1|[97;42m 200 [0m|   1.927686ms|   match|[97;44m GET     [0m /v1/token/validate   r:/v1/token/validate
2020/01/10 15:48:05.903 [D] [server.go:2802]  |            ::1|[97;42m 200 [0m|   1.029794ms|   match|[97;44m GET     [0m /v1/token/validate   r:/v1/token/validate
2020/01/10 16:23:03.192 [D] [server.go:2802]  |            ::1|[97;42m 200 [0m| 1.461838963s|   match|[97;46m POST    [0m /v1/user/login   r:/v1/user/login
2020/01/10 16:23:03.327 [D] [server.go:2802]  |            ::1|[97;42m 200 [0m|     14.767µs| nomatch|[90;47m OPTIONS [0m /v1/token/validate
2020/01/10 16:23:03.331 [D] [server.go:2802]  |            ::1|[97;42m 200 [0m|   1.005696ms|   match|[97;44m GET     [0m /v1/token/validate   r:/v1/token/validate
2020/01/10 16:23:34.377 [D] [server.go:2802]  |            ::1|[97;42m 200 [0m|     15.236µs| nomatch|[90;47m OPTIONS [0m /v1/token/validate
2020/01/10 16:23:34.379 [D] [server.go:2802]  |            ::1|[97;42m 200 [0m|    674.718µs|   match|[97;44m GET     [0m /v1/token/validate   r:/v1/token/validate
2020/01/10 16:23:36.578 [D] [server.go:2802]  |            ::1|[97;42m 200 [0m|    774.483µs|   match|[97;44m GET     [0m /v1/token/validate   r:/v1/token/validate
2020/01/10 16:23:51.688 [D] [server.go:2802]  |            ::1|[97;42m 200 [0m|     16.999µs| nomatch|[90;47m OPTIONS [0m /v1/token/validate
2020/01/10 16:23:51.691 [D] [server.go:2802]  |            ::1|[97;42m 200 [0m|    726.112µs|   match|[97;44m GET     [0m /v1/token/validate   r:/v1/token/validate
2020/01/13 08:52:48.871 [I] [asm_amd64.s:1357]  http server Running on http://:9905
2020/01/13 08:54:51.359 [I] [asm_amd64.s:1357]  http server Running on http://:9905
2020/01/13 08:55:13.553 [I] [asm_amd64.s:1357]  http server Running on http://:9905
2020/01/13 08:55:40.908 [I] [asm_amd64.s:1357]  http server Running on http://:9905
2020/01/13 10:08:10.345 [I] [asm_amd64.s:1357]  http server Running on http://:9905
2020/01/13 10:08:49.521 [I] [asm_amd64.s:1357]  http server Running on http://:9905
2020/01/13 10:57:39.848 [I] [asm_amd64.s:1357]  http server Running on http://:9905
2020/01/13 10:57:54.930 [I] [asm_amd64.s:1357]  http server Running on http://:9905
2020/01/13 10:58:43.496 [I] [asm_amd64.s:1357]  http server Running on http://:9905
2020/01/13 10:59:10.164 [I] [asm_amd64.s:1357]  http server Running on http://:9905
2020/01/13 10:59:16.413 [I] [asm_amd64.s:1357]  http server Running on http://:9905
2020/01/13 15:12:16.916 [I] [asm_amd64.s:1357]  http server Running on http://:9905
2020/01/13 15:21:11.098 [D] [server.go:2802]  |            ::1|[97;42m 200 [0m| 1.241510547s|   match|[97;46m POST    [0m /v1/user/register   r:/v1/user/register
2020/01/13 15:22:08.784 [D] [server.go:2802]  |            ::1|[97;42m 200 [0m|  1.18693226s|   match|[97;46m POST    [0m /v1/user/login   r:/v1/user/login
2020/01/13 15:22:08.984 [D] [server.go:2802]  |            ::1|[97;42m 200 [0m|      18.74µs| nomatch|[90;47m OPTIONS [0m /v1/token/validate
2020/01/13 15:22:08.990 [D] [server.go:2802]  |            ::1|[97;42m 200 [0m|   1.266608ms|   match|[97;44m GET     [0m /v1/token/validate   r:/v1/token/validate
2020/01/13 15:22:41.821 [D] [server.go:2802]  |            ::1|[97;42m 200 [0m|  1.85657277s|   match|[97;46m POST    [0m /v1/user/register   r:/v1/user/register
2020/01/13 15:22:41.964 [D] [server.go:2802]  |            ::1|[97;42m 200 [0m|      22.71µs| nomatch|[90;47m OPTIONS [0m /v1/token/validate
2020/01/13 15:22:41.967 [D] [server.go:2802]  |            ::1|[97;42m 200 [0m|    828.005µs|   match|[97;44m GET     [0m /v1/token/validate   r:/v1/token/validate
2020/01/13 15:23:03.774 [D] [server.go:2802]  |            ::1|[97;42m 200 [0m|    154.976µs|   match|[97;46m POST    [0m /v1/user/login   r:/v1/user/login
2020/01/13 15:23:06.427 [D] [server.go:2802]  |            ::1|[97;42m 200 [0m|     21.824µs| nomatch|[90;47m OPTIONS [0m /v1/admin/hro/
2020/01/13 15:23:06.428 [D] [server.go:2802]  |            ::1|[97;42m 200 [0m|     31.676µs| nomatch|[90;47m OPTIONS [0m /v1/admin/teamlead/
2020/01/13 15:23:06.472 [D] [server.go:2802]  |            ::1|[97;42m 200 [0m|     27.028µs| nomatch|[90;47m OPTIONS [0m /v1/admin/frontdesk/
2020/01/13 15:23:06.480 [D] [server.go:2802]  |            ::1|[97;42m 200 [0m|     49.729µs| nomatch|[90;47m OPTIONS [0m /v1/admin/vmsadmin/
2020/01/13 15:23:06.566 [D] [server.go:2802]  |            ::1|[97;42m 200 [0m|    996.442µs|   match|[97;44m GET     [0m /v1/admin/hro/   r:/v1/admin/hro/
2020/01/13 15:23:06.569 [D] [server.go:2802]  |            ::1|[97;42m 200 [0m|    753.762µs|   match|[97;44m GET     [0m /v1/admin/frontdesk/   r:/v1/admin/frontdesk/
2020/01/13 15:23:06.569 [D] [server.go:2802]  |            ::1|[97;42m 200 [0m|    771.643µs|   match|[97;44m GET     [0m /v1/admin/teamlead/   r:/v1/admin/teamlead/
2020/01/13 15:23:06.569 [D] [server.go:2802]  |            ::1|[97;42m 200 [0m|    889.382µs|   match|[97;44m GET     [0m /v1/admin/vmsadmin/   r:/v1/admin/vmsadmin/
2020/01/13 15:39:10.122 [D] [server.go:2802]  |            ::1|[97;42m 200 [0m|     42.265µs| nomatch|[90;47m OPTIONS [0m /v1/admin/hro/1
2020/01/13 15:39:10.735 [D] [server.go:2802]  |            ::1|[97;42m 200 [0m| 604.722045ms|   match|[97;46m POST    [0m /v1/admin/hro/1   r:/v1/admin/hro/:id
2020/01/13 15:39:12.830 [D] [server.go:2802]  |            ::1|[97;42m 200 [0m|     16.721µs| nomatch|[90;47m OPTIONS [0m /v1/admin/hro/
2020/01/13 15:39:12.831 [D] [server.go:2802]  |            ::1|[97;42m 200 [0m|     24.223µs| nomatch|[90;47m OPTIONS [0m /v1/admin/teamlead/
2020/01/13 15:39:12.835 [D] [server.go:2802]  |            ::1|[97;42m 200 [0m|     37.151µs| nomatch|[90;47m OPTIONS [0m /v1/admin/frontdesk/
2020/01/13 15:39:12.838 [D] [server.go:2802]  |            ::1|[97;42m 200 [0m|     24.032µs| nomatch|[90;47m OPTIONS [0m /v1/admin/vmsadmin/
2020/01/13 15:39:12.874 [D] [server.go:2802]  |            ::1|[97;42m 200 [0m|   5.167086ms|   match|[97;44m GET     [0m /v1/admin/hro/   r:/v1/admin/hro/
2020/01/13 15:39:12.884 [D] [server.go:2802]  |            ::1|[97;42m 200 [0m|   2.548701ms|   match|[97;44m GET     [0m /v1/admin/vmsadmin/   r:/v1/admin/vmsadmin/
2020/01/13 15:39:12.885 [D] [server.go:2802]  |            ::1|[97;42m 200 [0m|   3.566614ms|   match|[97;44m GET     [0m /v1/admin/frontdesk/   r:/v1/admin/frontdesk/
2020/01/13 15:39:12.890 [D] [server.go:2802]  |            ::1|[97;42m 200 [0m|   8.385039ms|   match|[97;44m GET     [0m /v1/admin/teamlead/   r:/v1/admin/teamlead/
2020/01/13 15:39:29.992 [D] [server.go:2802]  |            ::1|[97;42m 200 [0m| 992.104885ms|   match|[97;46m POST    [0m /v1/user/login   r:/v1/user/login
2020/01/13 15:39:30.131 [D] [server.go:2802]  |            ::1|[97;42m 200 [0m|     15.214µs| nomatch|[90;47m OPTIONS [0m /v1/token/validate
2020/01/13 15:39:30.134 [D] [server.go:2802]  |            ::1|[97;42m 200 [0m|    893.943µs|   match|[97;44m GET     [0m /v1/token/validate   r:/v1/token/validate
2020/01/13 15:39:32.739 [D] [server.go:2802]  |            ::1|[97;42m 200 [0m|    644.471µs|   match|[97;44m GET     [0m /v1/token/validate   r:/v1/token/validate
2020/01/13 15:39:36.733 [D] [server.go:2802]  |            ::1|[97;42m 200 [0m|     15.422µs| nomatch|[90;47m OPTIONS [0m /v1/token/validate
2020/01/13 15:39:36.736 [D] [server.go:2802]  |            ::1|[97;42m 200 [0m|    702.387µs|   match|[97;44m GET     [0m /v1/token/validate   r:/v1/token/validate
2020/01/13 15:39:38.083 [D] [server.go:2802]  |            ::1|[97;42m 200 [0m|     696.34µs|   match|[97;44m GET     [0m /v1/token/validate   r:/v1/token/validate
2020/01/13 15:39:38.192 [D] [server.go:2802]  |            ::1|[97;42m 200 [0m|     42.718µs| nomatch|[90;47m OPTIONS [0m /v1/admin/teamlead/
2020/01/13 15:39:38.222 [D] [server.go:2802]  |            ::1|[97;42m 200 [0m|    928.336µs|   match|[97;44m GET     [0m /v1/admin/teamlead/   r:/v1/admin/teamlead/
2020/01/13 15:39:42.193 [D] [server.go:2802]  |            ::1|[97;42m 200 [0m|     14.958µs| nomatch|[90;47m OPTIONS [0m /v1/token/validate
2020/01/13 15:39:42.196 [D] [server.go:2802]  |            ::1|[97;42m 200 [0m|    814.674µs|   match|[97;44m GET     [0m /v1/token/validate   r:/v1/token/validate
2020/01/13 15:40:22.852 [D] [server.go:2802]  |      127.0.0.1|[97;42m 200 [0m|    807.117µs|   match|[97;46m POST    [0m /v1/validate/user/role   r:/v1/validate/user/role
2020/01/13 15:40:25.216 [D] [server.go:2802]  |            ::1|[97;42m 200 [0m|     31.893µs| nomatch|[90;47m OPTIONS [0m /v1/token/validate
2020/01/13 15:40:25.219 [D] [server.go:2802]  |            ::1|[97;42m 200 [0m|   1.102805ms|   match|[97;44m GET     [0m /v1/token/validate   r:/v1/token/validate
2020/01/13 15:50:25.774 [D] [server.go:2802]  |            ::1|[97;42m 200 [0m|     31.493µs| nomatch|[90;47m OPTIONS [0m /v1/token/validate
2020/01/13 15:50:25.777 [D] [server.go:2802]  |            ::1|[97;42m 200 [0m|    816.967µs|   match|[97;44m GET     [0m /v1/token/validate   r:/v1/token/validate
2020/01/13 15:51:10.651 [D] [server.go:2802]  |            ::1|[97;42m 200 [0m|     20.384µs| nomatch|[90;47m OPTIONS [0m /v1/token/validate
2020/01/13 15:51:10.655 [D] [server.go:2802]  |            ::1|[97;42m 200 [0m|    736.079µs|   match|[97;44m GET     [0m /v1/token/validate   r:/v1/token/validate
2020/01/13 15:52:20.251 [D] [server.go:2802]  |            ::1|[97;42m 200 [0m|     20.451µs| nomatch|[90;47m OPTIONS [0m /v1/token/validate
2020/01/13 15:52:20.254 [D] [server.go:2802]  |            ::1|[97;42m 200 [0m|    710.507µs|   match|[97;44m GET     [0m /v1/token/validate   r:/v1/token/validate
2020/01/13 16:18:47.080 [D] [server.go:2802]  |            ::1|[97;42m 200 [0m|     30.747µs| nomatch|[90;47m OPTIONS [0m /v1/token/validate
2020/01/13 16:18:47.083 [D] [server.go:2802]  |            ::1|[97;42m 200 [0m|    679.104µs|   match|[97;44m GET     [0m /v1/token/validate   r:/v1/token/validate
2020/01/13 16:21:06.098 [D] [server.go:2802]  |            ::1|[97;42m 200 [0m|      18.76µs| nomatch|[90;47m OPTIONS [0m /v1/token/validate
2020/01/13 16:21:06.101 [D] [server.go:2802]  |            ::1|[97;42m 200 [0m|    759.165µs|   match|[97;44m GET     [0m /v1/token/validate   r:/v1/token/validate
2020/01/13 16:38:35.431 [D] [server.go:2802]  |            ::1|[97;42m 200 [0m|     34.079µs| nomatch|[90;47m OPTIONS [0m /v1/token/validate
2020/01/13 16:38:35.435 [D] [server.go:2802]  |            ::1|[97;42m 200 [0m|    995.124µs|   match|[97;44m GET     [0m /v1/token/validate   r:/v1/token/validate
2020/01/14 04:20:45.759 [I] [asm_amd64.s:1357]  http server Running on http://:9905
2020/01/14 04:21:32.089 [D] [server.go:2802]  |            ::1|[97;42m 200 [0m| 1.955386687s|   match|[97;46m POST    [0m /v1/user/login   r:/v1/user/login
2020/01/14 04:21:32.243 [D] [server.go:2802]  |            ::1|[97;42m 200 [0m|     16.747µs| nomatch|[90;47m OPTIONS [0m /v1/token/validate
2020/01/14 04:21:32.245 [D] [server.go:2802]  |            ::1|[97;42m 200 [0m|     728.42µs|   match|[97;44m GET     [0m /v1/token/validate   r:/v1/token/validate
2020/01/14 04:21:35.067 [D] [server.go:2802]  |            ::1|[97;42m 200 [0m|    775.537µs|   match|[97;44m GET     [0m /v1/token/validate   r:/v1/token/validate
2020/01/14 04:42:34.756 [D] [server.go:2802]  |            ::1|[97;42m 200 [0m|     25.265µs| nomatch|[90;47m OPTIONS [0m /v1/token/validate
2020/01/14 04:42:34.759 [D] [server.go:2802]  |            ::1|[97;42m 200 [0m|    962.538µs|   match|[97;44m GET     [0m /v1/token/validate   r:/v1/token/validate
2020/01/14 04:48:25.958 [D] [server.go:2802]  |            ::1|[97;42m 200 [0m|     43.187µs| nomatch|[90;47m OPTIONS [0m /v1/token/validate
2020/01/14 04:48:25.961 [D] [server.go:2802]  |            ::1|[97;42m 200 [0m|    696.146µs|   match|[97;44m GET     [0m /v1/token/validate   r:/v1/token/validate
2020/01/14 04:49:13.876 [D] [server.go:2802]  |            ::1|[97;42m 200 [0m|     16.647µs| nomatch|[90;47m OPTIONS [0m /v1/token/validate
2020/01/14 04:49:13.879 [D] [server.go:2802]  |            ::1|[97;42m 200 [0m|    693.245µs|   match|[97;44m GET     [0m /v1/token/validate   r:/v1/token/validate
2020/01/14 04:49:28.427 [D] [server.go:2802]  |            ::1|[97;42m 200 [0m|     25.259µs| nomatch|[90;47m OPTIONS [0m /v1/token/validate
2020/01/14 04:49:28.431 [D] [server.go:2802]  |            ::1|[97;42m 200 [0m|   1.692867ms|   match|[97;44m GET     [0m /v1/token/validate   r:/v1/token/validate
2020/01/14 04:50:06.884 [D] [server.go:2802]  |            ::1|[97;42m 200 [0m|     16.914µs| nomatch|[90;47m OPTIONS [0m /v1/token/validate
2020/01/14 04:50:06.887 [D] [server.go:2802]  |            ::1|[97;42m 200 [0m|    779.984µs|   match|[97;44m GET     [0m /v1/token/validate   r:/v1/token/validate
2020/01/14 04:50:19.488 [D] [server.go:2802]  |            ::1|[97;42m 200 [0m|     16.513µs| nomatch|[90;47m OPTIONS [0m /v1/token/validate
2020/01/14 04:50:19.491 [D] [server.go:2802]  |            ::1|[97;42m 200 [0m|   1.225308ms|   match|[97;44m GET     [0m /v1/token/validate   r:/v1/token/validate
2020/01/14 04:51:21.059 [D] [server.go:2802]  |            ::1|[97;42m 200 [0m|     57.736µs| nomatch|[90;47m OPTIONS [0m /v1/token/validate
2020/01/14 04:51:21.062 [D] [server.go:2802]  |            ::1|[97;42m 200 [0m|    738.909µs|   match|[97;44m GET     [0m /v1/token/validate   r:/v1/token/validate
2020/01/14 04:54:12.242 [D] [server.go:2802]  |            ::1|[97;42m 200 [0m|      21.93µs| nomatch|[90;47m OPTIONS [0m /v1/token/validate
2020/01/14 04:54:12.245 [D] [server.go:2802]  |            ::1|[97;42m 200 [0m|    816.179µs|   match|[97;44m GET     [0m /v1/token/validate   r:/v1/token/validate
2020/01/14 04:55:10.801 [D] [server.go:2802]  |            ::1|[97;42m 200 [0m|     29.528µs| nomatch|[90;47m OPTIONS [0m /v1/token/validate
2020/01/14 04:55:10.805 [D] [server.go:2802]  |            ::1|[97;42m 200 [0m|    649.503µs|   match|[97;44m GET     [0m /v1/token/validate   r:/v1/token/validate
2020/01/14 05:01:09.385 [D] [server.go:2802]  |            ::1|[97;42m 200 [0m|     33.862µs| nomatch|[90;47m OPTIONS [0m /v1/token/validate
2020/01/14 05:01:09.388 [D] [server.go:2802]  |            ::1|[97;42m 200 [0m|    683.828µs|   match|[97;44m GET     [0m /v1/token/validate   r:/v1/token/validate
2020/01/14 05:04:06.857 [D] [server.go:2802]  |            ::1|[97;42m 200 [0m|     21.549µs| nomatch|[90;47m OPTIONS [0m /v1/token/validate
2020/01/14 05:04:06.860 [D] [server.go:2802]  |            ::1|[97;42m 200 [0m|    662.346µs|   match|[97;44m GET     [0m /v1/token/validate   r:/v1/token/validate
2020/01/14 05:07:20.667 [D] [server.go:2802]  |            ::1|[97;42m 200 [0m|     43.158µs| nomatch|[90;47m OPTIONS [0m /v1/token/validate
2020/01/14 05:07:20.674 [D] [server.go:2802]  |            ::1|[97;42m 200 [0m|   1.350847ms|   match|[97;44m GET     [0m /v1/token/validate   r:/v1/token/validate
2020/01/14 05:07:59.046 [D] [server.go:2802]  |            ::1|[97;42m 200 [0m|      21.04µs| nomatch|[90;47m OPTIONS [0m /v1/token/validate
2020/01/14 05:07:59.051 [D] [server.go:2802]  |            ::1|[97;42m 200 [0m|    698.299µs|   match|[97;44m GET     [0m /v1/token/validate   r:/v1/token/validate
2020/01/14 05:08:06.632 [D] [server.go:2802]  |            ::1|[97;42m 200 [0m|      23.36µs| nomatch|[90;47m OPTIONS [0m /v1/token/validate
2020/01/14 05:08:06.635 [D] [server.go:2802]  |            ::1|[97;42m 200 [0m|    884.599µs|   match|[97;44m GET     [0m /v1/token/validate   r:/v1/token/validate
2020/01/14 05:08:10.556 [D] [server.go:2802]  |            ::1|[97;42m 200 [0m|    654.144µs|   match|[97;44m GET     [0m /v1/token/validate   r:/v1/token/validate
2020/01/14 05:08:12.600 [D] [server.go:2802]  |            ::1|[97;42m 200 [0m|     47.246µs| nomatch|[90;47m OPTIONS [0m /v1/token/validate
2020/01/14 05:08:12.606 [D] [server.go:2802]  |            ::1|[97;42m 200 [0m|   1.145878ms|   match|[97;44m GET     [0m /v1/token/validate   r:/v1/token/validate
2020/01/14 05:08:59.698 [D] [server.go:2802]  |            ::1|[97;42m 200 [0m|     18.182µs| nomatch|[90;47m OPTIONS [0m /v1/token/validate
2020/01/14 05:08:59.701 [D] [server.go:2802]  |            ::1|[97;42m 200 [0m|    700.344µs|   match|[97;44m GET     [0m /v1/token/validate   r:/v1/token/validate
2020/01/14 05:11:34.761 [D] [server.go:2802]  |            ::1|[97;42m 200 [0m|     28.742µs| nomatch|[90;47m OPTIONS [0m /v1/token/validate
2020/01/14 05:11:34.763 [D] [server.go:2802]  |            ::1|[97;42m 200 [0m|    655.015µs|   match|[97;44m GET     [0m /v1/token/validate   r:/v1/token/validate
2020/01/14 05:12:02.219 [D] [server.go:2802]  |            ::1|[97;42m 200 [0m|      50.23µs| nomatch|[90;47m OPTIONS [0m /v1/token/validate
2020/01/14 05:12:02.222 [D] [server.go:2802]  |            ::1|[97;42m 200 [0m|    704.625µs|   match|[97;44m GET     [0m /v1/token/validate   r:/v1/token/validate
2020/01/14 05:15:37.945 [D] [server.go:2802]  |            ::1|[97;42m 200 [0m|     27.967µs| nomatch|[90;47m OPTIONS [0m /v1/token/validate
2020/01/14 05:15:37.947 [D] [server.go:2802]  |            ::1|[97;42m 200 [0m|    798.818µs|   match|[97;44m GET     [0m /v1/token/validate   r:/v1/token/validate
2020/01/14 05:16:07.863 [D] [server.go:2802]  |            ::1|[97;42m 200 [0m|    255.117µs| nomatch|[90;47m OPTIONS [0m /v1/token/validate
2020/01/14 05:16:07.866 [D] [server.go:2802]  |            ::1|[97;42m 200 [0m|    615.717µs|   match|[97;44m GET     [0m /v1/token/validate   r:/v1/token/validate
2020/01/14 05:17:21.468 [D] [server.go:2802]  |            ::1|[97;42m 200 [0m|     40.902µs| nomatch|[90;47m OPTIONS [0m /v1/token/validate
2020/01/14 05:17:21.471 [D] [server.go:2802]  |            ::1|[97;42m 200 [0m|    624.226µs|   match|[97;44m GET     [0m /v1/token/validate   r:/v1/token/validate
2020/01/14 05:18:10.364 [D] [server.go:2802]  |            ::1|[97;42m 200 [0m|     37.391µs| nomatch|[90;47m OPTIONS [0m /v1/token/validate
2020/01/14 05:18:10.367 [D] [server.go:2802]  |            ::1|[97;42m 200 [0m|    663.862µs|   match|[97;44m GET     [0m /v1/token/validate   r:/v1/token/validate
2020/01/14 05:19:38.111 [D] [server.go:2802]  |            ::1|[97;42m 200 [0m|     60.784µs| nomatch|[90;47m OPTIONS [0m /v1/token/validate
2020/01/14 05:19:38.119 [D] [server.go:2802]  |            ::1|[97;42m 200 [0m|   2.960107ms|   match|[97;44m GET     [0m /v1/token/validate   r:/v1/token/validate
2020/01/14 05:20:16.508 [D] [server.go:2802]  |            ::1|[97;42m 200 [0m|     14.813µs| nomatch|[90;47m OPTIONS [0m /v1/token/validate
2020/01/14 05:20:16.512 [D] [server.go:2802]  |            ::1|[97;42m 200 [0m|    900.953µs|   match|[97;44m GET     [0m /v1/token/validate   r:/v1/token/validate
2020/01/14 05:20:42.278 [D] [server.go:2802]  |            ::1|[97;42m 200 [0m|     50.366µs| nomatch|[90;47m OPTIONS [0m /v1/token/validate
2020/01/14 05:20:42.281 [D] [server.go:2802]  |            ::1|[97;42m 200 [0m|    585.353µs|   match|[97;44m GET     [0m /v1/token/validate   r:/v1/token/validate
2020/01/14 05:20:47.046 [D] [server.go:2802]  |            ::1|[97;42m 200 [0m|     770.87µs|   match|[97;44m GET     [0m /v1/token/validate   r:/v1/token/validate
2020/01/14 05:27:05.691 [D] [server.go:2802]  |            ::1|[97;42m 200 [0m|     37.617µs| nomatch|[90;47m OPTIONS [0m /v1/token/validate
2020/01/14 05:27:05.694 [D] [server.go:2802]  |            ::1|[97;42m 200 [0m|    580.938µs|   match|[97;44m GET     [0m /v1/token/validate   r:/v1/token/validate
2020/01/14 05:27:55.755 [D] [server.go:2802]  |            ::1|[97;42m 200 [0m|     27.376µs| nomatch|[90;47m OPTIONS [0m /v1/token/validate
2020/01/14 05:27:55.757 [D] [server.go:2802]  |            ::1|[97;42m 200 [0m|    689.147µs|   match|[97;44m GET     [0m /v1/token/validate   r:/v1/token/validate
2020/01/14 05:30:35.956 [D] [server.go:2802]  |            ::1|[97;42m 200 [0m|     41.755µs| nomatch|[90;47m OPTIONS [0m /v1/token/validate
2020/01/14 05:30:35.959 [D] [server.go:2802]  |            ::1|[97;42m 200 [0m|     791.55µs|   match|[97;44m GET     [0m /v1/token/validate   r:/v1/token/validate
2020/01/14 05:37:49.404 [D] [server.go:2802]  |            ::1|[97;42m 200 [0m|    116.753µs| nomatch|[90;47m OPTIONS [0m /v1/user
2020/01/14 05:37:49.429 [D] [server.go:2802]  |            ::1|[97;42m 200 [0m|   1.243765ms|   match|[97;44m GET     [0m /v1/user   r:/v1/user/
2020/01/14 05:38:55.650 [D] [server.go:2802]  |            ::1|[97;42m 200 [0m|      23.83µs| nomatch|[90;47m OPTIONS [0m /v1/token/validate
2020/01/14 05:38:55.653 [D] [server.go:2802]  |            ::1|[97;42m 200 [0m|    752.029µs|   match|[97;44m GET     [0m /v1/token/validate   r:/v1/token/validate
2020/01/14 05:39:01.653 [D] [server.go:2802]  |            ::1|[97;42m 200 [0m|       47.2µs| nomatch|[90;47m OPTIONS [0m /v1/user
2020/01/14 05:39:01.692 [D] [server.go:2802]  |            ::1|[97;42m 200 [0m|    936.135µs|   match|[97;44m GET     [0m /v1/user   r:/v1/user/
2020/01/14 05:40:42.666 [D] [server.go:2802]  |            ::1|[97;42m 200 [0m|     17.345µs| nomatch|[90;47m OPTIONS [0m /v1/token/validate
2020/01/14 05:40:42.670 [D] [server.go:2802]  |            ::1|[97;42m 200 [0m|     975.29µs|   match|[97;44m GET     [0m /v1/token/validate   r:/v1/token/validate
2020/01/14 05:41:32.053 [D] [server.go:2802]  |            ::1|[97;42m 200 [0m|     14.896µs| nomatch|[90;47m OPTIONS [0m /v1/token/validate
2020/01/14 05:41:32.056 [D] [server.go:2802]  |            ::1|[97;42m 200 [0m|    801.245µs|   match|[97;44m GET     [0m /v1/token/validate   r:/v1/token/validate
2020/01/14 05:42:04.956 [D] [server.go:2802]  |            ::1|[97;42m 200 [0m| 172.546166ms|   match|[97;46m POST    [0m /v1/user/login   r:/v1/user/login
2020/01/14 05:43:26.551 [D] [server.go:2802]  |            ::1|[97;42m 200 [0m|    866.046µs|   match|[97;46m POST    [0m /v1/user/register   r:/v1/user/register
2020/01/14 05:45:03.017 [D] [server.go:2802]  |            ::1|[97;42m 200 [0m|    798.275µs|   match|[97;46m POST    [0m /v1/user/register   r:/v1/user/register
2020/01/14 06:01:13.612 [D] [server.go:2802]  |            ::1|[97;42m 200 [0m|   1.054389ms|   match|[97;46m POST    [0m /v1/user/register   r:/v1/user/register
2020/01/14 06:01:35.366 [D] [server.go:2802]  |            ::1|[97;42m 200 [0m| 1.427279076s|   match|[97;46m POST    [0m /v1/user/register   r:/v1/user/register
2020/01/14 06:01:36.116 [D] [server.go:2802]  |            ::1|[97;42m 200 [0m|     44.886µs| nomatch|[90;47m OPTIONS [0m /v1/token/validate
2020/01/14 06:01:36.121 [D] [server.go:2802]  |            ::1|[97;42m 200 [0m|   1.285823ms|   match|[97;44m GET     [0m /v1/token/validate   r:/v1/token/validate
2020/01/14 06:01:38.716 [D] [server.go:2802]  |            ::1|[97;42m 200 [0m|   1.200021ms|   match|[97;44m GET     [0m /v1/token/validate   r:/v1/token/validate
2020/01/14 06:01:42.827 [D] [server.go:2802]  |            ::1|[97;42m 200 [0m|     28.639µs| nomatch|[90;47m OPTIONS [0m /v1/token/validate
2020/01/14 06:01:42.832 [D] [server.go:2802]  |            ::1|[97;42m 200 [0m|   1.199517ms|   match|[97;44m GET     [0m /v1/token/validate   r:/v1/token/validate
2020/01/14 06:01:59.163 [D] [server.go:2802]  |            ::1|[97;42m 200 [0m| 1.311741407s|   match|[97;46m POST    [0m /v1/user/login   r:/v1/user/login
2020/01/14 06:01:59.418 [D] [server.go:2802]  |            ::1|[97;42m 200 [0m|     55.585µs| nomatch|[90;47m OPTIONS [0m /v1/token/validate
2020/01/14 06:01:59.424 [D] [server.go:2802]  |            ::1|[97;42m 200 [0m|   1.316061ms|   match|[97;44m GET     [0m /v1/token/validate   r:/v1/token/validate
2020/01/14 06:02:43.183 [D] [server.go:2802]  |            ::1|[97;42m 200 [0m|     30.478µs| nomatch|[90;47m OPTIONS [0m /v1/token/validate
2020/01/14 06:02:43.188 [D] [server.go:2802]  |            ::1|[97;42m 200 [0m|   1.268395ms|   match|[97;44m GET     [0m /v1/token/validate   r:/v1/token/validate
2020/01/14 06:03:01.366 [D] [server.go:2802]  |            ::1|[97;42m 200 [0m|     56.151µs| nomatch|[90;47m OPTIONS [0m /v1/user
2020/01/14 06:03:01.403 [D] [server.go:2802]  |            ::1|[97;42m 200 [0m|   2.095322ms|   match|[97;44m GET     [0m /v1/user   r:/v1/user/
2020/01/14 06:03:10.565 [D] [server.go:2802]  |            ::1|[97;42m 200 [0m|     20.341µs| nomatch|[90;47m OPTIONS [0m /v1/token/validate
2020/01/14 06:03:10.572 [D] [server.go:2802]  |            ::1|[97;42m 200 [0m|   1.986029ms|   match|[97;44m GET     [0m /v1/token/validate   r:/v1/token/validate
2020/01/14 06:04:09.520 [D] [server.go:2802]  |            ::1|[97;42m 200 [0m| 1.400106417s|   match|[97;46m POST    [0m /v1/user/register   r:/v1/user/register
2020/01/14 06:04:09.809 [D] [server.go:2802]  |            ::1|[97;42m 200 [0m|     34.425µs| nomatch|[90;47m OPTIONS [0m /v1/token/validate
2020/01/14 06:04:09.816 [D] [server.go:2802]  |            ::1|[97;42m 200 [0m|   1.590207ms|   match|[97;44m GET     [0m /v1/token/validate   r:/v1/token/validate
2020/01/14 06:04:22.709 [D] [server.go:2802]  |            ::1|[97;42m 200 [0m|  1.47116569s|   match|[97;46m POST    [0m /v1/user/login   r:/v1/user/login
2020/01/14 06:04:22.970 [D] [server.go:2802]  |            ::1|[97;42m 200 [0m|     48.013µs| nomatch|[90;47m OPTIONS [0m /v1/token/validate
2020/01/14 06:04:22.978 [D] [server.go:2802]  |            ::1|[97;42m 200 [0m|    2.77655ms|   match|[97;44m GET     [0m /v1/token/validate   r:/v1/token/validate
2020/01/14 06:09:15.788 [D] [server.go:2802]  |            ::1|[97;42m 200 [0m|     57.093µs| nomatch|[90;47m OPTIONS [0m /v1/token/validate
2020/01/14 06:09:15.794 [D] [server.go:2802]  |            ::1|[97;42m 200 [0m|   1.143906ms|   match|[97;44m GET     [0m /v1/token/validate   r:/v1/token/validate
2020/01/14 06:09:19.830 [D] [server.go:2802]  |            ::1|[97;42m 200 [0m|     63.459µs| nomatch|[90;47m OPTIONS [0m /v1/user
2020/01/14 06:09:19.869 [D] [server.go:2802]  |            ::1|[97;42m 200 [0m|   1.232672ms|   match|[97;44m GET     [0m /v1/user   r:/v1/user/
2020/01/14 06:09:28.107 [D] [server.go:2802]  |            ::1|[97;42m 200 [0m|      78.19µs| nomatch|[90;47m OPTIONS [0m /v1/token/validate
2020/01/14 06:09:28.116 [D] [server.go:2802]  |            ::1|[97;42m 200 [0m|   2.930079ms|   match|[97;44m GET     [0m /v1/token/validate   r:/v1/token/validate
2020/01/14 06:09:42.389 [D] [server.go:2802]  |            ::1|[97;42m 200 [0m| 2.361456612s|   match|[97;46m POST    [0m /v1/user/login   r:/v1/user/login
2020/01/14 06:09:42.806 [D] [server.go:2802]  |            ::1|[97;42m 200 [0m|     22.566µs| nomatch|[90;47m OPTIONS [0m /v1/token/validate
2020/01/14 06:09:42.813 [D] [server.go:2802]  |            ::1|[97;42m 200 [0m|   1.308073ms|   match|[97;44m GET     [0m /v1/token/validate   r:/v1/token/validate
2020/01/14 06:09:44.814 [D] [server.go:2802]  |            ::1|[97;42m 200 [0m|   1.814738ms|   match|[97;44m GET     [0m /v1/token/validate   r:/v1/token/validate
2020/01/14 06:13:07.196 [D] [server.go:2802]  |            ::1|[97;42m 200 [0m|      58.86µs| nomatch|[90;47m OPTIONS [0m /v1/token/validate
2020/01/14 06:13:07.202 [D] [server.go:2802]  |            ::1|[97;42m 200 [0m|   1.105343ms|   match|[97;44m GET     [0m /v1/token/validate   r:/v1/token/validate
2020/01/14 06:13:26.614 [D] [server.go:2802]  |            ::1|[97;42m 200 [0m|     67.236µs| nomatch|[90;47m OPTIONS [0m /v1/token/validate
2020/01/14 06:13:26.619 [D] [server.go:2802]  |            ::1|[97;42m 200 [0m|   1.094292ms|   match|[97;44m GET     [0m /v1/token/validate   r:/v1/token/validate
2020/01/14 06:14:39.953 [D] [server.go:2802]  |            ::1|[97;42m 200 [0m| 1.616847181s|   match|[97;46m POST    [0m /v1/user/login   r:/v1/user/login
2020/01/14 06:14:40.197 [D] [server.go:2802]  |            ::1|[97;42m 200 [0m|     46.651µs| nomatch|[90;47m OPTIONS [0m /v1/token/validate
2020/01/14 06:14:40.204 [D] [server.go:2802]  |            ::1|[97;42m 200 [0m|   2.030161ms|   match|[97;44m GET     [0m /v1/token/validate   r:/v1/token/validate
2020/01/14 06:14:43.985 [D] [server.go:2802]  |            ::1|[97;42m 200 [0m|    1.08887ms|   match|[97;44m GET     [0m /v1/token/validate   r:/v1/token/validate
2020/01/14 06:15:53.045 [D] [server.go:2802]  |            ::1|[97;42m 200 [0m|     24.975µs| nomatch|[90;47m OPTIONS [0m /v1/token/validate
2020/01/14 06:15:53.050 [D] [server.go:2802]  |            ::1|[97;42m 200 [0m|   1.258039ms|   match|[97;44m GET     [0m /v1/token/validate   r:/v1/token/validate
2020/01/14 06:17:05.447 [D] [server.go:2802]  |            ::1|[97;42m 200 [0m|     23.073µs| nomatch|[90;47m OPTIONS [0m /v1/token/validate
2020/01/14 06:17:05.453 [D] [server.go:2802]  |            ::1|[97;42m 200 [0m|   1.345097ms|   match|[97;44m GET     [0m /v1/token/validate   r:/v1/token/validate
2020/01/14 06:18:52.541 [D] [server.go:2802]  |            ::1|[97;42m 200 [0m|     48.525µs| nomatch|[90;47m OPTIONS [0m /v1/token/validate
2020/01/14 06:18:52.546 [D] [server.go:2802]  |            ::1|[97;42m 200 [0m|   1.513151ms|   match|[97;44m GET     [0m /v1/token/validate   r:/v1/token/validate
2020/01/14 06:18:55.685 [D] [server.go:2802]  |            ::1|[97;42m 200 [0m|   1.417644ms|   match|[97;44m GET     [0m /v1/token/validate   r:/v1/token/validate
2020/01/14 06:18:57.056 [D] [server.go:2802]  |            ::1|[97;42m 200 [0m|   1.164297ms|   match|[97;44m GET     [0m /v1/token/validate   r:/v1/token/validate
2020/01/14 06:19:11.269 [D] [server.go:2802]  |            ::1|[97;42m 200 [0m|     22.469µs| nomatch|[90;47m OPTIONS [0m /v1/token/validate
2020/01/14 06:19:11.275 [D] [server.go:2802]  |            ::1|[97;42m 200 [0m|   1.003407ms|   match|[97;44m GET     [0m /v1/token/validate   r:/v1/token/validate
2020/01/14 06:19:50.853 [D] [server.go:2802]  |            ::1|[97;42m 200 [0m|  1.40950904s|   match|[97;46m POST    [0m /v1/user/login   r:/v1/user/login
2020/01/14 06:19:51.095 [D] [server.go:2802]  |            ::1|[97;42m 200 [0m|     77.547µs| nomatch|[90;47m OPTIONS [0m /v1/token/validate
2020/01/14 06:19:51.101 [D] [server.go:2802]  |            ::1|[97;42m 200 [0m|   1.276762ms|   match|[97;44m GET     [0m /v1/token/validate   r:/v1/token/validate
2020/01/14 06:29:32.974 [D] [server.go:2802]  |            ::1|[97;42m 200 [0m|     69.583µs| nomatch|[90;47m OPTIONS [0m /v1/token/validate
2020/01/14 06:29:32.977 [D] [server.go:2802]  |            ::1|[97;42m 200 [0m|    585.604µs|   match|[97;44m GET     [0m /v1/token/validate   r:/v1/token/validate
2020/01/14 06:29:39.915 [D] [server.go:2802]  |            ::1|[97;42m 200 [0m|     76.461µs| nomatch|[90;47m OPTIONS [0m /v1/token/validate
2020/01/14 06:29:39.924 [D] [server.go:2802]  |            ::1|[97;42m 200 [0m|   2.154453ms|   match|[97;44m GET     [0m /v1/token/validate   r:/v1/token/validate
2020/01/14 09:53:04.473 [D] [server.go:2802]  |            ::1|[97;42m 200 [0m|     34.657µs| nomatch|[90;47m OPTIONS [0m /v1/token/validate
2020/01/14 09:53:04.477 [D] [server.go:2802]  |            ::1|[97;42m 200 [0m|   1.101554ms|   match|[97;44m GET     [0m /v1/token/validate   r:/v1/token/validate
2020/01/14 09:54:10.608 [D] [server.go:2802]  |            ::1|[97;42m 200 [0m|     17.179µs| nomatch|[90;47m OPTIONS [0m /v1/token/validate
2020/01/14 09:54:10.611 [D] [server.go:2802]  |            ::1|[97;42m 200 [0m|    641.561µs|   match|[97;44m GET     [0m /v1/token/validate   r:/v1/token/validate
2020/01/14 09:54:35.733 [D] [server.go:2802]  |            ::1|[97;42m 200 [0m|     19.877µs| nomatch|[90;47m OPTIONS [0m /v1/token/validate
2020/01/14 09:54:35.736 [D] [server.go:2802]  |            ::1|[97;42m 200 [0m|     736.71µs|   match|[97;44m GET     [0m /v1/token/validate   r:/v1/token/validate
2020/01/14 09:55:03.776 [D] [server.go:2802]  |            ::1|[97;42m 200 [0m|     67.004µs| nomatch|[90;47m OPTIONS [0m /v1/token/validate
2020/01/14 09:55:03.782 [D] [server.go:2802]  |            ::1|[97;42m 200 [0m|   1.272358ms|   match|[97;44m GET     [0m /v1/token/validate   r:/v1/token/validate
2020/01/14 09:55:22.984 [D] [server.go:2802]  |            ::1|[97;42m 200 [0m|     20.558µs| nomatch|[90;47m OPTIONS [0m /v1/token/validate
2020/01/14 09:55:22.987 [D] [server.go:2802]  |            ::1|[97;42m 200 [0m|    760.489µs|   match|[97;44m GET     [0m /v1/token/validate   r:/v1/token/validate
2020/01/14 09:55:42.117 [D] [server.go:2802]  |            ::1|[97;42m 200 [0m|     21.956µs| nomatch|[90;47m OPTIONS [0m /v1/token/validate
2020/01/14 09:55:42.120 [D] [server.go:2802]  |            ::1|[97;42m 200 [0m|    889.272µs|   match|[97;44m GET     [0m /v1/token/validate   r:/v1/token/validate
2020/01/14 09:55:53.989 [D] [server.go:2802]  |            ::1|[97;42m 200 [0m|     16.996µs| nomatch|[90;47m OPTIONS [0m /v1/token/validate
2020/01/14 09:55:53.992 [D] [server.go:2802]  |            ::1|[97;42m 200 [0m|    577.218µs|   match|[97;44m GET     [0m /v1/token/validate   r:/v1/token/validate
2020/01/14 09:56:09.581 [D] [server.go:2802]  |            ::1|[97;42m 200 [0m|     38.908µs| nomatch|[90;47m OPTIONS [0m /v1/token/validate
2020/01/14 09:56:09.584 [D] [server.go:2802]  |            ::1|[97;42m 200 [0m|    588.338µs|   match|[97;44m GET     [0m /v1/token/validate   r:/v1/token/validate
2020/01/14 09:58:06.897 [D] [server.go:2802]  |            ::1|[97;42m 200 [0m|     26.698µs| nomatch|[90;47m OPTIONS [0m /v1/token/validate
2020/01/14 09:58:06.900 [D] [server.go:2802]  |            ::1|[97;42m 200 [0m|     654.52µs|   match|[97;44m GET     [0m /v1/token/validate   r:/v1/token/validate
2020/01/14 10:06:28.672 [D] [server.go:2802]  |            ::1|[97;42m 200 [0m|     41.608µs| nomatch|[90;47m OPTIONS [0m /v1/token/validate
2020/01/14 10:06:28.675 [D] [server.go:2802]  |            ::1|[97;42m 200 [0m|    729.341µs|   match|[97;44m GET     [0m /v1/token/validate   r:/v1/token/validate
2020/01/14 10:06:47.536 [D] [server.go:2802]  |            ::1|[97;42m 200 [0m|     34.967µs| nomatch|[90;47m OPTIONS [0m /v1/token/validate
2020/01/14 10:06:47.541 [D] [server.go:2802]  |            ::1|[97;42m 200 [0m|    892.217µs|   match|[97;44m GET     [0m /v1/token/validate   r:/v1/token/validate
2020/01/14 10:07:04.991 [D] [server.go:2802]  |            ::1|[97;42m 200 [0m|     28.126µs| nomatch|[90;47m OPTIONS [0m /v1/token/validate
2020/01/14 10:07:04.995 [D] [server.go:2802]  |            ::1|[97;42m 200 [0m|    645.116µs|   match|[97;44m GET     [0m /v1/token/validate   r:/v1/token/validate
2020/01/14 10:07:42.815 [D] [server.go:2802]  |            ::1|[97;42m 200 [0m|     29.373µs| nomatch|[90;47m OPTIONS [0m /v1/token/validate
2020/01/14 10:07:42.821 [D] [server.go:2802]  |            ::1|[97;42m 200 [0m|   1.351786ms|   match|[97;44m GET     [0m /v1/token/validate   r:/v1/token/validate
2020/01/14 10:10:46.065 [D] [server.go:2802]  |            ::1|[97;42m 200 [0m|     55.433µs| nomatch|[90;47m OPTIONS [0m /v1/token/validate
2020/01/14 10:10:46.070 [D] [server.go:2802]  |            ::1|[97;42m 200 [0m|    1.26687ms|   match|[97;44m GET     [0m /v1/token/validate   r:/v1/token/validate
2020/01/14 10:11:35.862 [D] [server.go:2802]  |            ::1|[97;42m 200 [0m|      24.93µs| nomatch|[90;47m OPTIONS [0m /v1/token/validate
2020/01/14 10:11:35.867 [D] [server.go:2802]  |            ::1|[97;42m 200 [0m|    951.819µs|   match|[97;44m GET     [0m /v1/token/validate   r:/v1/token/validate
2020/01/14 10:11:57.201 [D] [server.go:2802]  |            ::1|[97;42m 200 [0m|     16.763µs| nomatch|[90;47m OPTIONS [0m /v1/token/validate
2020/01/14 10:11:57.204 [D] [server.go:2802]  |            ::1|[97;42m 200 [0m|     693.63µs|   match|[97;44m GET     [0m /v1/token/validate   r:/v1/token/validate
2020/01/14 10:40:44.065 [D] [server.go:2802]  |            ::1|[97;42m 200 [0m|     32.469µs| nomatch|[90;47m OPTIONS [0m /v1/token/validate
2020/01/14 10:40:44.070 [D] [server.go:2802]  |            ::1|[97;42m 200 [0m|   1.416703ms|   match|[97;44m GET     [0m /v1/token/validate   r:/v1/token/validate
2020/01/14 10:40:59.830 [D] [server.go:2802]  |            ::1|[97;42m 200 [0m|     40.882µs| nomatch|[90;47m OPTIONS [0m /v1/token/validate
2020/01/14 10:40:59.836 [D] [server.go:2802]  |            ::1|[97;42m 200 [0m|    811.569µs|   match|[97;44m GET     [0m /v1/token/validate   r:/v1/token/validate
2020/01/14 10:46:23.247 [D] [server.go:2802]  |            ::1|[97;42m 200 [0m|     42.865µs| nomatch|[90;47m OPTIONS [0m /v1/token/validate
2020/01/14 10:46:23.253 [D] [server.go:2802]  |            ::1|[97;42m 200 [0m|   1.532083ms|   match|[97;44m GET     [0m /v1/token/validate   r:/v1/token/validate
2020/01/14 10:47:56.221 [D] [server.go:2802]  |            ::1|[97;42m 200 [0m|     16.487µs| nomatch|[90;47m OPTIONS [0m /v1/token/validate
2020/01/14 10:47:56.224 [D] [server.go:2802]  |            ::1|[97;42m 200 [0m|    615.805µs|   match|[97;44m GET     [0m /v1/token/validate   r:/v1/token/validate
2020/01/14 10:48:51.146 [D] [server.go:2802]  |            ::1|[97;42m 200 [0m|    247.873µs| nomatch|[90;47m OPTIONS [0m /v1/token/validate
2020/01/14 10:48:51.150 [D] [server.go:2802]  |            ::1|[97;42m 200 [0m|    772.063µs|   match|[97;44m GET     [0m /v1/token/validate   r:/v1/token/validate
2020/01/14 10:57:38.687 [D] [server.go:2802]  |            ::1|[97;42m 200 [0m|      30.92µs| nomatch|[90;47m OPTIONS [0m /v1/token/validate
2020/01/14 10:57:38.690 [D] [server.go:2802]  |            ::1|[97;42m 200 [0m|     759.25µs|   match|[97;44m GET     [0m /v1/token/validate   r:/v1/token/validate
2020/01/14 11:00:28.316 [D] [server.go:2802]  |            ::1|[97;42m 200 [0m|     19.087µs| nomatch|[90;47m OPTIONS [0m /v1/token/validate
2020/01/14 11:00:28.319 [D] [server.go:2802]  |            ::1|[97;42m 200 [0m|   1.082701ms|   match|[97;44m GET     [0m /v1/token/validate   r:/v1/token/validate
2020/01/14 11:00:55.339 [D] [server.go:2802]  |            ::1|[97;42m 200 [0m| 1.327960591s|   match|[97;46m POST    [0m /v1/user/login   r:/v1/user/login
2020/01/14 11:00:55.513 [D] [server.go:2802]  |            ::1|[97;42m 200 [0m|     22.891µs| nomatch|[90;47m OPTIONS [0m /v1/token/validate
2020/01/14 11:00:55.517 [D] [server.go:2802]  |            ::1|[97;42m 200 [0m|    780.986µs|   match|[97;44m GET     [0m /v1/token/validate   r:/v1/token/validate
2020/01/14 11:00:57.495 [D] [server.go:2802]  |            ::1|[97;42m 200 [0m|    712.852µs|   match|[97;44m GET     [0m /v1/token/validate   r:/v1/token/validate
2020/01/14 11:01:00.222 [D] [server.go:2802]  |            ::1|[97;42m 200 [0m|    598.892µs|   match|[97;44m GET     [0m /v1/token/validate   r:/v1/token/validate
2020/01/14 11:10:20.738 [D] [server.go:2802]  |            ::1|[97;42m 200 [0m|       38.8µs| nomatch|[90;47m OPTIONS [0m /v1/token/validate
2020/01/14 11:10:20.744 [D] [server.go:2802]  |            ::1|[97;42m 200 [0m|   1.756124ms|   match|[97;44m GET     [0m /v1/token/validate   r:/v1/token/validate
2020/01/14 11:10:24.313 [D] [server.go:2802]  |            ::1|[97;42m 200 [0m|    886.619µs|   match|[97;44m GET     [0m /v1/token/validate   r:/v1/token/validate
2020/01/14 11:10:27.227 [D] [server.go:2802]  |            ::1|[97;42m 200 [0m|     38.978µs| nomatch|[90;47m OPTIONS [0m /v1/token/validate
2020/01/14 11:10:27.230 [D] [server.go:2802]  |            ::1|[97;42m 200 [0m|    719.469µs|   match|[97;44m GET     [0m /v1/token/validate   r:/v1/token/validate
2020/01/14 11:20:13.014 [D] [server.go:2802]  |            ::1|[97;42m 200 [0m|     32.313µs| nomatch|[90;47m OPTIONS [0m /v1/token/validate
2020/01/14 11:20:13.019 [D] [server.go:2802]  |            ::1|[97;42m 200 [0m|    920.899µs|   match|[97;44m GET     [0m /v1/token/validate   r:/v1/token/validate
2020/01/14 11:21:01.325 [D] [server.go:2802]  |            ::1|[97;42m 200 [0m|     32.372µs| nomatch|[90;47m OPTIONS [0m /v1/token/validate
2020/01/14 11:21:01.327 [D] [server.go:2802]  |            ::1|[97;42m 200 [0m|    708.576µs|   match|[97;44m GET     [0m /v1/token/validate   r:/v1/token/validate
2020/01/14 11:21:44.730 [D] [server.go:2802]  |            ::1|[97;42m 200 [0m|     19.883µs| nomatch|[90;47m OPTIONS [0m /v1/token/validate
2020/01/14 11:21:44.735 [D] [server.go:2802]  |            ::1|[97;42m 200 [0m|   1.635877ms|   match|[97;44m GET     [0m /v1/token/validate   r:/v1/token/validate
2020/01/14 11:22:22.343 [D] [server.go:2802]  |            ::1|[97;42m 200 [0m|      24.66µs| nomatch|[90;47m OPTIONS [0m /v1/token/validate
2020/01/14 11:22:22.346 [D] [server.go:2802]  |            ::1|[97;42m 200 [0m|    641.641µs|   match|[97;44m GET     [0m /v1/token/validate   r:/v1/token/validate
2020/01/14 16:02:30.726 [D] [server.go:2802]  |            ::1|[97;42m 200 [0m| 1.399462943s|   match|[97;46m POST    [0m /v1/user/login   r:/v1/user/login
2020/01/14 16:02:30.852 [D] [server.go:2802]  |            ::1|[97;42m 200 [0m|      16.66µs| nomatch|[90;47m OPTIONS [0m /v1/token/validate
2020/01/14 16:02:30.855 [D] [server.go:2802]  |            ::1|[97;42m 200 [0m|    899.183µs|   match|[97;44m GET     [0m /v1/token/validate   r:/v1/token/validate
2020/01/14 16:02:32.571 [D] [server.go:2802]  |            ::1|[97;42m 200 [0m|   1.123608ms|   match|[97;44m GET     [0m /v1/token/validate   r:/v1/token/validate
2020/01/14 16:02:43.383 [D] [server.go:2802]  |            ::1|[97;42m 200 [0m|     15.102µs| nomatch|[90;47m OPTIONS [0m /v1/token/validate
2020/01/14 16:02:43.387 [D] [server.go:2802]  |            ::1|[97;42m 200 [0m|    715.441µs|   match|[97;44m GET     [0m /v1/token/validate   r:/v1/token/validate
2020/01/14 16:03:13.172 [D] [server.go:2802]  |            ::1|[97;42m 200 [0m| 1.025232996s|   match|[97;46m POST    [0m /v1/user/login   r:/v1/user/login
2020/01/14 16:03:13.310 [D] [server.go:2802]  |            ::1|[97;42m 200 [0m|     14.272µs| nomatch|[90;47m OPTIONS [0m /v1/token/validate
2020/01/14 16:03:13.313 [D] [server.go:2802]  |            ::1|[97;42m 200 [0m|     715.65µs|   match|[97;44m GET     [0m /v1/token/validate   r:/v1/token/validate
2020/01/14 16:03:15.534 [D] [server.go:2802]  |            ::1|[97;42m 200 [0m|    831.154µs|   match|[97;44m GET     [0m /v1/token/validate   r:/v1/token/validate
2020/01/14 16:03:18.403 [D] [server.go:2802]  |            ::1|[97;42m 200 [0m|     21.795µs| nomatch|[90;47m OPTIONS [0m /v1/token/validate
2020/01/14 16:03:18.407 [D] [server.go:2802]  |            ::1|[97;42m 200 [0m|    812.779µs|   match|[97;44m GET     [0m /v1/token/validate   r:/v1/token/validate
2020/01/14 16:03:21.818 [D] [server.go:2802]  |            ::1|[97;42m 200 [0m|    699.458µs|   match|[97;44m GET     [0m /v1/token/validate   r:/v1/token/validate
2020/01/14 16:03:26.131 [D] [server.go:2802]  |            ::1|[97;42m 200 [0m|     18.174µs| nomatch|[90;47m OPTIONS [0m /v1/token/validate
2020/01/14 16:03:26.134 [D] [server.go:2802]  |            ::1|[97;42m 200 [0m|    737.691µs|   match|[97;44m GET     [0m /v1/token/validate   r:/v1/token/validate
2020/01/14 16:10:26.231 [D] [server.go:2802]  |            ::1|[97;42m 200 [0m|     58.923µs| nomatch|[90;47m OPTIONS [0m /v1/token/validate
2020/01/14 16:10:26.859 [D] [server.go:2802]  |            ::1|[97;42m 200 [0m| 624.673622ms|   match|[97;44m GET     [0m /v1/token/validate   r:/v1/token/validate
2020/01/14 16:11:07.056 [D] [server.go:2802]  |            ::1|[97;42m 200 [0m| 1.688375438s|   match|[97;46m POST    [0m /v1/user/login   r:/v1/user/login
2020/01/14 16:11:07.207 [D] [server.go:2802]  |            ::1|[97;42m 200 [0m|     44.873µs| nomatch|[90;47m OPTIONS [0m /v1/token/validate
2020/01/14 16:11:07.212 [D] [server.go:2802]  |            ::1|[97;42m 200 [0m|      678.7µs|   match|[97;44m GET     [0m /v1/token/validate   r:/v1/token/validate
2020/01/14 16:11:09.083 [D] [server.go:2802]  |            ::1|[97;42m 200 [0m|     828.03µs|   match|[97;44m GET     [0m /v1/token/validate   r:/v1/token/validate
2020/01/14 16:11:12.532 [D] [server.go:2802]  |            ::1|[97;42m 200 [0m|     15.139µs| nomatch|[90;47m OPTIONS [0m /v1/token/validate
2020/01/14 16:11:12.534 [D] [server.go:2802]  |            ::1|[97;42m 200 [0m|     578.13µs|   match|[97;44m GET     [0m /v1/token/validate   r:/v1/token/validate
2020/01/14 16:11:19.799 [D] [server.go:2802]  |            ::1|[97;42m 200 [0m|     40.594µs| nomatch|[90;47m OPTIONS [0m /v1/token/validate
2020/01/14 16:11:19.802 [D] [server.go:2802]  |            ::1|[97;42m 200 [0m|     676.42µs|   match|[97;44m GET     [0m /v1/token/validate   r:/v1/token/validate
2020/01/14 16:11:34.331 [D] [server.go:2802]  |            ::1|[97;42m 200 [0m|     16.038µs| nomatch|[90;47m OPTIONS [0m /v1/token/validate
2020/01/14 16:11:34.334 [D] [server.go:2802]  |            ::1|[97;42m 200 [0m|    578.287µs|   match|[97;44m GET     [0m /v1/token/validate   r:/v1/token/validate
2020/01/14 16:20:40.791 [D] [server.go:2802]  |            ::1|[97;42m 200 [0m|     37.703µs| nomatch|[90;47m OPTIONS [0m /v1/token/validate
2020/01/14 16:20:40.794 [D] [server.go:2802]  |            ::1|[97;42m 200 [0m|    686.822µs|   match|[97;44m GET     [0m /v1/token/validate   r:/v1/token/validate
2020/01/14 16:22:18.150 [D] [server.go:2802]  |            ::1|[97;42m 200 [0m|     60.668µs| nomatch|[90;47m OPTIONS [0m /v1/token/validate
2020/01/14 16:22:18.153 [D] [server.go:2802]  |            ::1|[97;42m 200 [0m|    594.401µs|   match|[97;44m GET     [0m /v1/token/validate   r:/v1/token/validate
2020/01/14 16:22:44.577 [D] [server.go:2802]  |            ::1|[97;42m 200 [0m|     16.051µs| nomatch|[90;47m OPTIONS [0m /v1/token/validate
2020/01/14 16:22:44.580 [D] [server.go:2802]  |            ::1|[97;42m 200 [0m|     790.81µs|   match|[97;44m GET     [0m /v1/token/validate   r:/v1/token/validate
2020/01/14 16:26:42.794 [D] [server.go:2802]  |            ::1|[97;42m 200 [0m| 2.288165438s|   match|[97;46m POST    [0m /v1/user/login   r:/v1/user/login
2020/01/14 16:26:42.956 [D] [server.go:2802]  |            ::1|[97;42m 200 [0m|     39.828µs| nomatch|[90;47m OPTIONS [0m /v1/token/validate
2020/01/14 16:26:42.959 [D] [server.go:2802]  |            ::1|[97;42m 200 [0m|    682.778µs|   match|[97;44m GET     [0m /v1/token/validate   r:/v1/token/validate
2020/01/14 16:26:45.427 [D] [server.go:2802]  |            ::1|[97;42m 200 [0m|    990.542µs|   match|[97;44m GET     [0m /v1/token/validate   r:/v1/token/validate
2020/01/14 16:30:55.359 [D] [server.go:2802]  |            ::1|[97;42m 200 [0m|     40.402µs| nomatch|[90;47m OPTIONS [0m /v1/token/validate
2020/01/14 16:30:55.364 [D] [server.go:2802]  |            ::1|[97;42m 200 [0m|   1.315079ms|   match|[97;44m GET     [0m /v1/token/validate   r:/v1/token/validate
2020/01/14 16:31:32.191 [D] [server.go:2802]  |            ::1|[97;42m 200 [0m| 1.105211501s|   match|[97;46m POST    [0m /v1/user/login   r:/v1/user/login
2020/01/14 16:31:32.370 [D] [server.go:2802]  |            ::1|[97;42m 200 [0m|     61.617µs| nomatch|[90;47m OPTIONS [0m /v1/token/validate
2020/01/14 16:31:32.374 [D] [server.go:2802]  |            ::1|[97;42m 200 [0m|    912.144µs|   match|[97;44m GET     [0m /v1/token/validate   r:/v1/token/validate
2020/01/14 16:31:34.789 [D] [server.go:2802]  |            ::1|[97;42m 200 [0m|    635.948µs|   match|[97;44m GET     [0m /v1/token/validate   r:/v1/token/validate
2020/01/14 16:31:55.108 [D] [server.go:2802]  |            ::1|[97;42m 200 [0m|     17.315µs| nomatch|[90;47m OPTIONS [0m /v1/token/validate
2020/01/14 16:31:55.111 [D] [server.go:2802]  |            ::1|[97;42m 200 [0m|    612.018µs|   match|[97;44m GET     [0m /v1/token/validate   r:/v1/token/validate
2020/01/14 16:32:02.887 [D] [server.go:2802]  |            ::1|[97;42m 200 [0m|     16.786µs| nomatch|[90;47m OPTIONS [0m /v1/token/validate
2020/01/14 16:32:02.889 [D] [server.go:2802]  |            ::1|[97;42m 200 [0m|    610.638µs|   match|[97;44m GET     [0m /v1/token/validate   r:/v1/token/validate
2020/01/14 16:32:15.146 [D] [server.go:2802]  |            ::1|[97;42m 200 [0m|     63.162µs| nomatch|[90;47m OPTIONS [0m /v1/token/validate
2020/01/14 16:32:15.149 [D] [server.go:2802]  |            ::1|[97;42m 200 [0m|    694.502µs|   match|[97;44m GET     [0m /v1/token/validate   r:/v1/token/validate
2020/01/14 16:33:54.000 [D] [server.go:2802]  |            ::1|[97;42m 200 [0m|     17.228µs| nomatch|[90;47m OPTIONS [0m /v1/token/validate
2020/01/14 16:33:54.003 [D] [server.go:2802]  |            ::1|[97;42m 200 [0m|    601.942µs|   match|[97;44m GET     [0m /v1/token/validate   r:/v1/token/validate
2020/01/14 16:35:52.690 [D] [server.go:2802]  |            ::1|[97;42m 200 [0m|    295.446µs| nomatch|[90;47m OPTIONS [0m /v1/token/validate
2020/01/14 16:35:52.696 [D] [server.go:2802]  |            ::1|[97;42m 200 [0m|   1.225857ms|   match|[97;44m GET     [0m /v1/token/validate   r:/v1/token/validate
2020/01/14 16:36:26.798 [D] [server.go:2802]  |            ::1|[97;42m 200 [0m|     23.374µs| nomatch|[90;47m OPTIONS [0m /v1/token/validate
2020/01/14 16:36:26.801 [D] [server.go:2802]  |            ::1|[97;42m 200 [0m|    697.157µs|   match|[97;44m GET     [0m /v1/token/validate   r:/v1/token/validate
2020/01/14 16:36:47.670 [D] [server.go:2802]  |            ::1|[97;42m 200 [0m| 2.481364815s|   match|[97;46m POST    [0m /v1/user/login   r:/v1/user/login
2020/01/14 16:36:47.830 [D] [server.go:2802]  |            ::1|[97;42m 200 [0m|     30.819µs| nomatch|[90;47m OPTIONS [0m /v1/token/validate
2020/01/14 16:36:47.836 [D] [server.go:2802]  |            ::1|[97;42m 200 [0m|   1.710727ms|   match|[97;44m GET     [0m /v1/token/validate   r:/v1/token/validate
2020/01/14 16:36:49.985 [D] [server.go:2802]  |            ::1|[97;42m 200 [0m|    679.763µs|   match|[97;44m GET     [0m /v1/token/validate   r:/v1/token/validate
