2020/02/10 09:25:17.264 [D] [server.go:2802]  |            ::1|[97;42m 200 [0m|     52.922µs| nomatch|[90;47m OPTIONS [0m /v1/token/validate
2020/02/10 09:25:17.268 [D] [server.go:2802]  |            ::1|[97;42m 200 [0m|    628.864µs|   match|[97;44m GET     [0m /v1/token/validate   r:/v1/token/validate
2020/02/10 08:28:21.165 [D] [server.go:2802]  |            ::1|[97;42m 200 [0m|     41.633µs| nomatch|[90;47m OPTIONS [0m /v1/token/validate
2020/02/10 08:28:21.169 [D] [server.go:2802]  |            ::1|[97;42m 200 [0m|    796.465µs|   match|[97;44m GET     [0m /v1/token/validate   r:/v1/token/validate
2020/02/10 09:12:06.540 [D] [server.go:2802]  |            ::1|[97;42m 200 [0m|     57.336µs| nomatch|[90;47m OPTIONS [0m /v1/token/validate
2020/02/10 09:12:06.548 [D] [server.go:2802]  |            ::1|[97;42m 200 [0m|   1.169978ms|   match|[97;44m GET     [0m /v1/token/validate   r:/v1/token/validate
2020/02/10 09:12:10.019 [D] [server.go:2802]  |            ::1|[97;42m 200 [0m|    874.584µs|   match|[97;44m GET     [0m /v1/token/validate   r:/v1/token/validate
2020/02/10 09:22:37.491 [D] [server.go:2802]  |            ::1|[97;42m 200 [0m| 1.069843373s|   match|[97;46m POST    [0m /v1/user/login   r:/v1/user/login
2020/02/10 09:22:37.670 [D] [server.go:2802]  |            ::1|[97;42m 200 [0m|     39.701µs| nomatch|[90;47m OPTIONS [0m /v1/token/validate
2020/02/10 09:22:37.674 [D] [server.go:2802]  |            ::1|[97;42m 200 [0m|    929.881µs|   match|[97;44m GET     [0m /v1/token/validate   r:/v1/token/validate
2020/02/10 09:22:42.526 [D] [server.go:2802]  |            ::1|[97;42m 200 [0m|    973.567µs|   match|[97;44m GET     [0m /v1/token/validate   r:/v1/token/validate
2020/02/10 09:22:52.377 [D] [server.go:2802]  |            ::1|[97;42m 200 [0m|     77.112µs| nomatch|[90;47m OPTIONS [0m /v1/token/validate
2020/02/10 09:22:52.384 [D] [server.go:2802]  |            ::1|[97;42m 200 [0m|   1.450088ms|   match|[97;44m GET     [0m /v1/token/validate   r:/v1/token/validate
2020/02/10 09:22:55.185 [D] [server.go:2802]  |            ::1|[97;42m 200 [0m|    801.274µs|   match|[97;44m GET     [0m /v1/token/validate   r:/v1/token/validate
2020/02/10 09:25:33.251 [D] [server.go:2802]  |            ::1|[97;42m 200 [0m| 443.599374ms|   match|[97;44m GET     [0m /v1/user/password/recover/kemepade.sammy@ceslintlgroup.com   r:/v1/user/password/recover/:email
2020/02/10 09:25:48.541 [D] [server.go:2802]  |            ::1|[97;42m 200 [0m| 107.581318ms|   match|[97;44m GET     [0m /v1/user/password/recover/jennifer.daniel@my-gpi.io   r:/v1/user/password/recover/:email
2020/02/10 09:30:52.489 [D] [server.go:2802]  |            ::1|[97;42m 200 [0m| 163.006984ms|   match|[97;44m GET     [0m /v1/user/password/recover/kemepade.sammy@ceslintlgroup.com   r:/v1/user/password/recover/:email
2020/02/10 09:31:24.156 [D] [server.go:2802]  |            ::1|[97;42m 200 [0m|     17.606µs| nomatch|[90;47m OPTIONS [0m /v1/validate/password/code
2020/02/10 09:31:24.161 [D] [server.go:2802]  |            ::1|[97;42m 200 [0m|    661.955µs|   match|[97;46m POST    [0m /v1/validate/password/code   r:/v1/validate/password/code
2020/02/10 09:31:32.813 [D] [server.go:2802]  |            ::1|[97;42m 200 [0m|     42.767µs| nomatch|[90;47m OPTIONS [0m /v1/user/password/reset
2020/02/10 09:31:33.786 [D] [server.go:2802]  |            ::1|[97;42m 200 [0m| 967.725019ms|   match|[97;46m POST    [0m /v1/user/password/reset   r:/v1/user/password/reset
2020/02/10 09:34:30.246 [D] [server.go:2802]  |            ::1|[97;42m 200 [0m|      22.06µs| nomatch|[90;47m OPTIONS [0m /v1/validate/password/code
2020/02/10 09:34:30.382 [D] [server.go:2802]  |            ::1|[97;42m 200 [0m|    685.381µs|   match|[97;46m POST    [0m /v1/validate/password/code   r:/v1/validate/password/code
2020/02/10 09:34:59.236 [D] [server.go:2802]  |            ::1|[97;42m 200 [0m| 1.097533117s|   match|[97;46m POST    [0m /v1/user/login   r:/v1/user/login
2020/02/10 09:34:59.419 [D] [server.go:2802]  |            ::1|[97;42m 200 [0m|     40.886µs| nomatch|[90;47m OPTIONS [0m /v1/token/validate
2020/02/10 09:34:59.425 [D] [server.go:2802]  |            ::1|[97;42m 200 [0m|   2.804136ms|   match|[97;44m GET     [0m /v1/token/validate   r:/v1/token/validate
2020/02/10 09:35:02.563 [D] [server.go:2802]  |            ::1|[97;42m 200 [0m|    684.862µs|   match|[97;44m GET     [0m /v1/token/validate   r:/v1/token/validate
2020/02/10 09:35:04.095 [D] [server.go:2802]  |            ::1|[97;42m 200 [0m|    831.579µs|   match|[97;44m GET     [0m /v1/token/validate   r:/v1/token/validate
2020/02/10 09:35:59.877 [D] [server.go:2802]  |            ::1|[97;42m 200 [0m|     37.438µs| nomatch|[90;47m OPTIONS [0m /v1/validate/password/code
2020/02/10 09:35:59.960 [D] [server.go:2802]  |            ::1|[97;42m 200 [0m|    621.987µs|   match|[97;46m POST    [0m /v1/validate/password/code   r:/v1/validate/password/code
2020/02/10 09:36:07.394 [D] [server.go:2802]  |            ::1|[97;42m 200 [0m|      27.52µs| nomatch|[90;47m OPTIONS [0m /v1/user/password/reset
2020/02/10 09:36:08.474 [D] [server.go:2802]  |            ::1|[97;42m 200 [0m| 1.075876824s|   match|[97;46m POST    [0m /v1/user/password/reset   r:/v1/user/password/reset
2020/02/10 09:36:35.970 [D] [server.go:2802]  |            ::1|[97;42m 200 [0m| 1.943290436s|   match|[97;46m POST    [0m /v1/user/login   r:/v1/user/login
2020/02/10 09:36:36.182 [D] [server.go:2802]  |            ::1|[97;42m 200 [0m|       39.1µs| nomatch|[90;47m OPTIONS [0m /v1/token/validate
2020/02/10 09:36:36.186 [D] [server.go:2802]  |            ::1|[97;42m 200 [0m|    930.045µs|   match|[97;44m GET     [0m /v1/token/validate   r:/v1/token/validate
2020/02/10 09:36:38.720 [D] [server.go:2802]  |            ::1|[97;42m 200 [0m|   1.229357ms|   match|[97;44m GET     [0m /v1/token/validate   r:/v1/token/validate
2020/02/10 09:36:40.296 [D] [server.go:2802]  |            ::1|[97;42m 200 [0m|    979.869µs|   match|[97;44m GET     [0m /v1/token/validate   r:/v1/token/validate
2020/02/10 09:45:32.429 [D] [server.go:2802]  |            ::1|[97;42m 200 [0m|     47.813µs| nomatch|[90;47m OPTIONS [0m /v1/token/validate
2020/02/10 09:45:32.432 [D] [server.go:2802]  |            ::1|[97;42m 200 [0m|   1.288107ms|   match|[97;44m GET     [0m /v1/token/validate   r:/v1/token/validate
2020/02/10 09:59:19.094 [D] [server.go:2802]  |            ::1|[97;42m 200 [0m|     34.788µs| nomatch|[90;47m OPTIONS [0m /v1/token/validate
2020/02/10 09:59:19.097 [D] [server.go:2802]  |            ::1|[97;42m 200 [0m|    725.658µs|   match|[97;44m GET     [0m /v1/token/validate   r:/v1/token/validate
2020/02/10 10:00:04.449 [D] [server.go:2802]  |            ::1|[97;42m 200 [0m|     40.508µs| nomatch|[90;47m OPTIONS [0m /v1/token/validate
2020/02/10 10:00:04.454 [D] [server.go:2802]  |            ::1|[97;42m 200 [0m|    751.175µs|   match|[97;44m GET     [0m /v1/token/validate   r:/v1/token/validate
2020/02/10 10:23:38.363 [D] [server.go:2802]  |            ::1|[97;42m 200 [0m|     29.987µs| nomatch|[90;47m OPTIONS [0m /v1/token/validate
2020/02/10 10:23:38.367 [D] [server.go:2802]  |            ::1|[97;42m 200 [0m|    921.145µs|   match|[97;44m GET     [0m /v1/token/validate   r:/v1/token/validate
2020/02/10 10:24:21.226 [D] [server.go:2802]  |            ::1|[97;42m 200 [0m|     32.788µs| nomatch|[90;47m OPTIONS [0m /v1/token/validate
2020/02/10 10:24:21.230 [D] [server.go:2802]  |            ::1|[97;42m 200 [0m|     770.53µs|   match|[97;44m GET     [0m /v1/token/validate   r:/v1/token/validate
2020/02/10 10:24:29.006 [D] [server.go:2802]  |            ::1|[97;42m 200 [0m|     19.105µs| nomatch|[90;47m OPTIONS [0m /v1/token/validate
2020/02/10 10:24:29.009 [D] [server.go:2802]  |            ::1|[97;42m 200 [0m|    847.663µs|   match|[97;44m GET     [0m /v1/token/validate   r:/v1/token/validate
2020/02/10 10:45:05.309 [D] [server.go:2802]  |            ::1|[97;42m 200 [0m|    139.334µs| nomatch|[90;47m OPTIONS [0m /v1/user
2020/02/10 10:45:05.351 [D] [server.go:2802]  |            ::1|[97;42m 200 [0m|  12.757322ms|   match|[97;44m GET     [0m /v1/user   r:/v1/user/
2020/02/10 10:45:10.619 [D] [server.go:2802]  |            ::1|[97;42m 200 [0m|     18.847µs| nomatch|[90;47m OPTIONS [0m /v1/token/validate
2020/02/10 10:45:10.622 [D] [server.go:2802]  |            ::1|[97;42m 200 [0m|    729.856µs|   match|[97;44m GET     [0m /v1/token/validate   r:/v1/token/validate
2020/02/10 10:45:22.366 [D] [server.go:2802]  |            ::1|[97;42m 200 [0m|     32.275µs| nomatch|[90;47m OPTIONS [0m /v1/token/validate
2020/02/10 10:45:22.369 [D] [server.go:2802]  |            ::1|[97;42m 200 [0m|    614.165µs|   match|[97;44m GET     [0m /v1/token/validate   r:/v1/token/validate
2020/02/10 10:45:29.201 [D] [server.go:2802]  |            ::1|[97;42m 200 [0m|     17.534µs| nomatch|[90;47m OPTIONS [0m /v1/token/validate
2020/02/10 10:45:29.203 [D] [server.go:2802]  |            ::1|[97;42m 200 [0m|    729.655µs|   match|[97;44m GET     [0m /v1/token/validate   r:/v1/token/validate
2020/02/10 10:45:46.679 [D] [server.go:2802]  |            ::1|[97;42m 200 [0m|     16.312µs| nomatch|[90;47m OPTIONS [0m /v1/token/validate
2020/02/10 10:45:46.682 [D] [server.go:2802]  |            ::1|[97;42m 200 [0m|    791.537µs|   match|[97;44m GET     [0m /v1/token/validate   r:/v1/token/validate
2020/02/10 10:46:15.237 [D] [server.go:2802]  |            ::1|[97;42m 200 [0m|     23.333µs| nomatch|[90;47m OPTIONS [0m /v1/token/validate
2020/02/10 10:46:15.240 [D] [server.go:2802]  |            ::1|[97;42m 200 [0m|    650.212µs|   match|[97;44m GET     [0m /v1/token/validate   r:/v1/token/validate
2020/02/10 10:46:25.599 [D] [server.go:2802]  |            ::1|[97;42m 200 [0m|     62.253µs| nomatch|[90;47m OPTIONS [0m /v1/user
2020/02/10 10:46:25.649 [D] [server.go:2802]  |            ::1|[97;42m 200 [0m|  12.933827ms|   match|[97;44m GET     [0m /v1/user   r:/v1/user/
2020/02/10 10:46:45.316 [D] [server.go:2802]  |            ::1|[97;42m 200 [0m|     16.685µs| nomatch|[90;47m OPTIONS [0m /v1/token/validate
2020/02/10 10:46:45.320 [D] [server.go:2802]  |            ::1|[97;42m 200 [0m|     717.22µs|   match|[97;44m GET     [0m /v1/token/validate   r:/v1/token/validate
2020/02/10 10:47:09.487 [D] [server.go:2802]  |            ::1|[97;42m 200 [0m|   1.4572384s|   match|[97;46m POST    [0m /v1/user/login   r:/v1/user/login
2020/02/10 10:47:09.684 [D] [server.go:2802]  |            ::1|[97;42m 200 [0m|     20.238µs| nomatch|[90;47m OPTIONS [0m /v1/token/validate
2020/02/10 10:47:09.689 [D] [server.go:2802]  |            ::1|[97;42m 200 [0m|      967.6µs|   match|[97;44m GET     [0m /v1/token/validate   r:/v1/token/validate
2020/02/10 10:47:13.245 [D] [server.go:2802]  |            ::1|[97;42m 200 [0m|    657.416µs|   match|[97;44m GET     [0m /v1/token/validate   r:/v1/token/validate
2020/02/10 10:47:24.164 [D] [server.go:2802]  |            ::1|[97;42m 200 [0m|     17.014µs| nomatch|[90;47m OPTIONS [0m /v1/token/validate
2020/02/10 10:47:24.170 [D] [server.go:2802]  |            ::1|[97;42m 200 [0m|   1.584289ms|   match|[97;44m GET     [0m /v1/token/validate   r:/v1/token/validate
2020/02/10 10:47:45.625 [D] [server.go:2802]  |            ::1|[97;42m 200 [0m| 195.650453ms|   match|[97;46m POST    [0m /v1/user/login   r:/v1/user/login
2020/02/10 10:48:10.802 [D] [server.go:2802]  |            ::1|[97;42m 200 [0m| 1.507713242s|   match|[97;46m POST    [0m /v1/user/login   r:/v1/user/login
2020/02/10 10:48:10.996 [D] [server.go:2802]  |            ::1|[97;42m 200 [0m|     90.931µs| nomatch|[90;47m OPTIONS [0m /v1/token/validate
2020/02/10 10:48:11.004 [D] [server.go:2802]  |            ::1|[97;42m 200 [0m|    950.061µs|   match|[97;44m GET     [0m /v1/token/validate   r:/v1/token/validate
2020/02/10 10:48:15.754 [D] [server.go:2802]  |            ::1|[97;42m 200 [0m|    673.229µs|   match|[97;44m GET     [0m /v1/token/validate   r:/v1/token/validate
2020/02/10 10:48:20.920 [D] [server.go:2802]  |            ::1|[97;42m 200 [0m|     49.792µs| nomatch|[90;47m OPTIONS [0m /v1/token/validate
2020/02/10 10:48:20.923 [D] [server.go:2802]  |            ::1|[97;42m 200 [0m|    859.825µs|   match|[97;44m GET     [0m /v1/token/validate   r:/v1/token/validate
2020/02/10 10:48:28.122 [D] [server.go:2802]  |            ::1|[97;42m 200 [0m|      77.27µs| nomatch|[90;47m OPTIONS [0m /v1/token/validate
2020/02/10 10:48:28.129 [D] [server.go:2802]  |            ::1|[97;42m 200 [0m|   1.239565ms|   match|[97;44m GET     [0m /v1/token/validate   r:/v1/token/validate
2020/02/10 10:48:44.249 [D] [server.go:2802]  |            ::1|[97;42m 200 [0m|     34.036µs| nomatch|[90;47m OPTIONS [0m /v1/token/validate
2020/02/10 10:48:44.252 [D] [server.go:2802]  |            ::1|[97;42m 200 [0m|    711.058µs|   match|[97;44m GET     [0m /v1/token/validate   r:/v1/token/validate
2020/02/10 10:48:54.088 [D] [server.go:2802]  |            ::1|[97;42m 200 [0m|     39.054µs| nomatch|[90;47m OPTIONS [0m /v1/token/validate
2020/02/10 10:48:54.091 [D] [server.go:2802]  |            ::1|[97;42m 200 [0m|    613.973µs|   match|[97;44m GET     [0m /v1/token/validate   r:/v1/token/validate
2020/02/10 10:48:56.587 [D] [server.go:2802]  |            ::1|[97;42m 200 [0m|    495.397µs|   match|[97;44m GET     [0m /v1/token/validate   r:/v1/token/validate
2020/02/10 10:52:11.883 [D] [server.go:2802]  |            ::1|[97;42m 200 [0m|     24.775µs| nomatch|[90;47m OPTIONS [0m /v1/token/validate
2020/02/10 10:52:11.891 [D] [server.go:2802]  |            ::1|[97;42m 200 [0m|   1.302776ms|   match|[97;44m GET     [0m /v1/token/validate   r:/v1/token/validate
2020/02/17 01:31:32.313 [I] [asm_amd64.s:1357]  http server Running on http://:9909
2020/02/17 01:31:32.314 [I] [asm_amd64.s:1357]  https server Running on https://:9905
2020/02/17 01:31:32.337 [C] [asm_amd64.s:1357]  ListenAndServe:  listen tcp :9905: bind: address already in use
2020/02/17 01:31:32.337 [C] [asm_amd64.s:1357]  ListenAndServeTLS:  open /etc/letsencrypt/live/my-gpitools.com-0001/fullchain.pem: no such file or directory
2020/02/17 01:31:48.387 [I] [asm_amd64.s:1357]  http server Running on http://:9905
2020/02/17 13:32:52.133 [I] [asm_amd64.s:1357]  http server Running on http://:9905
2020/02/18 09:13:27.794 [I] [asm_amd64.s:1357]  http server Running on http://:9905
2020/02/18 14:02:43.013 [D] [server.go:2802]  |            ::1|[97;42m 200 [0m|     52.939µs| nomatch|[90;47m OPTIONS [0m /v1/token/validate
2020/02/18 14:02:43.722 [D] [server.go:2802]  |            ::1|[97;42m 200 [0m|  706.22626ms|   match|[97;44m GET     [0m /v1/token/validate   r:/v1/token/validate
2020/02/18 14:05:05.075 [D] [server.go:2802]  |            ::1|[97;42m 200 [0m|     20.446µs| nomatch|[90;47m OPTIONS [0m /v1/token/validate
2020/02/18 14:05:05.078 [D] [server.go:2802]  |            ::1|[97;42m 200 [0m|    661.417µs|   match|[97;44m GET     [0m /v1/token/validate   r:/v1/token/validate
2020/02/18 14:05:32.513 [D] [server.go:2802]  |            ::1|[97;42m 200 [0m|      14.99µs| nomatch|[90;47m OPTIONS [0m /v1/token/validate
2020/02/18 14:05:32.515 [D] [server.go:2802]  |            ::1|[97;42m 200 [0m|    640.201µs|   match|[97;44m GET     [0m /v1/token/validate   r:/v1/token/validate
2020/02/18 21:00:04.532 [D] [server.go:2802]  |            ::1|[97;42m 200 [0m|     92.999µs| nomatch|[90;47m OPTIONS [0m /v1/token/validate
2020/02/18 21:00:04.679 [D] [server.go:2802]  |            ::1|[97;42m 200 [0m|   1.274778ms|   match|[97;44m GET     [0m /v1/token/validate   r:/v1/token/validate
2020/02/18 21:00:53.463 [D] [server.go:2802]  |            ::1|[97;42m 200 [0m|     46.218µs| nomatch|[90;47m OPTIONS [0m /v1/token/validate
2020/02/18 21:00:53.469 [D] [server.go:2802]  |            ::1|[97;42m 200 [0m|   1.265057ms|   match|[97;44m GET     [0m /v1/token/validate   r:/v1/token/validate
2020/02/18 21:02:56.293 [D] [server.go:2802]  |            ::1|[97;42m 200 [0m|     33.022µs| nomatch|[90;47m OPTIONS [0m /v1/token/validate
2020/02/18 21:02:56.297 [D] [server.go:2802]  |            ::1|[97;42m 200 [0m|   1.052168ms|   match|[97;44m GET     [0m /v1/token/validate   r:/v1/token/validate
2020/02/18 21:03:50.585 [D] [server.go:2802]  |            ::1|[97;42m 200 [0m|     57.217µs| nomatch|[90;47m OPTIONS [0m /v1/token/validate
2020/02/18 21:03:50.590 [D] [server.go:2802]  |            ::1|[97;42m 200 [0m|   1.023239ms|   match|[97;44m GET     [0m /v1/token/validate   r:/v1/token/validate
2020/02/18 21:03:53.103 [D] [server.go:2802]  |            ::1|[97;42m 200 [0m|    936.816µs|   match|[97;44m GET     [0m /v1/token/validate   r:/v1/token/validate
2020/02/18 21:05:09.707 [D] [server.go:2802]  |            ::1|[97;42m 200 [0m|      22.31µs| nomatch|[90;47m OPTIONS [0m /v1/token/validate
2020/02/18 21:05:09.712 [D] [server.go:2802]  |            ::1|[97;42m 200 [0m|   1.145537ms|   match|[97;44m GET     [0m /v1/token/validate   r:/v1/token/validate
2020/02/18 21:05:19.553 [D] [server.go:2802]  |            ::1|[97;42m 200 [0m|     20.954µs| nomatch|[90;47m OPTIONS [0m /v1/token/validate
2020/02/18 21:05:19.558 [D] [server.go:2802]  |            ::1|[97;42m 200 [0m|   1.058093ms|   match|[97;44m GET     [0m /v1/token/validate   r:/v1/token/validate
2020/02/18 21:05:38.663 [D] [server.go:2802]  |            ::1|[97;42m 200 [0m|      24.89µs| nomatch|[90;47m OPTIONS [0m /v1/token/validate
2020/02/18 21:05:38.669 [D] [server.go:2802]  |            ::1|[97;42m 200 [0m|   2.348738ms|   match|[97;44m GET     [0m /v1/token/validate   r:/v1/token/validate
2020/02/18 21:07:24.392 [D] [server.go:2802]  |            ::1|[97;42m 200 [0m|     19.646µs| nomatch|[90;47m OPTIONS [0m /v1/token/validate
2020/02/18 21:07:24.396 [D] [server.go:2802]  |            ::1|[97;42m 200 [0m|    611.543µs|   match|[97;44m GET     [0m /v1/token/validate   r:/v1/token/validate
2020/02/18 21:48:14.183 [D] [server.go:2802]  |            ::1|[97;42m 200 [0m|    146.198µs| nomatch|[90;47m OPTIONS [0m /v1/token/validate
2020/02/18 21:48:14.194 [D] [server.go:2802]  |            ::1|[97;42m 200 [0m|   2.272886ms|   match|[97;44m GET     [0m /v1/token/validate   r:/v1/token/validate
2020/02/18 22:09:26.152 [I] [asm_amd64.s:1357]  http server Running on http://:9905
2020/02/18 22:13:20.205 [D] [server.go:2802]  |            ::1|[97;42m 200 [0m| 2.356291067s|   match|[97;46m POST    [0m /v1/user/login   r:/v1/user/login
2020/02/18 22:13:21.389 [D] [server.go:2802]  |            ::1|[97;42m 200 [0m|     20.444µs| nomatch|[90;47m OPTIONS [0m /v1/token/validate
2020/02/18 22:13:21.616 [D] [server.go:2802]  |            ::1|[97;42m 200 [0m| 225.662665ms|   match|[97;44m GET     [0m /v1/token/validate   r:/v1/token/validate
2020/02/18 22:13:24.193 [D] [server.go:2802]  |            ::1|[97;42m 200 [0m|    711.797µs|   match|[97;44m GET     [0m /v1/token/validate   r:/v1/token/validate
2020/02/18 22:15:02.137 [D] [server.go:2802]  |            ::1|[97;42m 200 [0m|     16.703µs| nomatch|[90;47m OPTIONS [0m /v1/token/validate
2020/02/18 22:15:02.140 [D] [server.go:2802]  |            ::1|[97;42m 200 [0m|    670.019µs|   match|[97;44m GET     [0m /v1/token/validate   r:/v1/token/validate
2020/02/18 22:15:19.638 [D] [server.go:2802]  |            ::1|[97;42m 200 [0m|      26.31µs| nomatch|[90;47m OPTIONS [0m /v1/token/validate
2020/02/18 22:15:19.640 [D] [server.go:2802]  |            ::1|[97;42m 200 [0m|    680.653µs|   match|[97;44m GET     [0m /v1/token/validate   r:/v1/token/validate
2020/02/18 22:15:33.868 [D] [server.go:2802]  |            ::1|[97;42m 200 [0m|     16.541µs| nomatch|[90;47m OPTIONS [0m /v1/token/validate
2020/02/18 22:15:33.871 [D] [server.go:2802]  |            ::1|[97;42m 200 [0m|     620.81µs|   match|[97;44m GET     [0m /v1/token/validate   r:/v1/token/validate
2020/02/18 22:16:40.224 [D] [server.go:2802]  |            ::1|[97;42m 200 [0m|     15.834µs| nomatch|[90;47m OPTIONS [0m /v1/token/validate
2020/02/18 22:16:40.226 [D] [server.go:2802]  |            ::1|[97;42m 200 [0m|    844.507µs|   match|[97;44m GET     [0m /v1/token/validate   r:/v1/token/validate
2020/02/18 22:17:02.079 [D] [server.go:2802]  |            ::1|[97;42m 200 [0m|     17.934µs| nomatch|[90;47m OPTIONS [0m /v1/token/validate
2020/02/18 22:17:02.082 [D] [server.go:2802]  |            ::1|[97;42m 200 [0m|    801.915µs|   match|[97;44m GET     [0m /v1/token/validate   r:/v1/token/validate
2020/02/18 22:17:42.547 [D] [server.go:2802]  |            ::1|[97;42m 200 [0m|     14.873µs| nomatch|[90;47m OPTIONS [0m /v1/token/validate
2020/02/18 22:17:42.549 [D] [server.go:2802]  |            ::1|[97;42m 200 [0m|    728.438µs|   match|[97;44m GET     [0m /v1/token/validate   r:/v1/token/validate
2020/02/18 22:18:03.530 [D] [server.go:2802]  |            ::1|[97;42m 200 [0m|     16.198µs| nomatch|[90;47m OPTIONS [0m /v1/token/validate
2020/02/18 22:18:03.533 [D] [server.go:2802]  |            ::1|[97;42m 200 [0m|    596.302µs|   match|[97;44m GET     [0m /v1/token/validate   r:/v1/token/validate
2020/02/18 22:19:03.535 [D] [server.go:2802]  |            ::1|[97;42m 200 [0m|     21.984µs| nomatch|[90;47m OPTIONS [0m /v1/token/validate
2020/02/18 22:19:03.537 [D] [server.go:2802]  |            ::1|[97;42m 200 [0m|    688.162µs|   match|[97;44m GET     [0m /v1/token/validate   r:/v1/token/validate
2020/02/18 22:19:58.827 [D] [server.go:2802]  |            ::1|[97;42m 200 [0m|     25.642µs| nomatch|[90;47m OPTIONS [0m /v1/token/validate
2020/02/18 22:19:58.829 [D] [server.go:2802]  |            ::1|[97;42m 200 [0m|    725.506µs|   match|[97;44m GET     [0m /v1/token/validate   r:/v1/token/validate
2020/02/18 22:20:28.826 [D] [server.go:2802]  |            ::1|[97;42m 200 [0m|     16.701µs| nomatch|[90;47m OPTIONS [0m /v1/token/validate
2020/02/18 22:20:28.829 [D] [server.go:2802]  |            ::1|[97;42m 200 [0m|    701.981µs|   match|[97;44m GET     [0m /v1/token/validate   r:/v1/token/validate
2020/02/18 22:21:47.449 [D] [server.go:2802]  |            ::1|[97;42m 200 [0m|     19.012µs| nomatch|[90;47m OPTIONS [0m /v1/token/validate
2020/02/18 22:21:47.452 [D] [server.go:2802]  |            ::1|[97;42m 200 [0m|    654.626µs|   match|[97;44m GET     [0m /v1/token/validate   r:/v1/token/validate
2020/02/18 22:22:46.814 [D] [server.go:2802]  |            ::1|[97;42m 200 [0m|     16.216µs| nomatch|[90;47m OPTIONS [0m /v1/token/validate
2020/02/18 22:22:46.817 [D] [server.go:2802]  |            ::1|[97;42m 200 [0m|    707.932µs|   match|[97;44m GET     [0m /v1/token/validate   r:/v1/token/validate
2020/02/18 22:23:07.447 [D] [server.go:2802]  |            ::1|[97;42m 200 [0m|     34.837µs| nomatch|[90;47m OPTIONS [0m /v1/token/validate
2020/02/18 22:23:07.450 [D] [server.go:2802]  |            ::1|[97;42m 200 [0m|     700.38µs|   match|[97;44m GET     [0m /v1/token/validate   r:/v1/token/validate
2020/02/18 22:24:01.079 [D] [server.go:2802]  |            ::1|[97;42m 200 [0m|    246.389µs| nomatch|[90;47m OPTIONS [0m /v1/token/validate
2020/02/18 22:24:01.082 [D] [server.go:2802]  |            ::1|[97;42m 200 [0m|    751.985µs|   match|[97;44m GET     [0m /v1/token/validate   r:/v1/token/validate
2020/02/18 22:25:56.438 [D] [server.go:2802]  |            ::1|[97;42m 200 [0m|     17.172µs| nomatch|[90;47m OPTIONS [0m /v1/token/validate
2020/02/18 22:25:56.441 [D] [server.go:2802]  |            ::1|[97;42m 200 [0m|    824.306µs|   match|[97;44m GET     [0m /v1/token/validate   r:/v1/token/validate
2020/02/18 22:28:54.023 [D] [server.go:2802]  |            ::1|[97;42m 200 [0m|     28.159µs| nomatch|[90;47m OPTIONS [0m /v1/token/validate
2020/02/18 22:28:54.026 [D] [server.go:2802]  |            ::1|[97;42m 200 [0m|     765.55µs|   match|[97;44m GET     [0m /v1/token/validate   r:/v1/token/validate
2020/02/18 22:34:32.757 [D] [server.go:2802]  |            ::1|[97;42m 200 [0m|     41.221µs| nomatch|[90;47m OPTIONS [0m /v1/token/validate
2020/02/18 22:34:32.760 [D] [server.go:2802]  |            ::1|[97;42m 200 [0m|    653.218µs|   match|[97;44m GET     [0m /v1/token/validate   r:/v1/token/validate
2020/02/18 22:34:51.896 [D] [server.go:2802]  |            ::1|[97;42m 200 [0m|     17.315µs| nomatch|[90;47m OPTIONS [0m /v1/token/validate
2020/02/18 22:34:51.900 [D] [server.go:2802]  |            ::1|[97;42m 200 [0m|    657.048µs|   match|[97;44m GET     [0m /v1/token/validate   r:/v1/token/validate
2020/02/18 22:35:09.051 [D] [server.go:2802]  |            ::1|[97;42m 200 [0m|     15.727µs| nomatch|[90;47m OPTIONS [0m /v1/token/validate
2020/02/18 22:35:09.054 [D] [server.go:2802]  |            ::1|[97;42m 200 [0m|    589.375µs|   match|[97;44m GET     [0m /v1/token/validate   r:/v1/token/validate
2020/02/18 22:35:24.821 [D] [server.go:2802]  |            ::1|[97;42m 200 [0m|     22.363µs| nomatch|[90;47m OPTIONS [0m /v1/token/validate
2020/02/18 22:35:24.825 [D] [server.go:2802]  |            ::1|[97;42m 200 [0m|    818.872µs|   match|[97;44m GET     [0m /v1/token/validate   r:/v1/token/validate
2020/02/18 22:35:53.609 [D] [server.go:2802]  |            ::1|[97;42m 200 [0m|     26.094µs| nomatch|[90;47m OPTIONS [0m /v1/token/validate
2020/02/18 22:35:53.611 [D] [server.go:2802]  |            ::1|[97;42m 200 [0m|    606.097µs|   match|[97;44m GET     [0m /v1/token/validate   r:/v1/token/validate
2020/02/18 22:37:01.372 [D] [server.go:2802]  |            ::1|[97;42m 200 [0m|     21.584µs| nomatch|[90;47m OPTIONS [0m /v1/token/validate
2020/02/18 22:37:01.375 [D] [server.go:2802]  |            ::1|[97;42m 200 [0m|    711.659µs|   match|[97;44m GET     [0m /v1/token/validate   r:/v1/token/validate
2020/02/18 22:37:16.513 [D] [server.go:2802]  |            ::1|[97;42m 200 [0m|     19.347µs| nomatch|[90;47m OPTIONS [0m /v1/token/validate
2020/02/18 22:37:16.516 [D] [server.go:2802]  |            ::1|[97;42m 200 [0m|    783.412µs|   match|[97;44m GET     [0m /v1/token/validate   r:/v1/token/validate
2020/02/18 22:38:03.238 [D] [server.go:2802]  |            ::1|[97;42m 200 [0m|     18.329µs| nomatch|[90;47m OPTIONS [0m /v1/token/validate
2020/02/18 22:38:03.241 [D] [server.go:2802]  |            ::1|[97;42m 200 [0m|     833.19µs|   match|[97;44m GET     [0m /v1/token/validate   r:/v1/token/validate
2020/02/18 22:38:28.957 [D] [server.go:2802]  |            ::1|[97;42m 200 [0m|      15.61µs| nomatch|[90;47m OPTIONS [0m /v1/token/validate
2020/02/18 22:38:28.960 [D] [server.go:2802]  |            ::1|[97;42m 200 [0m|    797.634µs|   match|[97;44m GET     [0m /v1/token/validate   r:/v1/token/validate
2020/02/18 22:38:56.289 [D] [server.go:2802]  |            ::1|[97;42m 200 [0m|     21.065µs| nomatch|[90;47m OPTIONS [0m /v1/token/validate
2020/02/18 22:38:56.293 [D] [server.go:2802]  |            ::1|[97;42m 200 [0m|   1.037078ms|   match|[97;44m GET     [0m /v1/token/validate   r:/v1/token/validate
2020/02/18 23:14:59.656 [D] [server.go:2802]  |            ::1|[97;42m 200 [0m|     35.185µs| nomatch|[90;47m OPTIONS [0m /v1/token/validate
2020/02/18 23:14:59.658 [D] [server.go:2802]  |            ::1|[97;42m 200 [0m|    662.362µs|   match|[97;44m GET     [0m /v1/token/validate   r:/v1/token/validate
2020/02/18 23:15:21.765 [D] [server.go:2802]  |            ::1|[97;42m 200 [0m|    173.746µs| nomatch|[90;47m OPTIONS [0m /v1/token/validate
2020/02/18 23:15:21.767 [D] [server.go:2802]  |            ::1|[97;42m 200 [0m|    679.318µs|   match|[97;44m GET     [0m /v1/token/validate   r:/v1/token/validate
2020/02/18 23:15:31.032 [D] [server.go:2802]  |            ::1|[97;42m 200 [0m|     25.853µs| nomatch|[90;47m OPTIONS [0m /v1/token/validate
2020/02/18 23:15:31.035 [D] [server.go:2802]  |            ::1|[97;42m 200 [0m|    634.496µs|   match|[97;44m GET     [0m /v1/token/validate   r:/v1/token/validate
2020/02/18 23:15:42.413 [D] [server.go:2802]  |            ::1|[97;42m 200 [0m|     19.832µs| nomatch|[90;47m OPTIONS [0m /v1/token/validate
2020/02/18 23:15:42.415 [D] [server.go:2802]  |            ::1|[97;42m 200 [0m|    644.345µs|   match|[97;44m GET     [0m /v1/token/validate   r:/v1/token/validate
2020/02/18 23:15:48.695 [D] [server.go:2802]  |            ::1|[97;42m 200 [0m|     14.938µs| nomatch|[90;47m OPTIONS [0m /v1/token/validate
2020/02/18 23:15:48.698 [D] [server.go:2802]  |            ::1|[97;42m 200 [0m|    694.428µs|   match|[97;44m GET     [0m /v1/token/validate   r:/v1/token/validate
2020/02/18 23:16:18.920 [D] [server.go:2802]  |            ::1|[97;42m 200 [0m|     15.235µs| nomatch|[90;47m OPTIONS [0m /v1/token/validate
2020/02/18 23:16:18.922 [D] [server.go:2802]  |            ::1|[97;42m 200 [0m|     627.02µs|   match|[97;44m GET     [0m /v1/token/validate   r:/v1/token/validate
2020/02/18 23:18:04.420 [D] [server.go:2802]  |            ::1|[97;42m 200 [0m|    178.138µs| nomatch|[90;47m OPTIONS [0m /v1/token/validate
2020/02/18 23:18:04.422 [D] [server.go:2802]  |            ::1|[97;42m 200 [0m|    632.015µs|   match|[97;44m GET     [0m /v1/token/validate   r:/v1/token/validate
2020/02/18 23:18:26.886 [D] [server.go:2802]  |            ::1|[97;42m 200 [0m|     21.391µs| nomatch|[90;47m OPTIONS [0m /v1/token/validate
2020/02/18 23:18:26.888 [D] [server.go:2802]  |            ::1|[97;42m 200 [0m|    677.811µs|   match|[97;44m GET     [0m /v1/token/validate   r:/v1/token/validate
2020/02/18 23:20:28.543 [D] [server.go:2802]  |            ::1|[97;42m 200 [0m|     19.613µs| nomatch|[90;47m OPTIONS [0m /v1/token/validate
2020/02/18 23:20:28.545 [D] [server.go:2802]  |            ::1|[97;42m 200 [0m|    689.982µs|   match|[97;44m GET     [0m /v1/token/validate   r:/v1/token/validate
2020/02/18 23:21:10.300 [D] [server.go:2802]  |            ::1|[97;42m 200 [0m|     15.289µs| nomatch|[90;47m OPTIONS [0m /v1/token/validate
2020/02/18 23:21:10.303 [D] [server.go:2802]  |            ::1|[97;42m 200 [0m|    801.594µs|   match|[97;44m GET     [0m /v1/token/validate   r:/v1/token/validate
2020/02/18 23:44:13.738 [D] [server.go:2802]  |            ::1|[97;42m 200 [0m|     33.872µs| nomatch|[90;47m OPTIONS [0m /v1/token/validate
2020/02/18 23:44:13.740 [D] [server.go:2802]  |            ::1|[97;42m 200 [0m|    651.953µs|   match|[97;44m GET     [0m /v1/token/validate   r:/v1/token/validate
2020/02/18 23:48:27.176 [D] [server.go:2802]  |            ::1|[97;42m 200 [0m|     19.251µs| nomatch|[90;47m OPTIONS [0m /v1/token/validate
2020/02/18 23:48:27.179 [D] [server.go:2802]  |            ::1|[97;42m 200 [0m|    640.784µs|   match|[97;44m GET     [0m /v1/token/validate   r:/v1/token/validate
2020/02/18 23:48:34.130 [D] [server.go:2802]  |            ::1|[97;42m 200 [0m|     20.609µs| nomatch|[90;47m OPTIONS [0m /v1/token/validate
2020/02/18 23:48:34.133 [D] [server.go:2802]  |            ::1|[97;42m 200 [0m|    683.991µs|   match|[97;44m GET     [0m /v1/token/validate   r:/v1/token/validate
2020/02/18 23:49:02.269 [D] [server.go:2802]  |            ::1|[97;42m 200 [0m|     18.047µs| nomatch|[90;47m OPTIONS [0m /v1/token/validate
2020/02/18 23:49:02.272 [D] [server.go:2802]  |            ::1|[97;42m 200 [0m|    712.533µs|   match|[97;44m GET     [0m /v1/token/validate   r:/v1/token/validate
2020/02/18 23:49:44.198 [D] [server.go:2802]  |            ::1|[97;42m 200 [0m|     16.216µs| nomatch|[90;47m OPTIONS [0m /v1/token/validate
2020/02/18 23:49:44.201 [D] [server.go:2802]  |            ::1|[97;42m 200 [0m|     815.51µs|   match|[97;44m GET     [0m /v1/token/validate   r:/v1/token/validate
2020/02/18 23:50:37.325 [D] [server.go:2802]  |            ::1|[97;42m 200 [0m|     18.721µs| nomatch|[90;47m OPTIONS [0m /v1/token/validate
2020/02/18 23:50:37.328 [D] [server.go:2802]  |            ::1|[97;42m 200 [0m|    657.727µs|   match|[97;44m GET     [0m /v1/token/validate   r:/v1/token/validate
2020/02/18 23:57:51.607 [D] [server.go:2802]  |            ::1|[97;42m 200 [0m|     70.299µs| nomatch|[90;47m OPTIONS [0m /v1/token/validate
2020/02/18 23:57:51.611 [D] [server.go:2802]  |            ::1|[97;42m 200 [0m|   1.033972ms|   match|[97;44m GET     [0m /v1/token/validate   r:/v1/token/validate
2020/02/18 23:58:15.976 [D] [server.go:2802]  |            ::1|[97;42m 200 [0m|     44.493µs| nomatch|[90;47m OPTIONS [0m /v1/token/validate
2020/02/18 23:58:15.980 [D] [server.go:2802]  |            ::1|[97;42m 200 [0m|    935.683µs|   match|[97;44m GET     [0m /v1/token/validate   r:/v1/token/validate
2020/02/18 23:58:24.971 [D] [server.go:2802]  |            ::1|[97;42m 200 [0m|     56.854µs| nomatch|[90;47m OPTIONS [0m /v1/token/validate
2020/02/18 23:58:24.977 [D] [server.go:2802]  |            ::1|[97;42m 200 [0m|    1.23003ms|   match|[97;44m GET     [0m /v1/token/validate   r:/v1/token/validate
