2019/10/01 12:28:23.927 [I] [asm_amd64.s:1337]  http server Running on http://:9905
2019/10/01 12:34:15.594 [D] [server.go:2774]  |            ::1|[42m 200 [0m|     2.0176ms|   match|[44m GET     [0m /swagger/
2019/10/01 12:34:15.628 [D] [server.go:2774]  |            ::1|[42m 200 [0m|     3.9835ms|   match|[44m GET     [0m /swagger/swagger-ui.css
2019/10/01 12:34:15.638 [D] [server.go:2774]  |            ::1|[42m 200 [0m|    11.9683ms|   match|[44m GET     [0m /swagger/swagger-ui-standalone-preset.js
2019/10/01 12:34:15.639 [D] [server.go:2774]  |            ::1|[42m 200 [0m|    12.9609ms|   match|[44m GET     [0m /swagger/swagger-ui-bundle.js
2019/10/01 12:34:15.857 [D] [server.go:2774]  |            ::1|[42m 200 [0m|      996.7µs|   match|[44m GET     [0m /swagger/swagger.json
2019/10/01 12:34:15.925 [D] [server.go:2774]  |            ::1|[42m 200 [0m|      996.1µs|   match|[44m GET     [0m /swagger/favicon-32x32.png
2019/10/01 12:38:51.769 [D] [server.go:2774]  |            ::1|[42m 200 [0m|     1.9939ms|   match|[44m GET     [0m /v1/utility/subsidiary/   r:/v1/utility/subsidiary/
2019/10/01 12:39:10.934 [D] [server.go:2774]  |            ::1|[42m 200 [0m|      995.7µs|   match|[44m GET     [0m /v1/utility/subsidiary/   r:/v1/utility/subsidiary/
2019/10/01 12:39:19.088 [D] [server.go:2774]  |            ::1|[42m 200 [0m|      997.2µs|   match|[44m GET     [0m /v1/utility/subsidiary/   r:/v1/utility/subsidiary/
2019/10/01 12:39:46.923 [D] [server.go:2774]  |            ::1|[42m 200 [0m|     1.0007ms|   match|[44m GET     [0m /v1/utility/subsidiary/   r:/v1/utility/subsidiary/
2019/10/01 12:45:03.972 [D] [server.go:2774]  |            ::1|[42m 200 [0m|        998µs|   match|[44m GET     [0m /v1/utility/subsidiary/   r:/v1/utility/subsidiary/
2019/10/01 12:45:28.225 [D] [server.go:2774]  |            ::1|[42m 200 [0m|           0s|   match|[44m GET     [0m /v1/utility/subsidiary/   r:/v1/utility/subsidiary/
2019/10/01 12:51:07.737 [D] [server.go:2774]  |            ::1|[42m 200 [0m|           0s|   match|[44m GET     [0m /v1/utility/subsidiary/   r:/v1/utility/subsidiary/
2019/10/01 12:54:37.524 [D] [server.go:2774]  |            ::1|[42m 200 [0m|     1.0346ms|   match|[44m GET     [0m /v1/utility/subsidiary/   r:/v1/utility/subsidiary/
2019/10/01 12:54:56.660 [D] [server.go:2774]  |            ::1|[42m 200 [0m|      997.6µs|   match|[44m GET     [0m /v1/utility/departments/3   r:/v1/utility/departments/:subsidiaryid
2019/10/01 12:55:13.090 [D] [server.go:2774]  |            ::1|[42m 200 [0m|           0s|   match|[44m GET     [0m /v1/utility/departments/1   r:/v1/utility/departments/:subsidiaryid
2019/10/01 12:55:30.306 [D] [server.go:2774]  |            ::1|[42m 200 [0m|      996.3µs|   match|[44m GET     [0m /v1/utility/subsidiary/   r:/v1/utility/subsidiary/
2019/10/01 12:55:33.570 [D] [server.go:2774]  |            ::1|[42m 200 [0m|      996.8µs|   match|[44m GET     [0m /v1/utility/departments/3   r:/v1/utility/departments/:subsidiaryid
2019/10/01 12:58:06.257 [I] [asm_amd64.s:1337]  http server Running on http://:9905
2019/10/01 12:58:07.120 [D] [server.go:2774]  |            ::1|[42m 200 [0m|      998.1µs|   match|[44m GET     [0m /v1/utility/departments/1   r:/v1/utility/departments/:subsidiaryid
2019/10/01 12:58:11.848 [D] [server.go:2774]  |            ::1|[42m 200 [0m|           0s|   match|[44m GET     [0m /v1/utility/departments/3   r:/v1/utility/departments/:subsidiaryid
2019/10/01 12:58:27.195 [I] [asm_amd64.s:1337]  http server Running on http://:9905
2019/10/01 12:58:50.576 [I] [asm_amd64.s:1337]  http server Running on http://:9905
2019/10/01 12:58:50.601 [D] [server.go:2774]  |            ::1|[42m 200 [0m|      999.3µs|   match|[44m GET     [0m /v1/utility/departments/1   r:/v1/utility/departments/:subsidiaryid
2019/10/01 13:03:20.186 [D] [server.go:2774]  |            ::1|[42m 200 [0m|           0s|   match|[44m GET     [0m /v1/utility/subsidiary/   r:/v1/utility/subsidiary/
2019/10/01 13:03:26.280 [D] [server.go:2774]  |            ::1|[42m 200 [0m|      966.4µs|   match|[44m GET     [0m /v1/utility/departments/3   r:/v1/utility/departments/:subsidiaryid
2019/10/01 13:03:31.343 [D] [server.go:2774]  |            ::1|[42m 200 [0m|           0s|   match|[44m GET     [0m /v1/utility/departments/1   r:/v1/utility/departments/:subsidiaryid
2019/10/01 13:04:34.019 [D] [server.go:2774]  |            ::1|[42m 200 [0m|           0s|   match|[44m GET     [0m /v1/utility/subsidiary/   r:/v1/utility/subsidiary/
2019/10/01 13:04:36.443 [D] [server.go:2774]  |            ::1|[42m 200 [0m|           0s|   match|[44m GET     [0m /v1/utility/departments/3   r:/v1/utility/departments/:subsidiaryid
2019/10/01 13:04:39.046 [D] [server.go:2774]  |            ::1|[42m 200 [0m|     2.0262ms|   match|[44m GET     [0m /v1/utility/departments/1   r:/v1/utility/departments/:subsidiaryid
2019/10/01 13:04:56.394 [D] [server.go:2774]  |            ::1|[42m 200 [0m|     2.0165ms|   match|[44m GET     [0m /v1/utility/departments/3   r:/v1/utility/departments/:subsidiaryid
2019/10/01 13:07:10.199 [D] [server.go:2774]  |            ::1|[42m 200 [0m|     1.0063ms|   match|[44m GET     [0m /v1/utility/subsidiary/   r:/v1/utility/subsidiary/
2019/10/01 13:07:32.019 [D] [server.go:2774]  |            ::1|[42m 200 [0m|     1.0069ms|   match|[44m GET     [0m /v1/utility/departments/3   r:/v1/utility/departments/:subsidiaryid
2019/10/01 13:07:34.515 [D] [server.go:2774]  |            ::1|[42m 200 [0m|     2.0455ms|   match|[44m GET     [0m /v1/utility/departments/1   r:/v1/utility/departments/:subsidiaryid
2019/10/01 13:08:08.742 [D] [server.go:2774]  |            ::1|[42m 200 [0m|           0s|   match|[44m GET     [0m /v1/utility/subsidiary/   r:/v1/utility/subsidiary/
2019/10/01 13:08:10.330 [D] [server.go:2774]  |            ::1|[42m 200 [0m|           0s|   match|[44m GET     [0m /v1/utility/subsidiary/   r:/v1/utility/subsidiary/
2019/10/01 13:08:11.556 [D] [server.go:2774]  |            ::1|[42m 200 [0m|           0s|   match|[44m GET     [0m /v1/utility/subsidiary/   r:/v1/utility/subsidiary/
2019/10/01 13:53:16.451 [D] [server.go:2774]  |            ::1|[42m 200 [0m|     1.1145ms|   match|[44m GET     [0m /v1/utility/departments/3   r:/v1/utility/departments/:subsidiaryid
2019/10/01 13:55:25.432 [D] [server.go:2774]  |            ::1|[42m 200 [0m|      996.5µs|   match|[44m GET     [0m /v1/utility/subsidiary/   r:/v1/utility/subsidiary/
2019/10/01 13:55:48.276 [D] [server.go:2774]  |            ::1|[42m 200 [0m|     1.2411ms|   match|[44m GET     [0m /v1/utility/departments/3   r:/v1/utility/departments/:subsidiaryid
2019/10/01 13:55:52.584 [D] [server.go:2774]  |            ::1|[42m 200 [0m|      995.8µs|   match|[44m GET     [0m /v1/utility/departments/1   r:/v1/utility/departments/:subsidiaryid
2019/10/01 13:57:09.069 [D] [server.go:2774]  |            ::1|[42m 200 [0m|     1.0566ms|   match|[44m GET     [0m /v1/utility/subsidiary/   r:/v1/utility/subsidiary/
2019/10/01 13:57:12.999 [D] [server.go:2774]  |            ::1|[42m 200 [0m|     1.0306ms|   match|[44m GET     [0m /v1/utility/departments/3   r:/v1/utility/departments/:subsidiaryid
2019/10/01 13:58:36.960 [D] [server.go:2774]  |            ::1|[42m 200 [0m|     1.0241ms|   match|[44m GET     [0m /v1/utility/subsidiary/   r:/v1/utility/subsidiary/
2019/10/01 13:58:46.806 [D] [server.go:2774]  |            ::1|[42m 200 [0m|     2.0248ms|   match|[44m GET     [0m /v1/utility/departments/1   r:/v1/utility/departments/:subsidiaryid
2019/10/01 14:01:34.746 [D] [server.go:2774]  |            ::1|[42m 200 [0m|      178.3µs|   match|[44m GET     [0m /v1/utility/subsidiary/   r:/v1/utility/subsidiary/
2019/10/01 14:01:36.873 [D] [server.go:2774]  |            ::1|[42m 200 [0m|      1.995ms|   match|[44m GET     [0m /v1/utility/departments/1   r:/v1/utility/departments/:subsidiaryid
2019/10/01 14:02:14.612 [D] [server.go:2774]  |            ::1|[42m 200 [0m|     1.1756ms|   match|[44m GET     [0m /v1/utility/subsidiary/   r:/v1/utility/subsidiary/
2019/10/01 14:02:17.457 [D] [server.go:2774]  |            ::1|[42m 200 [0m|      998.1µs|   match|[44m GET     [0m /v1/utility/departments/3   r:/v1/utility/departments/:subsidiaryid
2019/10/01 14:02:26.895 [D] [server.go:2774]  |            ::1|[42m 200 [0m|     1.0804ms|   match|[44m GET     [0m /v1/utility/subsidiary/   r:/v1/utility/subsidiary/
2019/10/01 14:02:31.062 [D] [server.go:2774]  |            ::1|[42m 200 [0m|     2.0368ms|   match|[44m GET     [0m /v1/utility/departments/1   r:/v1/utility/departments/:subsidiaryid
2019/10/01 14:31:54.997 [D] [server.go:2774]  |            ::1|[42m 200 [0m|      997.2µs|   match|[44m GET     [0m /v1/utility/subsidiary/   r:/v1/utility/subsidiary/
2019/10/01 14:32:08.049 [D] [server.go:2774]  |            ::1|[42m 200 [0m|           0s|   match|[44m GET     [0m /v1/utility/subsidiary/   r:/v1/utility/subsidiary/
2019/10/01 14:32:10.861 [D] [server.go:2774]  |            ::1|[42m 200 [0m|      1.167ms|   match|[44m GET     [0m /v1/utility/departments/1   r:/v1/utility/departments/:subsidiaryid
2019/10/01 14:35:02.162 [I] [asm_amd64.s:1337]  http server Running on http://:9905
2019/10/01 14:47:55.266 [I] [asm_amd64.s:1337]  http server Running on http://:9905
2019/10/01 14:52:32.376 [I] [asm_amd64.s:1337]  http server Running on http://:9905
2019/10/01 14:52:58.811 [I] [asm_amd64.s:1337]  http server Running on http://:9905
