2019/10/06 07:26:03.268 [D] [server.go:2774]  |            ::1|[42m 200 [0m|     4.9868ms| nomatch|[47m OPTIONS [0m /v1/admin/frontdesk/
2019/10/06 07:26:03.404 [D] [server.go:2774]  |            ::1|[42m 200 [0m|    40.8952ms|   match|[44m GET     [0m /v1/admin/frontdesk/   r:/v1/admin/frontdesk/
2019/10/06 07:27:03.059 [D] [server.go:2774]  |            ::1|[42m 200 [0m|           0s| nomatch|[47m OPTIONS [0m /v1/admin/frontdesk/
2019/10/06 07:27:03.124 [D] [server.go:2774]  |            ::1|[42m 200 [0m|     2.9299ms|   match|[44m GET     [0m /v1/admin/frontdesk/   r:/v1/admin/frontdesk/
2019/10/06 07:28:36.672 [D] [server.go:2774]  |            ::1|[42m 200 [0m|           0s| nomatch|[47m OPTIONS [0m /v1/admin/frontdesk/
2019/10/06 07:28:36.764 [D] [server.go:2774]  |            ::1|[42m 200 [0m|     2.9931ms|   match|[44m GET     [0m /v1/admin/frontdesk/   r:/v1/admin/frontdesk/
2019/10/06 07:29:23.809 [D] [server.go:2774]  |            ::1|[42m 200 [0m|           0s| nomatch|[47m OPTIONS [0m /v1/admin/frontdesk/
2019/10/06 07:29:23.812 [D] [server.go:2774]  |            ::1|[42m 200 [0m|           0s| nomatch|[47m OPTIONS [0m /v1/admin/teamlead/
2019/10/06 07:29:23.921 [D] [server.go:2774]  |            ::1|[42m 200 [0m|     4.9918ms|   match|[44m GET     [0m /v1/admin/frontdesk/   r:/v1/admin/frontdesk/
2019/10/06 07:29:23.926 [D] [server.go:2774]  |            ::1|[43m 404 [0m|     8.9871ms| nomatch|[44m GET     [0m /v1/admin/teamlead/
2019/10/06 07:30:08.164 [D] [server.go:2774]  |            ::1|[42m 200 [0m|           0s| nomatch|[47m OPTIONS [0m /v1/admin/frontdesk/
2019/10/06 07:30:08.164 [D] [server.go:2774]  |            ::1|[42m 200 [0m|           0s| nomatch|[47m OPTIONS [0m /v1/admin/teamlead/
2019/10/06 07:30:08.243 [D] [server.go:2774]  |            ::1|[43m 404 [0m|           0s| nomatch|[44m GET     [0m /v1/admin/teamlead/
2019/10/06 07:30:08.245 [D] [server.go:2774]  |            ::1|[42m 200 [0m|     3.1818ms|   match|[44m GET     [0m /v1/admin/frontdesk/   r:/v1/admin/frontdesk/
2019/10/06 07:30:55.994 [D] [server.go:2774]  |            ::1|[42m 200 [0m|           0s| nomatch|[47m OPTIONS [0m /v1/admin/frontdesk/
2019/10/06 07:30:55.995 [D] [server.go:2774]  |            ::1|[42m 200 [0m|           0s| nomatch|[47m OPTIONS [0m /v1/admin/teamlead/
2019/10/06 07:30:56.081 [D] [server.go:2774]  |            ::1|[42m 200 [0m|     2.0354ms|   match|[44m GET     [0m /v1/admin/frontdesk/   r:/v1/admin/frontdesk/
2019/10/06 07:30:56.082 [D] [server.go:2774]  |            ::1|[43m 404 [0m|      959.1µs| nomatch|[44m GET     [0m /v1/admin/teamlead/
2019/10/06 07:31:37.247 [D] [server.go:2774]  |            ::1|[42m 200 [0m|           0s| nomatch|[47m OPTIONS [0m /v1/admin/frontdesk/
2019/10/06 07:31:37.247 [D] [server.go:2774]  |            ::1|[42m 200 [0m|           0s| nomatch|[47m OPTIONS [0m /v1/admin/teamlead/
2019/10/06 07:31:37.324 [D] [server.go:2774]  |            ::1|[43m 404 [0m|           0s| nomatch|[44m GET     [0m /v1/admin/teamlead/
2019/10/06 07:31:37.325 [D] [server.go:2774]  |            ::1|[42m 200 [0m|     1.9939ms|   match|[44m GET     [0m /v1/admin/frontdesk/   r:/v1/admin/frontdesk/
2019/10/06 07:33:18.619 [D] [server.go:2774]  |            ::1|[42m 200 [0m|           0s| nomatch|[47m OPTIONS [0m /v1/admin/frontdesk/
2019/10/06 07:33:18.620 [D] [server.go:2774]  |            ::1|[42m 200 [0m|           0s| nomatch|[47m OPTIONS [0m /v1/admin/teamlead/
2019/10/06 07:33:18.693 [D] [server.go:2774]  |            ::1|[42m 200 [0m|     2.9923ms|   match|[44m GET     [0m /v1/admin/frontdesk/   r:/v1/admin/frontdesk/
2019/10/06 07:33:18.694 [D] [server.go:2774]  |            ::1|[43m 404 [0m|           0s| nomatch|[44m GET     [0m /v1/admin/teamlead/
2019/10/06 07:33:30.891 [D] [server.go:2774]  |            ::1|[42m 200 [0m|           0s| nomatch|[47m OPTIONS [0m /v1/admin/frontdesk/
2019/10/06 07:33:30.891 [D] [server.go:2774]  |            ::1|[42m 200 [0m|           0s| nomatch|[47m OPTIONS [0m /v1/admin/teamlead/
2019/10/06 07:33:30.965 [D] [server.go:2774]  |            ::1|[43m 404 [0m|      954.3µs| nomatch|[44m GET     [0m /v1/admin/teamlead/
2019/10/06 07:33:30.965 [D] [server.go:2774]  |            ::1|[42m 200 [0m|     1.8861ms|   match|[44m GET     [0m /v1/admin/frontdesk/   r:/v1/admin/frontdesk/
2019/10/06 07:37:55.300 [D] [server.go:2774]  |            ::1|[42m 200 [0m|           0s| nomatch|[47m OPTIONS [0m /v1/admin/frontdesk/
2019/10/06 07:37:55.301 [D] [server.go:2774]  |            ::1|[42m 200 [0m|           0s| nomatch|[47m OPTIONS [0m /v1/admin/teamlead/
2019/10/06 07:37:55.379 [D] [server.go:2774]  |            ::1|[43m 404 [0m|           0s| nomatch|[44m GET     [0m /v1/admin/teamlead/
2019/10/06 07:37:55.381 [D] [server.go:2774]  |            ::1|[42m 200 [0m|     2.9926ms|   match|[44m GET     [0m /v1/admin/frontdesk/   r:/v1/admin/frontdesk/
2019/10/06 07:54:22.753 [D] [server.go:2774]  |            ::1|[42m 200 [0m|           0s| nomatch|[47m OPTIONS [0m /v1/admin/frontdesk/
2019/10/06 07:54:22.754 [D] [server.go:2774]  |            ::1|[42m 200 [0m|           0s| nomatch|[47m OPTIONS [0m /v1/admin/teamlead/
2019/10/06 07:54:22.845 [D] [server.go:2774]  |            ::1|[43m 404 [0m|      997.4µs| nomatch|[44m GET     [0m /v1/admin/teamlead/
2019/10/06 07:54:22.847 [D] [server.go:2774]  |            ::1|[42m 200 [0m|    11.9654ms|   match|[44m GET     [0m /v1/admin/frontdesk/   r:/v1/admin/frontdesk/
2019/10/06 07:55:05.192 [D] [server.go:2774]  |            ::1|[42m 200 [0m|           0s| nomatch|[47m OPTIONS [0m /v1/admin/frontdesk/
2019/10/06 07:55:05.193 [D] [server.go:2774]  |            ::1|[42m 200 [0m|           0s| nomatch|[47m OPTIONS [0m /v1/admin/teamlead/
2019/10/06 07:55:05.267 [D] [server.go:2774]  |            ::1|[43m 404 [0m|      997.2µs| nomatch|[44m GET     [0m /v1/admin/teamlead/
2019/10/06 07:55:05.271 [D] [server.go:2774]  |            ::1|[42m 200 [0m|     4.9875ms|   match|[44m GET     [0m /v1/admin/frontdesk/   r:/v1/admin/frontdesk/
2019/10/06 07:55:33.732 [I] [asm_amd64.s:1337]  http server Running on http://:9905
2019/10/06 07:55:36.024 [I] [asm_amd64.s:1337]  http server Running on http://:9905
2019/10/06 07:55:38.767 [I] [asm_amd64.s:1337]  http server Running on http://:9905
2019/10/06 07:55:41.333 [I] [asm_amd64.s:1337]  http server Running on http://:9905
2019/10/06 07:55:43.838 [I] [asm_amd64.s:1337]  http server Running on http://:9905
2019/10/06 07:55:46.428 [I] [asm_amd64.s:1337]  http server Running on http://:9905
2019/10/06 07:55:48.979 [I] [asm_amd64.s:1337]  http server Running on http://:9905
2019/10/06 07:55:52.066 [I] [asm_amd64.s:1337]  http server Running on http://:9905
2019/10/06 07:55:54.072 [I] [asm_amd64.s:1337]  http server Running on http://:9905
2019/10/06 07:55:56.709 [I] [asm_amd64.s:1337]  http server Running on http://:9905
2019/10/06 07:55:59.173 [I] [asm_amd64.s:1337]  http server Running on http://:9905
2019/10/06 08:01:10.045 [I] [asm_amd64.s:1337]  http server Running on http://:9905
2019/10/06 08:09:37.981 [D] [server.go:2774]  |            ::1|[42m 200 [0m|           0s| nomatch|[47m OPTIONS [0m /v1/admin/frontdesk/
2019/10/06 08:09:37.982 [D] [server.go:2774]  |            ::1|[42m 200 [0m|           0s| nomatch|[47m OPTIONS [0m /v1/admin/teamlead/
2019/10/06 08:09:38.067 [D] [server.go:2774]  |            ::1|[43m 404 [0m|      997.2µs| nomatch|[44m GET     [0m /v1/admin/teamlead/
2019/10/06 08:09:38.068 [D] [server.go:2774]  |            ::1|[42m 200 [0m|     3.9897ms|   match|[44m GET     [0m /v1/admin/frontdesk/   r:/v1/admin/frontdesk/
2019/10/06 08:09:44.549 [D] [server.go:2774]  |            ::1|[42m 200 [0m|           0s| nomatch|[47m OPTIONS [0m /v1/admin/teamlead/
2019/10/06 08:09:44.564 [D] [server.go:2774]  |            ::1|[43m 404 [0m|           0s| nomatch|[46m POST    [0m /v1/admin/teamlead/
2019/10/06 08:09:49.867 [D] [server.go:2774]  |            ::1|[42m 200 [0m|           0s| nomatch|[47m OPTIONS [0m /v1/admin/frontdesk/
2019/10/06 08:09:49.868 [D] [server.go:2774]  |            ::1|[42m 200 [0m|           0s| nomatch|[47m OPTIONS [0m /v1/admin/teamlead/
2019/10/06 08:09:49.950 [D] [server.go:2774]  |            ::1|[43m 404 [0m|           0s| nomatch|[44m GET     [0m /v1/admin/teamlead/
2019/10/06 08:09:49.951 [D] [server.go:2774]  |            ::1|[42m 200 [0m|     2.7912ms|   match|[44m GET     [0m /v1/admin/frontdesk/   r:/v1/admin/frontdesk/
2019/10/06 08:09:57.439 [D] [server.go:2774]  |            ::1|[42m 200 [0m|           0s| nomatch|[47m OPTIONS [0m /v1/admin/teamlead/
2019/10/06 08:09:57.450 [D] [server.go:2774]  |            ::1|[43m 404 [0m|           0s| nomatch|[46m POST    [0m /v1/admin/teamlead/
2019/10/06 14:15:37.464 [I] [asm_amd64.s:1337]  http server Running on http://:9905
2019/10/06 14:15:38.774 [I] [asm_amd64.s:1337]  http server Running on http://:9905
2019/10/06 14:15:40.035 [I] [asm_amd64.s:1337]  http server Running on http://:9905
2019/10/06 14:15:41.456 [I] [asm_amd64.s:1337]  http server Running on http://:9905
2019/10/06 14:15:43.035 [I] [asm_amd64.s:1337]  http server Running on http://:9905
2019/10/06 14:15:44.586 [I] [asm_amd64.s:1337]  http server Running on http://:9905
2019/10/06 14:28:23.699 [D] [server.go:2774]  |            ::1|[42m 200 [0m|    1.464858s|   match|[46m POST    [0m /v1/user/login   r:/v1/user/login
2019/10/06 14:28:25.152 [D] [server.go:2774]  |            ::1|[42m 200 [0m|           0s| nomatch|[47m OPTIONS [0m /v1/token/validate
2019/10/06 14:28:25.156 [D] [server.go:2774]  |            ::1|[42m 200 [0m|           0s|   match|[44m GET     [0m /v1/token/validate   r:/v1/token/validate
2019/10/06 14:28:25.168 [D] [server.go:2774]  |            ::1|[42m 200 [0m|     6.4901ms|   match|[44m GET     [0m /files/uploads/images/20191003085828-apinaendy@gmail.com-1_CO20-3P183ZAqrsJlF7n_A.png
2019/10/06 14:29:03.645 [D] [server.go:2774]  |            ::1|[42m 200 [0m|           0s|   match|[46m POST    [0m /v1/user/login   r:/v1/user/login
2019/10/06 14:29:06.638 [D] [server.go:2774]  |            ::1|[42m 200 [0m|           0s| nomatch|[47m OPTIONS [0m /v1/admin/frontdesk/
2019/10/06 14:29:06.638 [D] [server.go:2774]  |            ::1|[42m 200 [0m|           0s| nomatch|[47m OPTIONS [0m /v1/admin/teamlead/
2019/10/06 14:29:06.714 [D] [server.go:2774]  |            ::1|[42m 200 [0m|     1.9956ms|   match|[44m GET     [0m /v1/admin/teamlead/   r:/v1/admin/teamlead/
2019/10/06 14:29:06.714 [D] [server.go:2774]  |            ::1|[42m 200 [0m|     1.9956ms|   match|[44m GET     [0m /v1/admin/frontdesk/   r:/v1/admin/frontdesk/
2019/10/06 14:44:03.995 [D] [server.go:2774]  |            ::1|[42m 200 [0m|           0s| nomatch|[47m OPTIONS [0m /v1/admin/frontdesk/
2019/10/06 14:44:03.995 [D] [server.go:2774]  |            ::1|[42m 200 [0m|           0s| nomatch|[47m OPTIONS [0m /v1/admin/teamlead/
2019/10/06 14:44:04.043 [D] [server.go:2774]  |            ::1|[42m 200 [0m|      998.5µs|   match|[44m GET     [0m /v1/admin/frontdesk/   r:/v1/admin/frontdesk/
2019/10/06 14:44:04.044 [D] [server.go:2774]  |            ::1|[42m 200 [0m|     1.9935ms|   match|[44m GET     [0m /v1/admin/teamlead/   r:/v1/admin/teamlead/
2019/10/06 15:05:14.686 [D] [server.go:2774]  |            ::1|[42m 200 [0m|           0s| nomatch|[47m OPTIONS [0m /v1/admin/frontdesk/
2019/10/06 15:05:14.687 [D] [server.go:2774]  |            ::1|[42m 200 [0m|           0s| nomatch|[47m OPTIONS [0m /v1/admin/teamlead/
2019/10/06 15:05:14.747 [D] [server.go:2774]  |            ::1|[42m 200 [0m|     2.9931ms|   match|[44m GET     [0m /v1/admin/frontdesk/   r:/v1/admin/frontdesk/
2019/10/06 15:05:14.748 [D] [server.go:2774]  |            ::1|[42m 200 [0m|      2.992ms|   match|[44m GET     [0m /v1/admin/teamlead/   r:/v1/admin/teamlead/
2019/10/06 15:05:20.047 [D] [server.go:2774]  |            ::1|[42m 200 [0m|           0s| nomatch|[47m OPTIONS [0m /v1/admin/teamlead/undefined
2019/10/06 15:05:20.052 [D] [server.go:2774]  |            ::1|[43m 404 [0m|           0s| nomatch|[41m DELETE  [0m /v1/admin/teamlead/undefined
2019/10/06 15:06:38.142 [D] [server.go:2774]  |            ::1|[42m 200 [0m|           0s| nomatch|[47m OPTIONS [0m /v1/admin/frontdesk/
2019/10/06 15:06:38.142 [D] [server.go:2774]  |            ::1|[42m 200 [0m|           0s| nomatch|[47m OPTIONS [0m /v1/admin/teamlead/
2019/10/06 15:06:38.193 [D] [server.go:2774]  |            ::1|[42m 200 [0m|     1.9932ms|   match|[44m GET     [0m /v1/admin/frontdesk/   r:/v1/admin/frontdesk/
2019/10/06 15:06:38.193 [D] [server.go:2774]  |            ::1|[42m 200 [0m|      996.7µs|   match|[44m GET     [0m /v1/admin/teamlead/   r:/v1/admin/teamlead/
2019/10/06 15:08:58.177 [D] [server.go:2774]  |            ::1|[42m 200 [0m|           0s| nomatch|[47m OPTIONS [0m /v1/admin/frontdesk/
2019/10/06 15:08:58.178 [D] [server.go:2774]  |            ::1|[42m 200 [0m|           0s| nomatch|[47m OPTIONS [0m /v1/admin/teamlead/
2019/10/06 15:08:58.224 [D] [server.go:2774]  |            ::1|[42m 200 [0m|     2.9921ms|   match|[44m GET     [0m /v1/admin/frontdesk/   r:/v1/admin/frontdesk/
2019/10/06 15:08:58.224 [D] [server.go:2774]  |            ::1|[42m 200 [0m|     1.9952ms|   match|[44m GET     [0m /v1/admin/teamlead/   r:/v1/admin/teamlead/
2019/10/06 15:10:54.072 [D] [server.go:2774]  |            ::1|[42m 200 [0m|           0s| nomatch|[47m OPTIONS [0m /v1/admin/frontdesk/
2019/10/06 15:10:54.073 [D] [server.go:2774]  |            ::1|[42m 200 [0m|           0s| nomatch|[47m OPTIONS [0m /v1/admin/teamlead/
2019/10/06 15:10:54.135 [D] [server.go:2774]  |            ::1|[42m 200 [0m|      4.983ms|   match|[44m GET     [0m /v1/admin/frontdesk/   r:/v1/admin/frontdesk/
2019/10/06 15:10:54.135 [D] [server.go:2774]  |            ::1|[42m 200 [0m|      2.992ms|   match|[44m GET     [0m /v1/admin/teamlead/   r:/v1/admin/teamlead/
2019/10/06 15:12:13.627 [D] [server.go:2774]  |            ::1|[42m 200 [0m|           0s| nomatch|[47m OPTIONS [0m /v1/admin/frontdesk/
2019/10/06 15:12:13.627 [D] [server.go:2774]  |            ::1|[42m 200 [0m|           0s| nomatch|[47m OPTIONS [0m /v1/admin/teamlead/
2019/10/06 15:12:13.665 [D] [server.go:2774]  |            ::1|[42m 200 [0m|      997.6µs|   match|[44m GET     [0m /v1/admin/frontdesk/   r:/v1/admin/frontdesk/
2019/10/06 15:12:13.665 [D] [server.go:2774]  |            ::1|[42m 200 [0m|      997.6µs|   match|[44m GET     [0m /v1/admin/teamlead/   r:/v1/admin/teamlead/
2019/10/06 15:12:29.849 [D] [server.go:2774]  |            ::1|[42m 200 [0m|           0s| nomatch|[47m OPTIONS [0m /v1/admin/frontdesk/
2019/10/06 15:12:29.849 [D] [server.go:2774]  |            ::1|[42m 200 [0m|           0s| nomatch|[47m OPTIONS [0m /v1/admin/teamlead/
2019/10/06 15:12:29.920 [D] [server.go:2774]  |            ::1|[42m 200 [0m|     3.9854ms|   match|[44m GET     [0m /v1/admin/frontdesk/   r:/v1/admin/frontdesk/
2019/10/06 15:12:29.921 [D] [server.go:2774]  |            ::1|[42m 200 [0m|     3.9891ms|   match|[44m GET     [0m /v1/admin/teamlead/   r:/v1/admin/teamlead/
2019/10/06 15:18:09.438 [D] [server.go:2774]  |            ::1|[42m 200 [0m|           0s| nomatch|[47m OPTIONS [0m /v1/admin/frontdesk/
2019/10/06 15:18:09.438 [D] [server.go:2774]  |            ::1|[42m 200 [0m|           0s| nomatch|[47m OPTIONS [0m /v1/admin/teamlead/
2019/10/06 15:18:09.489 [D] [server.go:2774]  |            ::1|[42m 200 [0m|      997.1µs|   match|[44m GET     [0m /v1/admin/frontdesk/   r:/v1/admin/frontdesk/
2019/10/06 15:18:09.489 [D] [server.go:2774]  |            ::1|[42m 200 [0m|      997.1µs|   match|[44m GET     [0m /v1/admin/teamlead/   r:/v1/admin/teamlead/
2019/10/06 15:18:29.183 [D] [server.go:2774]  |            ::1|[42m 200 [0m|           0s| nomatch|[47m OPTIONS [0m /v1/admin/frontdesk/
2019/10/06 15:18:29.184 [D] [server.go:2774]  |            ::1|[42m 200 [0m|           0s| nomatch|[47m OPTIONS [0m /v1/admin/teamlead/
2019/10/06 15:18:29.243 [D] [server.go:2774]  |            ::1|[42m 200 [0m|     2.9912ms|   match|[44m GET     [0m /v1/admin/frontdesk/   r:/v1/admin/frontdesk/
2019/10/06 15:18:29.244 [D] [server.go:2774]  |            ::1|[42m 200 [0m|     2.9961ms|   match|[44m GET     [0m /v1/admin/teamlead/   r:/v1/admin/teamlead/
2019/10/06 15:22:18.138 [D] [server.go:2774]  |            ::1|[42m 200 [0m|           0s| nomatch|[47m OPTIONS [0m /v1/admin/frontdesk/
2019/10/06 15:22:18.138 [D] [server.go:2774]  |            ::1|[42m 200 [0m|           0s| nomatch|[47m OPTIONS [0m /v1/admin/teamlead/
2019/10/06 15:22:18.190 [D] [server.go:2774]  |            ::1|[42m 200 [0m|     2.9951ms|   match|[44m GET     [0m /v1/admin/frontdesk/   r:/v1/admin/frontdesk/
2019/10/06 15:22:18.193 [D] [server.go:2774]  |            ::1|[42m 200 [0m|     1.9961ms|   match|[44m GET     [0m /v1/admin/teamlead/   r:/v1/admin/teamlead/
2019/10/06 15:24:52.833 [I] [asm_amd64.s:1337]  http server Running on http://:9905
2019/10/06 15:24:54.196 [I] [asm_amd64.s:1337]  http server Running on http://:9905
2019/10/06 15:24:56.114 [I] [asm_amd64.s:1337]  http server Running on http://:9905
2019/10/06 15:24:58.062 [I] [asm_amd64.s:1337]  http server Running on http://:9905
2019/10/06 15:30:52.864 [D] [server.go:2774]  |            ::1|[42m 200 [0m|      996.9µs| nomatch|[47m OPTIONS [0m /v1/admin/frontdesk/
2019/10/06 15:30:52.864 [D] [server.go:2774]  |            ::1|[42m 200 [0m|           0s| nomatch|[47m OPTIONS [0m /v1/admin/teamlead/
2019/10/06 15:30:52.895 [D] [server.go:2774]  |            ::1|[42m 200 [0m|     1.9947ms|   match|[44m GET     [0m /v1/admin/frontdesk/   r:/v1/admin/frontdesk/
2019/10/06 15:30:52.896 [D] [server.go:2774]  |            ::1|[42m 200 [0m|     2.9936ms|   match|[44m GET     [0m /v1/admin/teamlead/   r:/v1/admin/teamlead/
2019/10/06 15:31:52.318 [D] [server.go:2774]  |            ::1|[42m 200 [0m|           0s| nomatch|[47m OPTIONS [0m /v1/admin/frontdesk/
2019/10/06 15:31:52.319 [D] [server.go:2774]  |            ::1|[42m 200 [0m|           0s| nomatch|[47m OPTIONS [0m /v1/admin/teamlead/
2019/10/06 15:31:52.381 [D] [server.go:2774]  |            ::1|[42m 200 [0m|     1.9942ms|   match|[44m GET     [0m /v1/admin/frontdesk/   r:/v1/admin/frontdesk/
2019/10/06 15:31:52.381 [D] [server.go:2774]  |            ::1|[42m 200 [0m|      996.6µs|   match|[44m GET     [0m /v1/admin/teamlead/   r:/v1/admin/teamlead/
2019/10/06 15:32:40.812 [D] [server.go:2774]  |            ::1|[42m 200 [0m|           0s| nomatch|[47m OPTIONS [0m /v1/admin/frontdesk/
2019/10/06 15:32:40.812 [D] [server.go:2774]  |            ::1|[42m 200 [0m|           0s| nomatch|[47m OPTIONS [0m /v1/admin/teamlead/
2019/10/06 15:32:40.860 [D] [server.go:2774]  |            ::1|[42m 200 [0m|      996.8µs|   match|[44m GET     [0m /v1/admin/frontdesk/   r:/v1/admin/frontdesk/
2019/10/06 15:32:40.864 [D] [server.go:2774]  |            ::1|[42m 200 [0m|     1.9966ms|   match|[44m GET     [0m /v1/admin/teamlead/   r:/v1/admin/teamlead/
2019/10/06 15:32:47.043 [D] [server.go:2774]  |            ::1|[42m 200 [0m|           0s| nomatch|[47m OPTIONS [0m /v1/admin/teamlead/1
2019/10/06 15:32:47.048 [D] [server.go:2774]  |            ::1|[43m 404 [0m|           0s| nomatch|[41m DELETE  [0m /v1/admin/teamlead/1
2019/10/06 15:36:39.979 [I] [asm_amd64.s:1337]  http server Running on http://:9905
2019/10/06 15:36:45.351 [I] [asm_amd64.s:1337]  http server Running on http://:9905
2019/10/06 15:40:14.091 [D] [server.go:2774]  |            ::1|[42m 200 [0m|           0s| nomatch|[47m OPTIONS [0m /v1/admin/teamlead/1
2019/10/06 15:40:14.095 [D] [server.go:2774]  |            ::1|[42m 200 [0m|      997.6µs|   match|[41m DELETE  [0m /v1/admin/teamlead/1   r:/v1/admin/teamlead/:id
2019/10/06 15:44:43.149 [I] [asm_amd64.s:1337]  http server Running on http://:9905
2019/10/06 15:45:02.669 [D] [server.go:2774]  |            ::1|[42m 200 [0m|           0s| nomatch|[47m OPTIONS [0m /v1/admin/frontdesk/
2019/10/06 15:45:02.670 [D] [server.go:2774]  |            ::1|[42m 200 [0m|           0s| nomatch|[47m OPTIONS [0m /v1/admin/teamlead/
2019/10/06 15:45:02.727 [D] [server.go:2774]  |            ::1|[42m 200 [0m|     4.9774ms|   match|[44m GET     [0m /v1/admin/frontdesk/   r:/v1/admin/frontdesk/
2019/10/06 15:45:02.730 [D] [server.go:2774]  |            ::1|[42m 200 [0m|      6.981ms|   match|[44m GET     [0m /v1/admin/teamlead/   r:/v1/admin/teamlead/
2019/10/06 15:45:07.884 [D] [server.go:2774]  |            ::1|[42m 200 [0m|           0s| nomatch|[47m OPTIONS [0m /v1/admin/teamlead/1
2019/10/06 15:45:07.891 [D] [server.go:2774]  |            ::1|[42m 200 [0m|      997.6µs|   match|[41m DELETE  [0m /v1/admin/teamlead/1   r:/v1/admin/teamlead/:id
2019/10/06 15:48:22.988 [D] [server.go:2774]  |            ::1|[42m 200 [0m|           0s| nomatch|[47m OPTIONS [0m /v1/admin/teamlead/
2019/10/06 15:48:22.988 [D] [server.go:2774]  |            ::1|[42m 200 [0m|           0s| nomatch|[47m OPTIONS [0m /v1/admin/frontdesk/
2019/10/06 15:48:23.046 [D] [server.go:2774]  |            ::1|[42m 200 [0m|      997.1µs|   match|[44m GET     [0m /v1/admin/teamlead/   r:/v1/admin/teamlead/
2019/10/06 15:48:23.046 [D] [server.go:2774]  |            ::1|[42m 200 [0m|     1.9959ms|   match|[44m GET     [0m /v1/admin/frontdesk/   r:/v1/admin/frontdesk/
2019/10/06 15:50:36.876 [D] [server.go:2774]  |            ::1|[42m 200 [0m|           0s| nomatch|[47m OPTIONS [0m /v1/admin/frontdesk/
2019/10/06 15:50:36.877 [D] [server.go:2774]  |            ::1|[42m 200 [0m|           0s| nomatch|[47m OPTIONS [0m /v1/admin/teamlead/
2019/10/06 15:50:36.947 [D] [server.go:2774]  |            ::1|[42m 200 [0m|     1.9928ms|   match|[44m GET     [0m /v1/admin/frontdesk/   r:/v1/admin/frontdesk/
2019/10/06 15:50:36.947 [D] [server.go:2774]  |            ::1|[42m 200 [0m|      995.9µs|   match|[44m GET     [0m /v1/admin/teamlead/   r:/v1/admin/teamlead/
2019/10/06 15:57:38.685 [I] [asm_amd64.s:1337]  http server Running on http://:9905
2019/10/06 15:57:46.363 [I] [asm_amd64.s:1337]  http server Running on http://:9905
2019/10/06 15:57:49.893 [D] [server.go:2774]  |            ::1|[42m 200 [0m|           0s| nomatch|[47m OPTIONS [0m /v1/admin/frontdesk/
2019/10/06 15:57:49.894 [D] [server.go:2774]  |            ::1|[42m 200 [0m|           0s| nomatch|[47m OPTIONS [0m /v1/admin/teamlead/
2019/10/06 15:57:49.950 [D] [server.go:2774]  |            ::1|[42m 200 [0m|     3.0031ms|   match|[44m GET     [0m /v1/admin/frontdesk/   r:/v1/admin/frontdesk/
2019/10/06 15:57:49.950 [D] [server.go:2774]  |            ::1|[42m 200 [0m|     3.0031ms|   match|[44m GET     [0m /v1/admin/teamlead/   r:/v1/admin/teamlead/
2019/10/06 15:58:00.126 [D] [server.go:2774]  |            ::1|[42m 200 [0m|           0s| nomatch|[47m OPTIONS [0m /v1/admin/teamlead/
2019/10/06 15:58:00.134 [D] [server.go:2774]  |            ::1|[43m 404 [0m|      999.7µs| nomatch|[46m POST    [0m /v1/admin/teamlead/
2019/10/06 15:58:17.126 [D] [server.go:2774]  |            ::1|[42m 200 [0m|           0s| nomatch|[47m OPTIONS [0m /v1/admin/frontdesk/
2019/10/06 15:58:17.126 [D] [server.go:2774]  |            ::1|[42m 200 [0m|           0s| nomatch|[47m OPTIONS [0m /v1/admin/teamlead/
2019/10/06 15:58:17.180 [D] [server.go:2774]  |            ::1|[42m 200 [0m|        998µs|   match|[44m GET     [0m /v1/admin/teamlead/   r:/v1/admin/teamlead/
2019/10/06 15:58:17.180 [D] [server.go:2774]  |            ::1|[42m 200 [0m|        998µs|   match|[44m GET     [0m /v1/admin/frontdesk/   r:/v1/admin/frontdesk/
2019/10/06 16:01:59.549 [D] [server.go:2774]  |            ::1|[42m 200 [0m|           0s| nomatch|[47m OPTIONS [0m /v1/admin/teamlead/
2019/10/06 16:01:59.557 [D] [server.go:2774]  |            ::1|[43m 404 [0m|           0s| nomatch|[46m POST    [0m /v1/admin/teamlead/
2019/10/06 16:04:16.744 [D] [server.go:2774]  |            ::1|[42m 200 [0m|           0s| nomatch|[47m OPTIONS [0m /v1/admin/frontdesk/
2019/10/06 16:04:16.746 [D] [server.go:2774]  |            ::1|[42m 200 [0m|           0s| nomatch|[47m OPTIONS [0m /v1/admin/teamlead/
2019/10/06 16:04:16.792 [D] [server.go:2774]  |            ::1|[42m 200 [0m|      997.3µs|   match|[44m GET     [0m /v1/admin/teamlead/   r:/v1/admin/teamlead/
2019/10/06 16:04:16.792 [D] [server.go:2774]  |            ::1|[42m 200 [0m|     1.9936ms|   match|[44m GET     [0m /v1/admin/frontdesk/   r:/v1/admin/frontdesk/
2019/10/06 16:07:10.210 [D] [server.go:2774]  |            ::1|[42m 200 [0m|           0s| nomatch|[47m OPTIONS [0m /v1/admin/teamlead/
2019/10/06 16:07:10.216 [D] [server.go:2774]  |            ::1|[43m 404 [0m|           0s| nomatch|[46m POST    [0m /v1/admin/teamlead/
2019/10/06 16:09:20.525 [D] [server.go:2774]  |            ::1|[42m 200 [0m|           0s| nomatch|[47m OPTIONS [0m /v1/admin/frontdesk/
2019/10/06 16:09:20.526 [D] [server.go:2774]  |            ::1|[42m 200 [0m|           0s| nomatch|[47m OPTIONS [0m /v1/admin/teamlead/
2019/10/06 16:09:20.578 [D] [server.go:2774]  |            ::1|[42m 200 [0m|     1.9955ms|   match|[44m GET     [0m /v1/admin/frontdesk/   r:/v1/admin/frontdesk/
2019/10/06 16:09:20.578 [D] [server.go:2774]  |            ::1|[42m 200 [0m|           0s|   match|[44m GET     [0m /v1/admin/teamlead/   r:/v1/admin/teamlead/
2019/10/06 16:09:26.701 [D] [server.go:2774]  |            ::1|[42m 200 [0m|           0s| nomatch|[47m OPTIONS [0m /v1/admin/teamlead/1
2019/10/06 16:09:26.828 [D] [server.go:2774]  |            ::1|[42m 200 [0m|   123.1496ms|   match|[46m POST    [0m /v1/admin/teamlead/1   r:/v1/admin/teamlead/:id
2019/10/06 16:09:29.309 [D] [server.go:2774]  |            ::1|[42m 200 [0m|           0s| nomatch|[47m OPTIONS [0m /v1/admin/frontdesk/
2019/10/06 16:09:29.309 [D] [server.go:2774]  |            ::1|[42m 200 [0m|           0s| nomatch|[47m OPTIONS [0m /v1/admin/teamlead/
2019/10/06 16:09:29.366 [D] [server.go:2774]  |            ::1|[42m 200 [0m|     1.9988ms|   match|[44m GET     [0m /v1/admin/frontdesk/   r:/v1/admin/frontdesk/
2019/10/06 16:09:29.367 [D] [server.go:2774]  |            ::1|[42m 200 [0m|     1.9954ms|   match|[44m GET     [0m /v1/admin/teamlead/   r:/v1/admin/teamlead/
2019/10/06 16:09:35.399 [D] [server.go:2774]  |            ::1|[42m 200 [0m|           0s| nomatch|[47m OPTIONS [0m /v1/admin/teamlead/1
2019/10/06 16:09:35.537 [D] [server.go:2774]  |            ::1|[42m 200 [0m|   134.9491ms|   match|[41m DELETE  [0m /v1/admin/teamlead/1   r:/v1/admin/teamlead/:id
2019/10/06 16:09:36.674 [D] [server.go:2774]  |            ::1|[42m 200 [0m|           0s| nomatch|[47m OPTIONS [0m /v1/admin/frontdesk/
2019/10/06 16:09:36.674 [D] [server.go:2774]  |            ::1|[42m 200 [0m|           0s| nomatch|[47m OPTIONS [0m /v1/admin/teamlead/
2019/10/06 16:09:36.729 [D] [server.go:2774]  |            ::1|[42m 200 [0m|     1.0017ms|   match|[44m GET     [0m /v1/admin/frontdesk/   r:/v1/admin/frontdesk/
2019/10/06 16:09:36.731 [D] [server.go:2774]  |            ::1|[42m 200 [0m|      2.005ms|   match|[44m GET     [0m /v1/admin/teamlead/   r:/v1/admin/teamlead/
2019/10/06 16:09:43.284 [D] [server.go:2774]  |            ::1|[42m 200 [0m|           0s| nomatch|[47m OPTIONS [0m /v1/admin/teamlead/1
2019/10/06 16:09:43.400 [D] [server.go:2774]  |            ::1|[42m 200 [0m|   110.5695ms|   match|[46m POST    [0m /v1/admin/teamlead/1   r:/v1/admin/teamlead/:id
2019/10/06 16:09:45.535 [D] [server.go:2774]  |            ::1|[42m 200 [0m|           0s| nomatch|[47m OPTIONS [0m /v1/admin/frontdesk/
2019/10/06 16:09:45.535 [D] [server.go:2774]  |            ::1|[42m 200 [0m|           0s| nomatch|[47m OPTIONS [0m /v1/admin/teamlead/
2019/10/06 16:09:45.582 [D] [server.go:2774]  |            ::1|[42m 200 [0m|        993µs|   match|[44m GET     [0m /v1/admin/frontdesk/   r:/v1/admin/frontdesk/
2019/10/06 16:09:45.584 [D] [server.go:2774]  |            ::1|[42m 200 [0m|     1.9992ms|   match|[44m GET     [0m /v1/admin/teamlead/   r:/v1/admin/teamlead/
2019/10/06 16:16:53.259 [D] [server.go:2774]  |            ::1|[42m 200 [0m|   1.3469767s|   match|[46m POST    [0m /v1/user/login   r:/v1/user/login
2019/10/06 16:19:14.278 [D] [server.go:2774]  |            ::1|[42m 200 [0m|   2.0749271s|   match|[46m POST    [0m /v1/user/login   r:/v1/user/login
2019/10/06 16:19:15.722 [D] [server.go:2774]  |            ::1|[42m 200 [0m|           0s| nomatch|[47m OPTIONS [0m /v1/token/validate
2019/10/06 16:19:15.731 [D] [server.go:2774]  |            ::1|[42m 200 [0m|      990.6µs|   match|[44m GET     [0m /v1/token/validate   r:/v1/token/validate
2019/10/06 16:19:15.740 [D] [server.go:2774]  |            ::1|[42m 200 [0m|      996.8µs|   match|[44m GET     [0m /files/uploads/images/20191003085828-apinaendy@gmail.com-1_CO20-3P183ZAqrsJlF7n_A.png
2019/10/06 16:21:49.197 [D] [server.go:2774]  |            ::1|[42m 200 [0m|           0s| nomatch|[47m OPTIONS [0m /v1/token/validate
2019/10/06 16:21:49.201 [D] [server.go:2774]  |            ::1|[42m 200 [0m|           0s|   match|[44m GET     [0m /v1/token/validate   r:/v1/token/validate
2019/10/06 16:21:49.206 [D] [server.go:2774]  |            ::1|[42m 200 [0m|           0s|   match|[44m GET     [0m /files/uploads/images/20191003085828-apinaendy@gmail.com-1_CO20-3P183ZAqrsJlF7n_A.png
2019/10/06 16:23:22.800 [D] [server.go:2774]  |            ::1|[42m 200 [0m|           0s| nomatch|[47m OPTIONS [0m /v1/token/validate
2019/10/06 16:23:22.804 [D] [server.go:2774]  |            ::1|[42m 200 [0m|           0s|   match|[44m GET     [0m /v1/token/validate   r:/v1/token/validate
2019/10/06 16:23:22.811 [D] [server.go:2774]  |            ::1|[42m 200 [0m|     1.0055ms|   match|[44m GET     [0m /files/uploads/images/20191003085828-apinaendy@gmail.com-1_CO20-3P183ZAqrsJlF7n_A.png
2019/10/06 16:32:38.724 [D] [server.go:2774]  |            ::1|[42m 200 [0m|           0s| nomatch|[47m OPTIONS [0m /v1/token/validate
2019/10/06 16:32:38.728 [D] [server.go:2774]  |            ::1|[42m 200 [0m|      998.6µs|   match|[44m GET     [0m /v1/token/validate   r:/v1/token/validate
2019/10/06 16:32:38.735 [D] [server.go:2774]  |            ::1|[42m 200 [0m|           0s|   match|[44m GET     [0m /files/uploads/images/20191003085828-apinaendy@gmail.com-1_CO20-3P183ZAqrsJlF7n_A.png
2019/10/06 16:33:06.641 [D] [server.go:2774]  |            ::1|[42m 200 [0m|        997µs| nomatch|[47m OPTIONS [0m /v1/token/validate
2019/10/06 16:33:06.646 [D] [server.go:2774]  |            ::1|[42m 200 [0m|      989.4µs|   match|[44m GET     [0m /v1/token/validate   r:/v1/token/validate
2019/10/06 16:33:06.655 [D] [server.go:2774]  |            ::1|[42m 200 [0m|           0s|   match|[44m GET     [0m /files/uploads/images/20191003085828-apinaendy@gmail.com-1_CO20-3P183ZAqrsJlF7n_A.png
2019/10/06 16:33:15.080 [D] [server.go:2774]  |            ::1|[42m 200 [0m|      997.1µs| nomatch|[47m OPTIONS [0m /v1/token/validate
2019/10/06 16:33:15.084 [D] [server.go:2774]  |            ::1|[42m 200 [0m|        999µs|   match|[44m GET     [0m /v1/token/validate   r:/v1/token/validate
2019/10/06 16:33:15.092 [D] [server.go:2774]  |            ::1|[42m 200 [0m|      996.2µs|   match|[44m GET     [0m /files/uploads/images/20191003085828-apinaendy@gmail.com-1_CO20-3P183ZAqrsJlF7n_A.png
2019/10/06 16:33:17.643 [D] [server.go:2774]  |            ::1|[42m 200 [0m|           0s| nomatch|[47m OPTIONS [0m /v1/token/validate
2019/10/06 16:33:17.648 [D] [server.go:2774]  |            ::1|[42m 200 [0m|      997.2µs|   match|[44m GET     [0m /v1/token/validate   r:/v1/token/validate
2019/10/06 16:33:17.656 [D] [server.go:2774]  |            ::1|[42m 200 [0m|           0s|   match|[44m GET     [0m /files/uploads/images/20191003085828-apinaendy@gmail.com-1_CO20-3P183ZAqrsJlF7n_A.png
2019/10/06 16:37:40.226 [D] [server.go:2774]  |            ::1|[42m 200 [0m|           0s| nomatch|[47m OPTIONS [0m /v1/token/validate
2019/10/06 16:37:40.230 [D] [server.go:2774]  |            ::1|[42m 200 [0m|           0s|   match|[44m GET     [0m /v1/token/validate   r:/v1/token/validate
2019/10/06 16:37:56.879 [D] [server.go:2774]  |            ::1|[42m 200 [0m|           0s| nomatch|[47m OPTIONS [0m /v1/token/validate
2019/10/06 16:37:56.883 [D] [server.go:2774]  |            ::1|[42m 200 [0m|           0s|   match|[44m GET     [0m /v1/token/validate   r:/v1/token/validate
2019/10/06 16:37:56.891 [D] [server.go:2774]  |            ::1|[42m 200 [0m|      975.8µs|   match|[44m GET     [0m /files/uploads/images/20191003085828-apinaendy@gmail.com-1_CO20-3P183ZAqrsJlF7n_A.png
2019/10/06 16:40:07.785 [D] [server.go:2774]  |            ::1|[42m 200 [0m|           0s| nomatch|[47m OPTIONS [0m /v1/token/validate
2019/10/06 16:40:07.789 [D] [server.go:2774]  |            ::1|[42m 200 [0m|           0s|   match|[44m GET     [0m /v1/token/validate   r:/v1/token/validate
2019/10/06 16:40:07.795 [D] [server.go:2774]  |            ::1|[42m 200 [0m|      997.5µs|   match|[44m GET     [0m /files/uploads/images/20191003085828-apinaendy@gmail.com-1_CO20-3P183ZAqrsJlF7n_A.png
2019/10/06 16:40:50.185 [D] [server.go:2774]  |            ::1|[42m 200 [0m|           0s| nomatch|[47m OPTIONS [0m /v1/token/validate
2019/10/06 16:40:50.190 [D] [server.go:2774]  |            ::1|[42m 200 [0m|      997.6µs|   match|[44m GET     [0m /v1/token/validate   r:/v1/token/validate
2019/10/06 16:40:50.197 [D] [server.go:2774]  |            ::1|[42m 200 [0m|           0s|   match|[44m GET     [0m /files/uploads/images/20191003085828-apinaendy@gmail.com-1_CO20-3P183ZAqrsJlF7n_A.png
2019/10/06 19:22:48.409 [D] [server.go:2774]  |            ::1|[42m 200 [0m|           0s| nomatch|[47m OPTIONS [0m /v1/token/validate
2019/10/06 19:22:48.422 [D] [server.go:2774]  |            ::1|[42m 200 [0m|     2.5927ms|   match|[44m GET     [0m /v1/token/validate   r:/v1/token/validate
2019/10/06 19:22:48.436 [D] [server.go:2774]  |            ::1|[42m 200 [0m|     1.0829ms|   match|[44m GET     [0m /files/uploads/images/20191003085828-apinaendy@gmail.com-1_CO20-3P183ZAqrsJlF7n_A.png
2019/10/06 19:29:17.806 [D] [server.go:2774]  |            ::1|[42m 200 [0m|           0s| nomatch|[47m OPTIONS [0m /v1/token/validate
2019/10/06 19:29:17.810 [D] [server.go:2774]  |            ::1|[42m 200 [0m|      996.7µs|   match|[44m GET     [0m /v1/token/validate   r:/v1/token/validate
2019/10/06 19:29:17.816 [D] [server.go:2774]  |            ::1|[42m 200 [0m|           0s|   match|[44m GET     [0m /files/uploads/images/20191003085828-apinaendy@gmail.com-1_CO20-3P183ZAqrsJlF7n_A.png
2019/10/06 19:29:44.283 [D] [server.go:2774]  |            ::1|[42m 200 [0m|           0s| nomatch|[47m OPTIONS [0m /v1/token/validate
2019/10/06 19:29:44.287 [D] [server.go:2774]  |            ::1|[42m 200 [0m|           0s|   match|[44m GET     [0m /v1/token/validate   r:/v1/token/validate
2019/10/06 19:29:44.301 [D] [server.go:2774]  |            ::1|[42m 200 [0m|     1.9879ms|   match|[44m GET     [0m /files/uploads/images/20191003085828-apinaendy@gmail.com-1_CO20-3P183ZAqrsJlF7n_A.png
2019/10/06 19:29:55.283 [D] [server.go:2774]  |            ::1|[42m 200 [0m|           0s| nomatch|[47m OPTIONS [0m /v1/token/validate
2019/10/06 19:29:55.288 [D] [server.go:2774]  |            ::1|[42m 200 [0m|      996.3µs|   match|[44m GET     [0m /v1/token/validate   r:/v1/token/validate
2019/10/06 19:29:55.297 [D] [server.go:2774]  |            ::1|[42m 200 [0m|      999.6µs|   match|[44m GET     [0m /files/uploads/images/20191003085828-apinaendy@gmail.com-1_CO20-3P183ZAqrsJlF7n_A.png
2019/10/06 20:56:41.266 [D] [server.go:2774]  |            ::1|[42m 200 [0m|   2.4849036s|   match|[46m POST    [0m /v1/user/login   r:/v1/user/login
2019/10/06 20:59:24.652 [D] [server.go:2774]  |            ::1|[42m 200 [0m|   2.5033156s|   match|[46m POST    [0m /v1/user/login   r:/v1/user/login
2019/10/06 21:04:44.482 [D] [server.go:2774]  |            ::1|[42m 200 [0m|   2.8544077s|   match|[46m POST    [0m /v1/user/login   r:/v1/user/login
2019/10/06 21:08:05.672 [D] [server.go:2774]  |            ::1|[42m 200 [0m|   2.8287483s|   match|[46m POST    [0m /v1/user/login   r:/v1/user/login
2019/10/06 21:09:59.251 [D] [server.go:2774]  |            ::1|[42m 200 [0m|   2.5931994s|   match|[46m POST    [0m /v1/user/login   r:/v1/user/login
2019/10/06 21:26:39.893 [D] [server.go:2774]  |            ::1|[42m 200 [0m|   2.2077892s|   match|[46m POST    [0m /v1/user/login   r:/v1/user/login
2019/10/06 21:26:42.649 [D] [server.go:2774]  |            ::1|[42m 200 [0m|           0s| nomatch|[47m OPTIONS [0m /v1/token/validate
2019/10/06 21:26:42.658 [D] [server.go:2774]  |            ::1|[42m 200 [0m|      1.996ms|   match|[44m GET     [0m /v1/token/validate   r:/v1/token/validate
2019/10/06 21:26:42.679 [D] [server.go:2774]  |            ::1|[42m 200 [0m|     2.9938ms|   match|[44m GET     [0m /files/uploads/images/20191003085828-apinaendy@gmail.com-1_CO20-3P183ZAqrsJlF7n_A.png
2019/10/06 21:57:13.646 [I] [asm_amd64.s:1337]  http server Running on http://:9905
2019/10/06 21:57:15.161 [I] [asm_amd64.s:1337]  http server Running on http://:9905
2019/10/06 21:57:16.456 [I] [asm_amd64.s:1337]  http server Running on http://:9905
2019/10/06 21:57:18.058 [I] [asm_amd64.s:1337]  http server Running on http://:9905
2019/10/06 21:57:19.853 [I] [asm_amd64.s:1337]  http server Running on http://:9905
2019/10/06 21:57:21.107 [I] [asm_amd64.s:1337]  http server Running on http://:9905
2019/10/06 21:57:22.798 [I] [asm_amd64.s:1337]  http server Running on http://:9905
2019/10/06 21:57:24.251 [I] [asm_amd64.s:1337]  http server Running on http://:9905
2019/10/06 22:08:26.722 [D] [server.go:2774]  |            ::1|[42m 200 [0m|   1.1315671s|   match|[46m POST    [0m /v1/user/login   r:/v1/user/login
2019/10/06 22:09:06.594 [D] [server.go:2774]  |            ::1|[42m 200 [0m|   1.3969053s|   match|[46m POST    [0m /v1/user/login   r:/v1/user/login
2019/10/06 22:09:09.356 [D] [server.go:2774]  |            ::1|[42m 200 [0m|           0s| nomatch|[47m OPTIONS [0m /v1/token/validate
2019/10/06 22:09:09.360 [D] [server.go:2774]  |            ::1|[42m 200 [0m|     1.0088ms|   match|[44m GET     [0m /v1/token/validate   r:/v1/token/validate
2019/10/06 22:09:09.371 [D] [server.go:2774]  |            ::1|[42m 200 [0m|     2.0276ms|   match|[44m GET     [0m /files/uploads/images/20191003085828-apinaendy@gmail.com-1_CO20-3P183ZAqrsJlF7n_A.png
2019/10/06 22:15:42.026 [D] [server.go:2774]  |            ::1|[42m 200 [0m|           0s| nomatch|[47m OPTIONS [0m /v1/token/validate
2019/10/06 22:15:42.030 [D] [server.go:2774]  |            ::1|[42m 200 [0m|           0s|   match|[44m GET     [0m /v1/token/validate   r:/v1/token/validate
2019/10/06 22:15:42.039 [D] [server.go:2774]  |            ::1|[42m 200 [0m|           0s|   match|[44m GET     [0m /files/uploads/images/20191003085828-apinaendy@gmail.com-1_CO20-3P183ZAqrsJlF7n_A.png
2019/10/06 22:17:29.793 [D] [server.go:2774]  |            ::1|[42m 200 [0m|           0s| nomatch|[47m OPTIONS [0m /v1/token/validate
2019/10/06 22:17:29.797 [D] [server.go:2774]  |            ::1|[42m 200 [0m|      997.2µs|   match|[44m GET     [0m /v1/token/validate   r:/v1/token/validate
2019/10/06 22:17:29.806 [D] [server.go:2774]  |            ::1|[42m 200 [0m|     1.9964ms|   match|[44m GET     [0m /files/uploads/images/20191003085828-apinaendy@gmail.com-1_CO20-3P183ZAqrsJlF7n_A.png
2019/10/06 22:22:07.211 [D] [server.go:2774]  |            ::1|[42m 200 [0m|           0s| nomatch|[47m OPTIONS [0m /v1/token/validate
2019/10/06 22:22:07.217 [D] [server.go:2774]  |            ::1|[42m 200 [0m|      997.5µs|   match|[44m GET     [0m /v1/token/validate   r:/v1/token/validate
2019/10/06 22:22:07.224 [D] [server.go:2774]  |            ::1|[42m 200 [0m|      996.4µs|   match|[44m GET     [0m /files/uploads/images/20191003085828-apinaendy@gmail.com-1_CO20-3P183ZAqrsJlF7n_A.png
2019/10/06 22:22:29.789 [D] [server.go:2774]  |            ::1|[42m 200 [0m|   1.0880226s|   match|[46m POST    [0m /v1/user/login   r:/v1/user/login
2019/10/06 22:22:30.356 [D] [server.go:2774]  |            ::1|[42m 200 [0m|           0s| nomatch|[47m OPTIONS [0m /v1/token/validate
2019/10/06 22:22:30.362 [D] [server.go:2774]  |            ::1|[42m 200 [0m|      993.6µs|   match|[44m GET     [0m /v1/token/validate   r:/v1/token/validate
2019/10/06 22:22:30.367 [D] [server.go:2774]  |            ::1|[42m 200 [0m|           0s|   match|[44m GET     [0m /files/uploads/images/20191003085828-apinaendy@gmail.com-1_CO20-3P183ZAqrsJlF7n_A.png
2019/10/06 22:25:45.169 [D] [server.go:2774]  |            ::1|[42m 200 [0m|           0s| nomatch|[47m OPTIONS [0m /v1/token/validate
2019/10/06 22:25:45.173 [D] [server.go:2774]  |            ::1|[42m 200 [0m|           0s|   match|[44m GET     [0m /v1/token/validate   r:/v1/token/validate
2019/10/06 22:25:45.186 [D] [server.go:2774]  |            ::1|[42m 200 [0m|      995.8µs|   match|[44m GET     [0m /files/uploads/images/20191003085828-apinaendy@gmail.com-1_CO20-3P183ZAqrsJlF7n_A.png
2019/10/06 22:26:36.731 [D] [server.go:2774]  |            ::1|[42m 200 [0m|           0s| nomatch|[47m OPTIONS [0m /v1/token/validate
2019/10/06 22:26:36.735 [D] [server.go:2774]  |            ::1|[42m 200 [0m|           0s|   match|[44m GET     [0m /v1/token/validate   r:/v1/token/validate
2019/10/06 22:26:36.743 [D] [server.go:2774]  |            ::1|[42m 200 [0m|      996.5µs|   match|[44m GET     [0m /files/uploads/images/20191003085828-apinaendy@gmail.com-1_CO20-3P183ZAqrsJlF7n_A.png
2019/10/06 22:33:38.545 [D] [server.go:2774]  |            ::1|[42m 200 [0m|           0s| nomatch|[47m OPTIONS [0m /v1/token/validate
2019/10/06 22:33:38.550 [D] [server.go:2774]  |            ::1|[42m 200 [0m|      995.1µs|   match|[44m GET     [0m /v1/token/validate   r:/v1/token/validate
2019/10/06 22:33:38.557 [D] [server.go:2774]  |            ::1|[42m 200 [0m|      998.4µs|   match|[44m GET     [0m /files/uploads/images/20191003085828-apinaendy@gmail.com-1_CO20-3P183ZAqrsJlF7n_A.png
2019/10/06 22:34:37.407 [D] [server.go:2774]  |            ::1|[42m 200 [0m|           0s| nomatch|[47m OPTIONS [0m /v1/token/validate
2019/10/06 22:34:37.412 [D] [server.go:2774]  |            ::1|[42m 200 [0m|      997.6µs|   match|[44m GET     [0m /v1/token/validate   r:/v1/token/validate
2019/10/06 22:34:37.423 [D] [server.go:2774]  |            ::1|[42m 200 [0m|     2.9935ms|   match|[44m GET     [0m /files/uploads/images/20191003085828-apinaendy@gmail.com-1_CO20-3P183ZAqrsJlF7n_A.png
2019/10/06 22:34:51.359 [D] [server.go:2774]  |            ::1|[42m 200 [0m|   1.7858149s|   match|[46m POST    [0m /v1/user/login   r:/v1/user/login
2019/10/06 22:34:53.002 [D] [server.go:2774]  |            ::1|[42m 200 [0m|           0s| nomatch|[47m OPTIONS [0m /v1/token/validate
2019/10/06 22:34:53.007 [D] [server.go:2774]  |            ::1|[42m 200 [0m|           0s|   match|[44m GET     [0m /v1/token/validate   r:/v1/token/validate
2019/10/06 22:34:53.014 [D] [server.go:2774]  |            ::1|[42m 200 [0m|      996.2µs|   match|[44m GET     [0m /files/uploads/images/20191003085828-apinaendy@gmail.com-1_CO20-3P183ZAqrsJlF7n_A.png
2019/10/06 22:36:09.787 [D] [server.go:2774]  |            ::1|[42m 200 [0m|           0s| nomatch|[47m OPTIONS [0m /v1/token/validate
2019/10/06 22:36:09.792 [D] [server.go:2774]  |            ::1|[42m 200 [0m|      997.9µs|   match|[44m GET     [0m /v1/token/validate   r:/v1/token/validate
2019/10/06 22:36:09.798 [D] [server.go:2774]  |            ::1|[42m 200 [0m|      996.5µs|   match|[44m GET     [0m /files/uploads/images/20191003085828-apinaendy@gmail.com-1_CO20-3P183ZAqrsJlF7n_A.png
2019/10/06 22:53:13.089 [I] [asm_amd64.s:1337]  http server Running on http://:9905
2019/10/06 22:53:14.423 [I] [asm_amd64.s:1337]  http server Running on http://:9905
2019/10/06 22:53:15.754 [I] [asm_amd64.s:1337]  http server Running on http://:9905
2019/10/06 23:41:56.591 [I] [asm_amd64.s:1337]  http server Running on http://:9905
2019/10/06 23:44:57.953 [I] [asm_amd64.s:1337]  http server Running on http://:9905
