2019/12/27 10:27:09.675 [D] [server.go:2802]  |            ::1|[97;42m 200 [0m|     29.317µs| nomatch|[90;47m OPTIONS [0m /v1/token/validate
2019/12/27 10:27:09.677 [D] [server.go:2802]  |            ::1|[97;42m 200 [0m|    637.236µs|   match|[97;44m GET     [0m /v1/token/validate   r:/v1/token/validate
2019/12/27 10:37:42.725 [D] [server.go:2802]  |            ::1|[97;42m 200 [0m| 1.752878366s|   match|[97;46m POST    [0m /v1/user/login   r:/v1/user/login
2019/12/27 10:37:49.748 [D] [server.go:2802]  |            ::1|[97;42m 200 [0m| 1.446308853s|   match|[97;46m POST    [0m /v1/user/login   r:/v1/user/login
2019/12/27 10:37:49.888 [D] [server.go:2802]  |            ::1|[97;42m 200 [0m|     20.466µs| nomatch|[90;47m OPTIONS [0m /v1/token/validate
2019/12/27 10:37:49.891 [D] [server.go:2802]  |            ::1|[97;42m 200 [0m|   1.014727ms|   match|[97;44m GET     [0m /v1/token/validate   r:/v1/token/validate
2019/12/27 10:37:53.709 [D] [server.go:2802]  |            ::1|[97;42m 200 [0m|    883.861µs|   match|[97;44m GET     [0m /v1/token/validate   r:/v1/token/validate
2019/12/27 10:38:11.749 [D] [server.go:2802]  |            ::1|[97;42m 200 [0m|     38.187µs| nomatch|[90;47m OPTIONS [0m /v1/token/validate
2019/12/27 10:38:11.752 [D] [server.go:2802]  |            ::1|[97;42m 200 [0m|     699.62µs|   match|[97;44m GET     [0m /v1/token/validate   r:/v1/token/validate
2019/12/27 10:39:13.401 [D] [server.go:2802]  |            ::1|[97;42m 200 [0m|      40.32µs| nomatch|[90;47m OPTIONS [0m /v1/token/validate
2019/12/27 10:39:13.404 [D] [server.go:2802]  |            ::1|[97;42m 200 [0m|    922.643µs|   match|[97;44m GET     [0m /v1/token/validate   r:/v1/token/validate
2019/12/27 10:39:24.999 [D] [server.go:2802]  |            ::1|[97;42m 200 [0m|    109.213µs| nomatch|[90;47m OPTIONS [0m /v1/token/validate
2019/12/27 10:39:25.001 [D] [server.go:2802]  |            ::1|[97;42m 200 [0m|    694.399µs|   match|[97;44m GET     [0m /v1/token/validate   r:/v1/token/validate
2019/12/27 10:39:28.943 [D] [server.go:2802]  |            ::1|[97;42m 200 [0m|    556.563µs|   match|[97;44m GET     [0m /v1/token/validate   r:/v1/token/validate
2019/12/27 10:40:12.694 [D] [server.go:2802]  |            ::1|[97;42m 200 [0m|     15.347µs| nomatch|[90;47m OPTIONS [0m /v1/token/validate
2019/12/27 10:40:12.697 [D] [server.go:2802]  |            ::1|[97;42m 200 [0m|    886.381µs|   match|[97;44m GET     [0m /v1/token/validate   r:/v1/token/validate
2019/12/27 10:40:46.601 [D] [server.go:2802]  |            ::1|[97;42m 200 [0m|       41.7µs| nomatch|[90;47m OPTIONS [0m /v1/token/validate
2019/12/27 10:40:46.605 [D] [server.go:2802]  |            ::1|[97;42m 200 [0m|   1.038715ms|   match|[97;44m GET     [0m /v1/token/validate   r:/v1/token/validate
2019/12/27 10:40:55.896 [D] [server.go:2802]  |            ::1|[97;42m 200 [0m|      41.17µs| nomatch|[90;47m OPTIONS [0m /v1/token/validate
2019/12/27 10:40:55.899 [D] [server.go:2802]  |            ::1|[97;42m 200 [0m|    713.856µs|   match|[97;44m GET     [0m /v1/token/validate   r:/v1/token/validate
2019/12/27 10:41:01.726 [D] [server.go:2802]  |            ::1|[97;42m 200 [0m|     22.845µs| nomatch|[90;47m OPTIONS [0m /v1/token/validate
2019/12/27 10:41:01.729 [D] [server.go:2802]  |            ::1|[97;42m 200 [0m|    701.462µs|   match|[97;44m GET     [0m /v1/token/validate   r:/v1/token/validate
2019/12/27 10:41:18.817 [D] [server.go:2802]  |            ::1|[97;42m 200 [0m|     18.317µs| nomatch|[90;47m OPTIONS [0m /v1/token/validate
2019/12/27 10:41:18.820 [D] [server.go:2802]  |            ::1|[97;42m 200 [0m|    637.479µs|   match|[97;44m GET     [0m /v1/token/validate   r:/v1/token/validate
2019/12/27 10:41:23.675 [D] [server.go:2802]  |            ::1|[97;42m 200 [0m|    653.425µs|   match|[97;44m GET     [0m /v1/token/validate   r:/v1/token/validate
2019/12/27 10:41:29.063 [D] [server.go:2802]  |            ::1|[97;42m 200 [0m|    295.759µs| nomatch|[90;47m OPTIONS [0m /v1/token/validate
2019/12/27 10:41:29.067 [D] [server.go:2802]  |            ::1|[97;42m 200 [0m|   1.001999ms|   match|[97;44m GET     [0m /v1/token/validate   r:/v1/token/validate
2019/12/27 10:41:35.699 [D] [server.go:2802]  |            ::1|[97;42m 200 [0m|     15.866µs| nomatch|[90;47m OPTIONS [0m /v1/token/validate
2019/12/27 10:41:35.701 [D] [server.go:2802]  |            ::1|[97;42m 200 [0m|    562.601µs|   match|[97;44m GET     [0m /v1/token/validate   r:/v1/token/validate
2019/12/27 10:41:39.325 [D] [server.go:2802]  |            ::1|[97;42m 200 [0m|    575.955µs|   match|[97;44m GET     [0m /v1/token/validate   r:/v1/token/validate
2019/12/27 10:44:35.197 [D] [server.go:2802]  |            ::1|[97;42m 200 [0m|     16.171µs| nomatch|[90;47m OPTIONS [0m /v1/token/validate
2019/12/27 10:44:35.199 [D] [server.go:2802]  |            ::1|[97;42m 200 [0m|    608.199µs|   match|[97;44m GET     [0m /v1/token/validate   r:/v1/token/validate
2019/12/27 10:44:36.177 [D] [server.go:2802]  |            ::1|[97;42m 200 [0m|    649.066µs|   match|[97;44m GET     [0m /v1/token/validate   r:/v1/token/validate
2019/12/27 10:44:40.824 [D] [server.go:2802]  |            ::1|[97;42m 200 [0m|     19.775µs| nomatch|[90;47m OPTIONS [0m /v1/token/validate
2019/12/27 10:44:40.827 [D] [server.go:2802]  |            ::1|[97;42m 200 [0m|    658.844µs|   match|[97;44m GET     [0m /v1/token/validate   r:/v1/token/validate
2019/12/27 11:53:47.192 [D] [server.go:2802]  |            ::1|[97;42m 200 [0m|      38.57µs| nomatch|[90;47m OPTIONS [0m /v1/token/validate
2019/12/27 11:53:47.195 [D] [server.go:2802]  |            ::1|[97;42m 200 [0m|    958.223µs|   match|[97;44m GET     [0m /v1/token/validate   r:/v1/token/validate
2019/12/27 11:53:48.487 [D] [server.go:2802]  |            ::1|[97;42m 200 [0m|    542.015µs|   match|[97;44m GET     [0m /v1/token/validate   r:/v1/token/validate
2019/12/27 11:54:23.815 [D] [server.go:2802]  |            ::1|[97;42m 200 [0m|     35.859µs| nomatch|[90;47m OPTIONS [0m /v1/token/validate
2019/12/27 11:54:23.818 [D] [server.go:2802]  |            ::1|[97;42m 200 [0m|    793.065µs|   match|[97;44m GET     [0m /v1/token/validate   r:/v1/token/validate
2019/12/27 11:55:01.460 [D] [server.go:2802]  |            ::1|[97;42m 200 [0m|     19.733µs| nomatch|[90;47m OPTIONS [0m /v1/token/validate
2019/12/27 11:55:01.464 [D] [server.go:2802]  |            ::1|[97;42m 200 [0m|   1.393504ms|   match|[97;44m GET     [0m /v1/token/validate   r:/v1/token/validate
2019/12/27 11:55:18.419 [D] [server.go:2802]  |            ::1|[97;42m 200 [0m|     16.662µs| nomatch|[90;47m OPTIONS [0m /v1/token/validate
2019/12/27 11:55:18.423 [D] [server.go:2802]  |            ::1|[97;42m 200 [0m|    967.787µs|   match|[97;44m GET     [0m /v1/token/validate   r:/v1/token/validate
2019/12/27 11:55:29.191 [D] [server.go:2802]  |            ::1|[97;42m 200 [0m|     42.663µs| nomatch|[90;47m OPTIONS [0m /v1/token/validate
2019/12/27 11:55:35.304 [D] [server.go:2802]  |            ::1|[97;42m 200 [0m|     15.106µs| nomatch|[90;47m OPTIONS [0m /v1/token/validate
2019/12/27 11:55:35.307 [D] [server.go:2802]  |            ::1|[97;42m 200 [0m|    944.088µs|   match|[97;44m GET     [0m /v1/token/validate   r:/v1/token/validate
2019/12/27 11:55:46.230 [D] [server.go:2802]  |            ::1|[97;42m 200 [0m|     16.007µs| nomatch|[90;47m OPTIONS [0m /v1/token/validate
2019/12/27 11:55:46.233 [D] [server.go:2802]  |            ::1|[97;42m 200 [0m|    756.684µs|   match|[97;44m GET     [0m /v1/token/validate   r:/v1/token/validate
2019/12/27 11:55:55.800 [D] [server.go:2802]  |            ::1|[97;42m 200 [0m|     17.178µs| nomatch|[90;47m OPTIONS [0m /v1/token/validate
2019/12/27 11:55:55.804 [D] [server.go:2802]  |            ::1|[97;42m 200 [0m|   1.080515ms|   match|[97;44m GET     [0m /v1/token/validate   r:/v1/token/validate
2019/12/27 11:56:57.185 [D] [server.go:2802]  |            ::1|[97;42m 200 [0m|     23.801µs| nomatch|[90;47m OPTIONS [0m /v1/token/validate
2019/12/27 11:56:57.189 [D] [server.go:2802]  |            ::1|[97;42m 200 [0m|    888.514µs|   match|[97;44m GET     [0m /v1/token/validate   r:/v1/token/validate
2019/12/27 11:58:01.501 [D] [server.go:2802]  |            ::1|[97;42m 200 [0m|     33.222µs| nomatch|[90;47m OPTIONS [0m /v1/token/validate
2019/12/27 11:58:01.506 [D] [server.go:2802]  |            ::1|[97;42m 200 [0m|    977.323µs|   match|[97;44m GET     [0m /v1/token/validate   r:/v1/token/validate
2019/12/27 11:58:04.904 [D] [server.go:2802]  |            ::1|[97;42m 200 [0m|    783.353µs|   match|[97;44m GET     [0m /v1/token/validate   r:/v1/token/validate
2019/12/27 11:58:30.660 [D] [server.go:2802]  |            ::1|[97;42m 200 [0m|     15.421µs| nomatch|[90;47m OPTIONS [0m /v1/token/validate
2019/12/27 11:58:30.664 [D] [server.go:2802]  |            ::1|[97;42m 200 [0m|   1.067211ms|   match|[97;44m GET     [0m /v1/token/validate   r:/v1/token/validate
2019/12/27 12:01:59.646 [D] [server.go:2802]  |            ::1|[97;42m 200 [0m|     22.603µs| nomatch|[90;47m OPTIONS [0m /v1/token/validate
2019/12/27 12:01:59.649 [D] [server.go:2802]  |            ::1|[97;42m 200 [0m|    763.036µs|   match|[97;44m GET     [0m /v1/token/validate   r:/v1/token/validate
2019/12/27 12:02:10.599 [D] [server.go:2802]  |            ::1|[97;42m 200 [0m|     49.252µs| nomatch|[90;47m OPTIONS [0m /v1/token/validate
2019/12/27 12:02:10.602 [D] [server.go:2802]  |            ::1|[97;42m 200 [0m|    828.924µs|   match|[97;44m GET     [0m /v1/token/validate   r:/v1/token/validate
2019/12/27 12:02:28.898 [D] [server.go:2802]  |            ::1|[97;42m 200 [0m|     21.092µs| nomatch|[90;47m OPTIONS [0m /v1/token/validate
2019/12/27 12:02:28.902 [D] [server.go:2802]  |            ::1|[97;42m 200 [0m|    639.649µs|   match|[97;44m GET     [0m /v1/token/validate   r:/v1/token/validate
2019/12/27 12:02:50.354 [D] [server.go:2802]  |            ::1|[97;42m 200 [0m|     40.156µs| nomatch|[90;47m OPTIONS [0m /v1/token/validate
2019/12/27 12:02:50.356 [D] [server.go:2802]  |            ::1|[97;42m 200 [0m|     655.65µs|   match|[97;44m GET     [0m /v1/token/validate   r:/v1/token/validate
2019/12/27 12:02:59.735 [D] [server.go:2802]  |            ::1|[97;42m 200 [0m|     21.239µs| nomatch|[90;47m OPTIONS [0m /v1/token/validate
2019/12/27 12:02:59.739 [D] [server.go:2802]  |            ::1|[97;42m 200 [0m|     835.63µs|   match|[97;44m GET     [0m /v1/token/validate   r:/v1/token/validate
2019/12/27 12:03:19.060 [D] [server.go:2802]  |            ::1|[97;42m 200 [0m|     20.919µs| nomatch|[90;47m OPTIONS [0m /v1/token/validate
2019/12/27 12:03:19.064 [D] [server.go:2802]  |            ::1|[97;42m 200 [0m|    910.268µs|   match|[97;44m GET     [0m /v1/token/validate   r:/v1/token/validate
2019/12/27 12:03:34.137 [D] [server.go:2802]  |            ::1|[97;42m 200 [0m|      54.21µs| nomatch|[90;47m OPTIONS [0m /v1/token/validate
2019/12/27 12:03:34.142 [D] [server.go:2802]  |            ::1|[97;42m 200 [0m|   1.017358ms|   match|[97;44m GET     [0m /v1/token/validate   r:/v1/token/validate
2019/12/27 12:03:49.503 [D] [server.go:2802]  |            ::1|[97;42m 200 [0m|     15.229µs| nomatch|[90;47m OPTIONS [0m /v1/token/validate
2019/12/27 12:03:49.507 [D] [server.go:2802]  |            ::1|[97;42m 200 [0m|    923.409µs|   match|[97;44m GET     [0m /v1/token/validate   r:/v1/token/validate
2019/12/27 12:04:13.721 [D] [server.go:2802]  |            ::1|[97;42m 200 [0m|     18.234µs| nomatch|[90;47m OPTIONS [0m /v1/token/validate
2019/12/27 12:04:13.724 [D] [server.go:2802]  |            ::1|[97;42m 200 [0m|    683.454µs|   match|[97;44m GET     [0m /v1/token/validate   r:/v1/token/validate
2019/12/27 12:04:22.020 [D] [server.go:2802]  |            ::1|[97;42m 200 [0m|     23.253µs| nomatch|[90;47m OPTIONS [0m /v1/token/validate
2019/12/27 12:04:22.024 [D] [server.go:2802]  |            ::1|[97;42m 200 [0m|    682.262µs|   match|[97;44m GET     [0m /v1/token/validate   r:/v1/token/validate
2019/12/27 12:04:33.295 [D] [server.go:2802]  |            ::1|[97;42m 200 [0m|     32.687µs| nomatch|[90;47m OPTIONS [0m /v1/token/validate
2019/12/27 12:04:33.300 [D] [server.go:2802]  |            ::1|[97;42m 200 [0m|   1.534037ms|   match|[97;44m GET     [0m /v1/token/validate   r:/v1/token/validate
2019/12/27 12:04:45.164 [D] [server.go:2802]  |            ::1|[97;42m 200 [0m|     63.735µs| nomatch|[90;47m OPTIONS [0m /v1/token/validate
2019/12/27 12:04:45.168 [D] [server.go:2802]  |            ::1|[97;42m 200 [0m|    709.526µs|   match|[97;44m GET     [0m /v1/token/validate   r:/v1/token/validate
2019/12/27 12:05:03.585 [D] [server.go:2802]  |            ::1|[97;42m 200 [0m|     17.018µs| nomatch|[90;47m OPTIONS [0m /v1/token/validate
2019/12/27 12:05:03.591 [D] [server.go:2802]  |            ::1|[97;42m 200 [0m|    963.766µs|   match|[97;44m GET     [0m /v1/token/validate   r:/v1/token/validate
2019/12/27 13:11:08.688 [D] [server.go:2802]  |            ::1|[97;42m 200 [0m|     89.741µs| nomatch|[90;47m OPTIONS [0m /v1/token/validate
2019/12/27 13:11:08.693 [D] [server.go:2802]  |            ::1|[97;42m 200 [0m|   1.389956ms|   match|[97;44m GET     [0m /v1/token/validate   r:/v1/token/validate
2019/12/27 13:22:44.244 [D] [server.go:2802]  |            ::1|[97;42m 200 [0m|     62.675µs| nomatch|[90;47m OPTIONS [0m /v1/token/validate
2019/12/27 13:22:44.249 [D] [server.go:2802]  |            ::1|[97;42m 200 [0m|    993.284µs|   match|[97;44m GET     [0m /v1/token/validate   r:/v1/token/validate
2019/12/27 13:22:57.877 [D] [server.go:2802]  |            ::1|[97;42m 200 [0m|     76.266µs| nomatch|[90;47m OPTIONS [0m /v1/token/validate
2019/12/27 13:22:57.884 [D] [server.go:2802]  |            ::1|[97;42m 200 [0m|   1.102205ms|   match|[97;44m GET     [0m /v1/token/validate   r:/v1/token/validate
2019/12/27 13:38:32.411 [D] [server.go:2802]  |            ::1|[97;42m 200 [0m|     42.767µs| nomatch|[90;47m OPTIONS [0m /v1/token/validate
2019/12/27 13:38:32.417 [D] [server.go:2802]  |            ::1|[97;42m 200 [0m|   1.540202ms|   match|[97;44m GET     [0m /v1/token/validate   r:/v1/token/validate
2019/12/27 13:38:57.096 [D] [server.go:2802]  |            ::1|[97;42m 200 [0m|     45.973µs| nomatch|[90;47m OPTIONS [0m /v1/token/validate
2019/12/27 13:38:57.101 [D] [server.go:2802]  |            ::1|[97;42m 200 [0m|   1.122325ms|   match|[97;44m GET     [0m /v1/token/validate   r:/v1/token/validate
2019/12/27 13:40:18.688 [D] [server.go:2802]  |            ::1|[97;42m 200 [0m|     23.615µs| nomatch|[90;47m OPTIONS [0m /v1/token/validate
2019/12/27 13:40:18.693 [D] [server.go:2802]  |            ::1|[97;42m 200 [0m|     980.57µs|   match|[97;44m GET     [0m /v1/token/validate   r:/v1/token/validate
2019/12/27 13:41:06.307 [D] [server.go:2802]  |            ::1|[97;42m 200 [0m|     25.572µs| nomatch|[90;47m OPTIONS [0m /v1/token/validate
2019/12/27 13:41:06.313 [D] [server.go:2802]  |            ::1|[97;42m 200 [0m|   1.283659ms|   match|[97;44m GET     [0m /v1/token/validate   r:/v1/token/validate
2019/12/27 13:41:35.750 [D] [server.go:2802]  |            ::1|[97;42m 200 [0m|     48.316µs| nomatch|[90;47m OPTIONS [0m /v1/token/validate
2019/12/27 13:41:35.756 [D] [server.go:2802]  |            ::1|[97;42m 200 [0m|   1.057674ms|   match|[97;44m GET     [0m /v1/token/validate   r:/v1/token/validate
2019/12/27 13:45:39.289 [D] [server.go:2802]  |            ::1|[97;42m 200 [0m|     31.299µs| nomatch|[90;47m OPTIONS [0m /v1/token/validate
2019/12/27 13:45:39.295 [D] [server.go:2802]  |            ::1|[97;42m 200 [0m|   1.147368ms|   match|[97;44m GET     [0m /v1/token/validate   r:/v1/token/validate
2019/12/27 13:46:07.683 [D] [server.go:2802]  |            ::1|[97;42m 200 [0m|     44.039µs| nomatch|[90;47m OPTIONS [0m /v1/token/validate
2019/12/27 13:46:07.688 [D] [server.go:2802]  |            ::1|[97;42m 200 [0m|   1.272739ms|   match|[97;44m GET     [0m /v1/token/validate   r:/v1/token/validate
2019/12/27 13:46:19.940 [D] [server.go:2802]  |            ::1|[97;42m 200 [0m|     49.312µs| nomatch|[90;47m OPTIONS [0m /v1/token/validate
2019/12/27 13:46:19.946 [D] [server.go:2802]  |            ::1|[97;42m 200 [0m|   1.481381ms|   match|[97;44m GET     [0m /v1/token/validate   r:/v1/token/validate
2019/12/27 13:46:55.293 [D] [server.go:2802]  |            ::1|[97;42m 200 [0m|     50.296µs| nomatch|[90;47m OPTIONS [0m /v1/token/validate
2019/12/27 13:46:55.299 [D] [server.go:2802]  |            ::1|[97;42m 200 [0m|   1.475458ms|   match|[97;44m GET     [0m /v1/token/validate   r:/v1/token/validate
2019/12/27 13:47:24.184 [D] [server.go:2802]  |            ::1|[97;42m 200 [0m|     23.242µs| nomatch|[90;47m OPTIONS [0m /v1/token/validate
2019/12/27 13:47:24.190 [D] [server.go:2802]  |            ::1|[97;42m 200 [0m|   1.205902ms|   match|[97;44m GET     [0m /v1/token/validate   r:/v1/token/validate
2019/12/27 13:51:23.665 [D] [server.go:2802]  |            ::1|[97;42m 200 [0m|     59.222µs| nomatch|[90;47m OPTIONS [0m /v1/token/validate
2019/12/27 13:51:23.670 [D] [server.go:2802]  |            ::1|[97;42m 200 [0m|   1.074214ms|   match|[97;44m GET     [0m /v1/token/validate   r:/v1/token/validate
2019/12/27 13:51:35.554 [D] [server.go:2802]  |            ::1|[97;42m 200 [0m|    313.795µs| nomatch|[90;47m OPTIONS [0m /v1/token/validate
2019/12/27 13:51:35.560 [D] [server.go:2802]  |            ::1|[97;42m 200 [0m|   1.181197ms|   match|[97;44m GET     [0m /v1/token/validate   r:/v1/token/validate
2019/12/27 13:54:52.754 [D] [server.go:2802]  |            ::1|[97;42m 200 [0m|     79.855µs| nomatch|[90;47m OPTIONS [0m /v1/token/validate
2019/12/27 13:54:52.761 [D] [server.go:2802]  |            ::1|[97;42m 200 [0m|   1.456332ms|   match|[97;44m GET     [0m /v1/token/validate   r:/v1/token/validate
2019/12/27 13:55:27.093 [D] [server.go:2802]  |            ::1|[97;42m 200 [0m|     51.326µs| nomatch|[90;47m OPTIONS [0m /v1/token/validate
2019/12/27 13:55:27.098 [D] [server.go:2802]  |            ::1|[97;42m 200 [0m|   1.000611ms|   match|[97;44m GET     [0m /v1/token/validate   r:/v1/token/validate
2019/12/27 14:10:42.512 [D] [server.go:2802]  |            ::1|[97;42m 200 [0m|     42.053µs| nomatch|[90;47m OPTIONS [0m /v1/token/validate
2019/12/27 14:10:42.515 [D] [server.go:2802]  |            ::1|[97;42m 200 [0m|     662.97µs|   match|[97;44m GET     [0m /v1/token/validate   r:/v1/token/validate
2019/12/27 14:11:19.251 [D] [server.go:2802]  |            ::1|[97;42m 200 [0m|     43.925µs| nomatch|[90;47m OPTIONS [0m /v1/token/validate
2019/12/27 14:11:19.258 [D] [server.go:2802]  |            ::1|[97;42m 200 [0m|   1.043645ms|   match|[97;44m GET     [0m /v1/token/validate   r:/v1/token/validate
2019/12/27 14:13:10.495 [D] [server.go:2802]  |            ::1|[97;42m 200 [0m|     21.519µs| nomatch|[90;47m OPTIONS [0m /v1/token/validate
2019/12/27 14:13:10.498 [D] [server.go:2802]  |            ::1|[97;42m 200 [0m|     702.15µs|   match|[97;44m GET     [0m /v1/token/validate   r:/v1/token/validate
2019/12/27 14:14:01.707 [D] [server.go:2802]  |            ::1|[97;42m 200 [0m|     24.482µs| nomatch|[90;47m OPTIONS [0m /v1/token/validate
2019/12/27 14:14:01.711 [D] [server.go:2802]  |            ::1|[97;42m 200 [0m|    779.836µs|   match|[97;44m GET     [0m /v1/token/validate   r:/v1/token/validate
2019/12/27 14:20:10.720 [D] [server.go:2802]  |            ::1|[97;42m 200 [0m|     68.114µs| nomatch|[90;47m OPTIONS [0m /v1/token/validate
2019/12/27 14:20:10.760 [D] [server.go:2802]  |            ::1|[97;42m 200 [0m|    691.207µs|   match|[97;44m GET     [0m /v1/token/validate   r:/v1/token/validate
2019/12/27 14:21:04.618 [D] [server.go:2802]  |            ::1|[97;42m 200 [0m|     42.795µs| nomatch|[90;47m OPTIONS [0m /v1/token/validate
2019/12/27 14:21:04.621 [D] [server.go:2802]  |            ::1|[97;42m 200 [0m|     786.34µs|   match|[97;44m GET     [0m /v1/token/validate   r:/v1/token/validate
2019/12/27 14:21:12.326 [D] [server.go:2802]  |            ::1|[97;42m 200 [0m|     18.896µs| nomatch|[90;47m OPTIONS [0m /v1/token/validate
2019/12/27 14:21:12.328 [D] [server.go:2802]  |            ::1|[97;42m 200 [0m|     637.38µs|   match|[97;44m GET     [0m /v1/token/validate   r:/v1/token/validate
2019/12/27 14:21:19.229 [D] [server.go:2802]  |            ::1|[97;42m 200 [0m|     25.128µs| nomatch|[90;47m OPTIONS [0m /v1/token/validate
2019/12/27 14:21:19.234 [D] [server.go:2802]  |            ::1|[97;42m 200 [0m|   1.136808ms|   match|[97;44m GET     [0m /v1/token/validate   r:/v1/token/validate
2019/12/27 14:21:46.309 [D] [server.go:2802]  |            ::1|[97;42m 200 [0m|     70.811µs| nomatch|[90;47m OPTIONS [0m /v1/token/validate
2019/12/27 14:21:46.312 [D] [server.go:2802]  |            ::1|[97;42m 200 [0m|    752.154µs|   match|[97;44m GET     [0m /v1/token/validate   r:/v1/token/validate
2019/12/27 14:21:57.829 [D] [server.go:2802]  |            ::1|[97;42m 200 [0m|     26.785µs| nomatch|[90;47m OPTIONS [0m /v1/token/validate
2019/12/27 14:21:57.833 [D] [server.go:2802]  |            ::1|[97;42m 200 [0m|    757.003µs|   match|[97;44m GET     [0m /v1/token/validate   r:/v1/token/validate
2019/12/27 14:22:36.290 [D] [server.go:2802]  |            ::1|[97;42m 200 [0m|    265.109µs| nomatch|[90;47m OPTIONS [0m /v1/token/validate
2019/12/27 14:22:36.295 [D] [server.go:2802]  |            ::1|[97;42m 200 [0m|   1.131405ms|   match|[97;44m GET     [0m /v1/token/validate   r:/v1/token/validate
2019/12/27 14:22:53.100 [D] [server.go:2802]  |            ::1|[97;42m 200 [0m|      22.67µs| nomatch|[90;47m OPTIONS [0m /v1/token/validate
2019/12/27 14:22:53.103 [D] [server.go:2802]  |            ::1|[97;42m 200 [0m|    746.764µs|   match|[97;44m GET     [0m /v1/token/validate   r:/v1/token/validate
2019/12/27 14:23:02.675 [D] [server.go:2802]  |            ::1|[97;42m 200 [0m|     16.061µs| nomatch|[90;47m OPTIONS [0m /v1/token/validate
2019/12/27 14:23:02.678 [D] [server.go:2802]  |            ::1|[97;42m 200 [0m|    705.862µs|   match|[97;44m GET     [0m /v1/token/validate   r:/v1/token/validate
2019/12/27 14:23:15.658 [D] [server.go:2802]  |            ::1|[97;42m 200 [0m|     28.755µs| nomatch|[90;47m OPTIONS [0m /v1/token/validate
2019/12/27 14:23:15.661 [D] [server.go:2802]  |            ::1|[97;42m 200 [0m|    534.965µs|   match|[97;44m GET     [0m /v1/token/validate   r:/v1/token/validate
2019/12/27 14:23:37.378 [D] [server.go:2802]  |            ::1|[97;42m 200 [0m|     19.235µs| nomatch|[90;47m OPTIONS [0m /v1/token/validate
2019/12/27 14:23:37.381 [D] [server.go:2802]  |            ::1|[97;42m 200 [0m|      661.4µs|   match|[97;44m GET     [0m /v1/token/validate   r:/v1/token/validate
2019/12/27 14:23:49.092 [D] [server.go:2802]  |            ::1|[97;42m 200 [0m|     20.568µs| nomatch|[90;47m OPTIONS [0m /v1/token/validate
2019/12/27 14:23:49.097 [D] [server.go:2802]  |            ::1|[97;42m 200 [0m|    712.615µs|   match|[97;44m GET     [0m /v1/token/validate   r:/v1/token/validate
2019/12/27 14:23:57.339 [D] [server.go:2802]  |            ::1|[97;42m 200 [0m|     16.435µs| nomatch|[90;47m OPTIONS [0m /v1/token/validate
2019/12/27 14:23:57.342 [D] [server.go:2802]  |            ::1|[97;42m 200 [0m|    629.033µs|   match|[97;44m GET     [0m /v1/token/validate   r:/v1/token/validate
2019/12/27 14:24:12.470 [D] [server.go:2802]  |            ::1|[97;42m 200 [0m|      15.27µs| nomatch|[90;47m OPTIONS [0m /v1/token/validate
2019/12/27 14:24:12.473 [D] [server.go:2802]  |            ::1|[97;42m 200 [0m|     600.26µs|   match|[97;44m GET     [0m /v1/token/validate   r:/v1/token/validate
2019/12/27 14:24:18.740 [D] [server.go:2802]  |            ::1|[97;42m 200 [0m|     23.398µs| nomatch|[90;47m OPTIONS [0m /v1/token/validate
2019/12/27 14:24:18.745 [D] [server.go:2802]  |            ::1|[97;42m 200 [0m|    796.436µs|   match|[97;44m GET     [0m /v1/token/validate   r:/v1/token/validate
2019/12/27 14:27:45.302 [D] [server.go:2802]  |            ::1|[97;42m 200 [0m|     38.371µs| nomatch|[90;47m OPTIONS [0m /v1/token/validate
2019/12/27 14:27:45.305 [D] [server.go:2802]  |            ::1|[97;42m 200 [0m|    768.417µs|   match|[97;44m GET     [0m /v1/token/validate   r:/v1/token/validate
2019/12/27 14:28:21.885 [D] [server.go:2802]  |            ::1|[97;42m 200 [0m|     22.038µs| nomatch|[90;47m OPTIONS [0m /v1/token/validate
2019/12/27 14:28:21.889 [D] [server.go:2802]  |            ::1|[97;42m 200 [0m|    734.652µs|   match|[97;44m GET     [0m /v1/token/validate   r:/v1/token/validate
2019/12/27 14:28:36.680 [D] [server.go:2802]  |            ::1|[97;42m 200 [0m|     16.478µs| nomatch|[90;47m OPTIONS [0m /v1/token/validate
2019/12/27 14:28:36.683 [D] [server.go:2802]  |            ::1|[97;42m 200 [0m|     620.93µs|   match|[97;44m GET     [0m /v1/token/validate   r:/v1/token/validate
2019/12/27 14:28:48.945 [D] [server.go:2802]  |            ::1|[97;42m 200 [0m|     15.713µs| nomatch|[90;47m OPTIONS [0m /v1/token/validate
2019/12/27 14:28:48.949 [D] [server.go:2802]  |            ::1|[97;42m 200 [0m|    700.852µs|   match|[97;44m GET     [0m /v1/token/validate   r:/v1/token/validate
2019/12/27 14:28:54.086 [D] [server.go:2802]  |            ::1|[97;42m 200 [0m|     23.248µs| nomatch|[90;47m OPTIONS [0m /v1/token/validate
2019/12/27 14:28:54.090 [D] [server.go:2802]  |            ::1|[97;42m 200 [0m|    577.365µs|   match|[97;44m GET     [0m /v1/token/validate   r:/v1/token/validate
2019/12/27 14:29:00.427 [D] [server.go:2802]  |            ::1|[97;42m 200 [0m|     15.912µs| nomatch|[90;47m OPTIONS [0m /v1/token/validate
2019/12/27 14:29:00.430 [D] [server.go:2802]  |            ::1|[97;42m 200 [0m|    696.967µs|   match|[97;44m GET     [0m /v1/token/validate   r:/v1/token/validate
2019/12/27 14:29:25.849 [D] [server.go:2802]  |            ::1|[97;42m 200 [0m|    266.056µs| nomatch|[90;47m OPTIONS [0m /v1/token/validate
2019/12/27 14:29:25.852 [D] [server.go:2802]  |            ::1|[97;42m 200 [0m|    702.681µs|   match|[97;44m GET     [0m /v1/token/validate   r:/v1/token/validate
2019/12/27 14:29:41.606 [D] [server.go:2802]  |            ::1|[97;42m 200 [0m|     39.732µs| nomatch|[90;47m OPTIONS [0m /v1/token/validate
2019/12/27 14:29:41.611 [D] [server.go:2802]  |            ::1|[97;42m 200 [0m|   1.566645ms|   match|[97;44m GET     [0m /v1/token/validate   r:/v1/token/validate
2019/12/27 14:32:36.945 [D] [server.go:2802]  |            ::1|[97;42m 200 [0m|     18.582µs| nomatch|[90;47m OPTIONS [0m /v1/token/validate
2019/12/27 14:32:36.948 [D] [server.go:2802]  |            ::1|[97;42m 200 [0m|    673.508µs|   match|[97;44m GET     [0m /v1/token/validate   r:/v1/token/validate
2019/12/27 14:32:48.890 [D] [server.go:2802]  |            ::1|[97;42m 200 [0m|     30.235µs| nomatch|[90;47m OPTIONS [0m /v1/token/validate
2019/12/27 14:32:48.895 [D] [server.go:2802]  |            ::1|[97;42m 200 [0m|   1.220613ms|   match|[97;44m GET     [0m /v1/token/validate   r:/v1/token/validate
2019/12/27 14:32:50.304 [D] [server.go:2802]  |            ::1|[97;42m 200 [0m|    930.969µs|   match|[97;44m GET     [0m /v1/token/validate   r:/v1/token/validate
2019/12/27 14:33:09.775 [D] [server.go:2802]  |            ::1|[97;42m 200 [0m|     17.545µs| nomatch|[90;47m OPTIONS [0m /v1/token/validate
2019/12/27 14:33:09.778 [D] [server.go:2802]  |            ::1|[97;42m 200 [0m|     948.04µs|   match|[97;44m GET     [0m /v1/token/validate   r:/v1/token/validate
2019/12/27 14:33:45.282 [D] [server.go:2802]  |            ::1|[97;42m 200 [0m|    225.538µs| nomatch|[90;47m OPTIONS [0m /v1/token/validate
2019/12/27 14:33:45.285 [D] [server.go:2802]  |            ::1|[97;42m 200 [0m|    711.024µs|   match|[97;44m GET     [0m /v1/token/validate   r:/v1/token/validate
2019/12/27 14:33:49.692 [D] [server.go:2802]  |            ::1|[97;42m 200 [0m|    964.603µs|   match|[97;44m GET     [0m /v1/token/validate   r:/v1/token/validate
2019/12/27 18:26:32.585 [D] [server.go:2802]  |            ::1|[97;42m 200 [0m|     84.391µs| nomatch|[90;47m OPTIONS [0m /v1/token/validate
2019/12/27 18:26:32.590 [D] [server.go:2802]  |            ::1|[97;42m 200 [0m|   1.093692ms|   match|[97;44m GET     [0m /v1/token/validate   r:/v1/token/validate
2019/12/27 18:27:07.376 [D] [server.go:2802]  |            ::1|[97;42m 200 [0m|     62.767µs| nomatch|[90;47m OPTIONS [0m /v1/token/validate
2019/12/27 18:27:07.381 [D] [server.go:2802]  |            ::1|[97;42m 200 [0m|    999.821µs|   match|[97;44m GET     [0m /v1/token/validate   r:/v1/token/validate
2019/12/27 18:28:03.475 [D] [server.go:2802]  |            ::1|[97;42m 200 [0m|     55.283µs| nomatch|[90;47m OPTIONS [0m /v1/token/validate
2019/12/27 18:28:03.480 [D] [server.go:2802]  |            ::1|[97;42m 200 [0m|   1.016905ms|   match|[97;44m GET     [0m /v1/token/validate   r:/v1/token/validate
2019/12/27 18:28:40.694 [D] [server.go:2802]  |            ::1|[97;42m 200 [0m|     56.059µs| nomatch|[90;47m OPTIONS [0m /v1/token/validate
2019/12/27 18:28:40.699 [D] [server.go:2802]  |            ::1|[97;42m 200 [0m|   1.211614ms|   match|[97;44m GET     [0m /v1/token/validate   r:/v1/token/validate
2019/12/27 18:29:13.204 [D] [server.go:2802]  |            ::1|[97;42m 200 [0m|     96.353µs| nomatch|[90;47m OPTIONS [0m /v1/token/validate
2019/12/27 18:29:13.211 [D] [server.go:2802]  |            ::1|[97;42m 200 [0m|   1.390821ms|   match|[97;44m GET     [0m /v1/token/validate   r:/v1/token/validate
2019/12/27 18:29:45.129 [D] [server.go:2802]  |            ::1|[97;42m 200 [0m|      45.77µs| nomatch|[90;47m OPTIONS [0m /v1/token/validate
2019/12/27 18:29:45.136 [D] [server.go:2802]  |            ::1|[97;42m 200 [0m|   1.394105ms|   match|[97;44m GET     [0m /v1/token/validate   r:/v1/token/validate
2019/12/27 18:31:20.769 [D] [server.go:2802]  |            ::1|[97;42m 200 [0m|      22.47µs| nomatch|[90;47m OPTIONS [0m /v1/token/validate
2019/12/27 18:31:20.775 [D] [server.go:2802]  |            ::1|[97;42m 200 [0m|   1.141436ms|   match|[97;44m GET     [0m /v1/token/validate   r:/v1/token/validate
2019/12/27 18:32:13.013 [D] [server.go:2802]  |            ::1|[97;42m 200 [0m|     32.138µs| nomatch|[90;47m OPTIONS [0m /v1/token/validate
2019/12/27 18:32:13.019 [D] [server.go:2802]  |            ::1|[97;42m 200 [0m|    1.27094ms|   match|[97;44m GET     [0m /v1/token/validate   r:/v1/token/validate
2019/12/27 18:32:47.074 [D] [server.go:2802]  |            ::1|[97;42m 200 [0m|     54.957µs| nomatch|[90;47m OPTIONS [0m /v1/token/validate
2019/12/27 18:32:47.079 [D] [server.go:2802]  |            ::1|[97;42m 200 [0m|   1.054716ms|   match|[97;44m GET     [0m /v1/token/validate   r:/v1/token/validate
2019/12/27 18:33:08.938 [D] [server.go:2802]  |            ::1|[97;42m 200 [0m|     61.823µs| nomatch|[90;47m OPTIONS [0m /v1/token/validate
2019/12/27 18:33:08.944 [D] [server.go:2802]  |            ::1|[97;42m 200 [0m|   2.149002ms|   match|[97;44m GET     [0m /v1/token/validate   r:/v1/token/validate
2019/12/27 18:33:09.710 [D] [server.go:2802]  |            ::1|[97;42m 200 [0m|   1.166201ms|   match|[97;44m GET     [0m /v1/token/validate   r:/v1/token/validate
2019/12/27 18:33:10.284 [D] [server.go:2802]  |            ::1|[97;42m 200 [0m|   1.200986ms|   match|[97;44m GET     [0m /v1/token/validate   r:/v1/token/validate
2019/12/27 18:33:30.314 [D] [server.go:2802]  |            ::1|[97;42m 200 [0m| 1.524049323s|   match|[97;46m POST    [0m /v1/user/login   r:/v1/user/login
2019/12/27 18:33:38.643 [D] [server.go:2802]  |            ::1|[97;42m 200 [0m| 3.111232315s|   match|[97;46m POST    [0m /v1/user/login   r:/v1/user/login
2019/12/27 18:33:38.842 [D] [server.go:2802]  |            ::1|[97;42m 200 [0m|     51.217µs| nomatch|[90;47m OPTIONS [0m /v1/token/validate
2019/12/27 18:33:38.848 [D] [server.go:2802]  |            ::1|[97;42m 200 [0m|   1.340974ms|   match|[97;44m GET     [0m /v1/token/validate   r:/v1/token/validate
2019/12/27 18:33:41.320 [D] [server.go:2802]  |            ::1|[97;42m 200 [0m|   1.054876ms|   match|[97;44m GET     [0m /v1/token/validate   r:/v1/token/validate
2019/12/27 18:34:36.797 [D] [server.go:2802]  |            ::1|[97;42m 200 [0m|     26.532µs| nomatch|[90;47m OPTIONS [0m /v1/token/validate
2019/12/27 18:34:36.802 [D] [server.go:2802]  |            ::1|[97;42m 200 [0m|   1.118365ms|   match|[97;44m GET     [0m /v1/token/validate   r:/v1/token/validate
2019/12/27 18:34:47.310 [D] [server.go:2802]  |            ::1|[97;42m 200 [0m|     28.459µs| nomatch|[90;47m OPTIONS [0m /v1/token/validate
2019/12/27 18:34:47.314 [D] [server.go:2802]  |            ::1|[97;42m 200 [0m|    897.959µs|   match|[97;44m GET     [0m /v1/token/validate   r:/v1/token/validate
2019/12/27 18:39:05.257 [D] [server.go:2802]  |            ::1|[97;42m 200 [0m|     31.379µs| nomatch|[90;47m OPTIONS [0m /v1/token/validate
2019/12/27 18:39:05.262 [D] [server.go:2802]  |            ::1|[97;42m 200 [0m|   1.013688ms|   match|[97;44m GET     [0m /v1/token/validate   r:/v1/token/validate
2019/12/27 18:41:03.025 [D] [server.go:2802]  |            ::1|[97;42m 200 [0m|     41.073µs| nomatch|[90;47m OPTIONS [0m /v1/token/validate
2019/12/27 18:41:03.029 [D] [server.go:2802]  |            ::1|[97;42m 200 [0m|    899.221µs|   match|[97;44m GET     [0m /v1/token/validate   r:/v1/token/validate
2019/12/27 18:42:04.475 [D] [server.go:2802]  |            ::1|[97;42m 200 [0m|     22.638µs| nomatch|[90;47m OPTIONS [0m /v1/token/validate
2019/12/27 18:42:04.478 [D] [server.go:2802]  |            ::1|[97;42m 200 [0m|    885.494µs|   match|[97;44m GET     [0m /v1/token/validate   r:/v1/token/validate
2019/12/27 18:47:58.930 [D] [server.go:2802]  |            ::1|[97;42m 200 [0m|     41.047µs| nomatch|[90;47m OPTIONS [0m /v1/token/validate
2019/12/27 18:47:58.933 [D] [server.go:2802]  |            ::1|[97;42m 200 [0m|    908.745µs|   match|[97;44m GET     [0m /v1/token/validate   r:/v1/token/validate
2019/12/27 18:48:37.850 [D] [server.go:2802]  |            ::1|[97;42m 200 [0m|     16.059µs| nomatch|[90;47m OPTIONS [0m /v1/token/validate
2019/12/27 18:48:37.854 [D] [server.go:2802]  |            ::1|[97;42m 200 [0m|    730.637µs|   match|[97;44m GET     [0m /v1/token/validate   r:/v1/token/validate
2019/12/27 18:50:04.904 [D] [server.go:2802]  |            ::1|[97;42m 200 [0m|     20.547µs| nomatch|[90;47m OPTIONS [0m /v1/token/validate
2019/12/27 18:50:04.907 [D] [server.go:2802]  |            ::1|[97;42m 200 [0m|    732.362µs|   match|[97;44m GET     [0m /v1/token/validate   r:/v1/token/validate
2019/12/27 18:51:14.680 [D] [server.go:2802]  |            ::1|[97;42m 200 [0m|     37.753µs| nomatch|[90;47m OPTIONS [0m /v1/token/validate
2019/12/27 18:51:14.683 [D] [server.go:2802]  |            ::1|[97;42m 200 [0m|    774.186µs|   match|[97;44m GET     [0m /v1/token/validate   r:/v1/token/validate
